Log file open, 08/19/23 21:00:40
LogWindows: Failed to load 'aqProf.dll' (GetLastError=126)
LogWindows: File 'aqProf.dll' does not exist
LogWindows: Failed to load 'VtuneApi.dll' (GetLastError=126)
LogWindows: File 'VtuneApi.dll' does not exist
LogWindows: Failed to load 'VtuneApi32e.dll' (GetLastError=126)
LogWindows: File 'VtuneApi32e.dll' does not exist
LogConsoleResponse: Display: Failed to find resolution value strings in scalability ini. Falling back to default.
LogConsoleResponse: Display: Failed to find resolution value strings in scalability ini. Falling back to default.
LogInit: Display: Running engine for game: DungeonGeneration
LogPlatformFile: Not using cached read wrapper
LogTaskGraph: Started task graph with 5 named threads and 47 total threads with 3 sets of task threads.
LogStats: Stats thread started at 0.337280
LogICUInternationalization: ICU TimeZone Detection - Raw Offset: +1:00, Platform Override: ''
LogInit: Display: Loading text-based GConfig....
LogPluginManager: Mounting plugin MeshPainting
LogPluginManager: Mounting plugin XGEController
LogPluginManager: Mounting plugin Paper2D
LogPluginManager: Mounting plugin LightPropagationVolume
LogPluginManager: Mounting plugin AISupport
LogPluginManager: Mounting plugin GameplayCameras
LogPluginManager: Mounting plugin OodleData
LogPluginManager: Mounting plugin EnvironmentQueryEditor
LogPluginManager: Mounting plugin OodleNetwork
LogPluginManager: Mounting plugin CameraShakePreviewer
LogPluginManager: Mounting plugin CLionSourceCodeAccess
LogPluginManager: Mounting plugin GitSourceControl
LogPluginManager: Mounting plugin AnimationSharing
LogPluginManager: Mounting plugin NullSourceCodeAccess
LogPluginManager: Mounting plugin PerforceSourceControl
LogPluginManager: Mounting plugin PlasticSourceControl
LogPluginManager: Mounting plugin PixWinPlugin
LogPluginManager: Mounting plugin RiderSourceCodeAccess
LogPluginManager: Mounting plugin TextureFormatOodle
LogPluginManager: Mounting plugin SubversionSourceControl
LogPluginManager: Mounting plugin UObjectPlugin
LogPluginManager: Mounting plugin VisualStudioSourceCodeAccess
LogPluginManager: Mounting plugin XCodeSourceCodeAccess
LogPluginManager: Mounting plugin KDevelopSourceCodeAccess
LogPluginManager: Mounting plugin CodeLiteSourceCodeAccess
LogPluginManager: Mounting plugin PluginUtils
LogPluginManager: Mounting plugin AssetManagerEditor
LogPluginManager: Mounting plugin PropertyAccessNode
LogPluginManager: Mounting plugin VisualStudioCodeSourceCodeAccess
LogPluginManager: Mounting plugin CurveEditorTools
LogPluginManager: Mounting plugin FacialAnimation
LogPluginManager: Mounting plugin GameplayTagsEditor
LogPluginManager: Mounting plugin GeometryMode
LogPluginManager: Mounting plugin MacGraphicsSwitching
LogPluginManager: Mounting plugin DataValidation
LogPluginManager: Mounting plugin PluginBrowser
LogPluginManager: Mounting plugin MobileLauncherProfileWizard
LogPluginManager: Mounting plugin CryptoKeys
LogPluginManager: Mounting plugin MaterialAnalyzer
LogPluginManager: Mounting plugin SpeedTreeImporter
LogPluginManager: Mounting plugin DatasmithContent
LogPluginManager: Mounting plugin VariantManagerContent
LogPluginManager: Mounting plugin Niagara
LogPluginManager: Mounting plugin AlembicImporter
LogPluginManager: Mounting plugin AutomationUtils
LogPluginManager: Mounting plugin BackChannel
LogPluginManager: Mounting plugin ChaosSolverPlugin
LogPluginManager: Mounting plugin CharacterAI
LogPluginManager: Mounting plugin ChaosCloth
LogPluginManager: Mounting plugin ChaosClothEditor
LogPluginManager: Mounting plugin ChaosEditor
LogPluginManager: Mounting plugin ChaosNiagara
LogPluginManager: Mounting plugin MagicLeapMedia
LogPluginManager: Mounting plugin MagicLeapPassableWorld
LogPluginManager: Mounting plugin MagicLeapLightEstimation
LogPluginManager: Mounting plugin MagicLeap
LogPluginManager: Mounting plugin AvfMedia
LogPluginManager: Mounting plugin LuminPlatformFeatures
LogPluginManager: Mounting plugin MLSDK
LogPluginManager: Mounting plugin AndroidMedia
LogPluginManager: Mounting plugin GeometryProcessing
LogPluginManager: Mounting plugin GeometryCollectionPlugin
LogPluginManager: Mounting plugin WebMMedia
LogPluginManager: Mounting plugin WmfMedia
LogPluginManager: Mounting plugin GeometryCache
LogPluginManager: Mounting plugin MotoSynth
LogPluginManager: Mounting plugin OpenImageDenoise
LogPluginManager: Mounting plugin PlatformCrypto
LogPluginManager: Mounting plugin PlanarCut
LogPluginManager: Mounting plugin ProxyLODPlugin
LogPluginManager: Mounting plugin PythonScriptPlugin
LogPluginManager: Mounting plugin ImgMedia
LogPluginManager: Mounting plugin UdpMessaging
LogPluginManager: Mounting plugin SkeletalReduction
LogPluginManager: Mounting plugin MediaPlayerEditor
LogPluginManager: Mounting plugin TcpMessaging
LogPluginManager: Mounting plugin ActorSequence
LogPluginManager: Mounting plugin LevelSequenceEditor
LogPluginManager: Mounting plugin MatineeToLevelSequence
LogPluginManager: Mounting plugin TemplateSequence
LogPluginManager: Mounting plugin OnlineSubsystemNull
LogPluginManager: Mounting plugin OnlineSubsystem
LogPluginManager: Mounting plugin OnlineSubsystemUtils
LogPluginManager: Mounting plugin ActorLayerUtilities
LogPluginManager: Mounting plugin LauncherChunkInstaller
LogPluginManager: Mounting plugin AndroidDeviceProfileSelector
LogPluginManager: Mounting plugin AndroidMoviePlayer
LogPluginManager: Mounting plugin AndroidPermission
LogPluginManager: Mounting plugin MediaCompositing
LogPluginManager: Mounting plugin ScreenshotTools
LogPluginManager: Mounting plugin AppleImageUtils
LogPluginManager: Mounting plugin AppleMoviePlayer
LogPluginManager: Mounting plugin ArchVisCharacter
LogPluginManager: Mounting plugin AudioCapture
LogPluginManager: Mounting plugin AssetTags
LogPluginManager: Mounting plugin CableComponent
LogPluginManager: Mounting plugin ChunkDownloader
LogPluginManager: Mounting plugin AudioSynesthesia
LogPluginManager: Mounting plugin EditableMesh
LogPluginManager: Mounting plugin ExampleDeviceProfileSelector
LogPluginManager: Mounting plugin CustomMeshComponent
LogPluginManager: Mounting plugin GoogleCloudMessaging
LogPluginManager: Mounting plugin GooglePAD
LogPluginManager: Mounting plugin Takes
LogPluginManager: Mounting plugin LinuxDeviceProfileSelector
LogPluginManager: Mounting plugin IOSDeviceProfileSelector
LogPluginManager: Mounting plugin MobilePatchingUtils
LogPluginManager: Mounting plugin OpenXREyeTracker
LogPluginManager: Mounting plugin OpenXR
LogPluginManager: Mounting plugin OpenXRHandTracking
LogPluginManager: Mounting plugin PostSplashScreen
LogPluginManager: Mounting plugin ProceduralMeshComponent
LogPluginManager: Mounting plugin PropertyAccessEditor
LogPluginManager: Mounting plugin LocationServicesBPLibrary
LogPluginManager: Mounting plugin SignificanceManager
LogPluginManager: Mounting plugin SoundFields
LogPluginManager: Mounting plugin RuntimePhysXCooking
LogPluginManager: Mounting plugin Synthesis
LogPluginManager: Mounting plugin WebMMoviePlayer
LogPluginManager: Mounting plugin WindowsMoviePlayer
LogPluginManager: Mounting plugin LiveLink
LogPluginManager: Mounting plugin PhysXVehicles
LogPluginManager: Mounting plugin ContentBrowserAssetDataSource
LogPluginManager: Mounting plugin ContentBrowserClassDataSource
LogPluginManager: Mounting plugin ContentBrowserFileDataSource
LogPluginManager: Mounting plugin OnlineSubsystemIOS
LogPluginManager: Mounting plugin OnlineSubsystemGooglePlay
LogPluginManager: Mounting plugin OculusVR
LogPluginManager: Mounting plugin SteamVR
PixWinPlugin: PIX capture plugin failed to initialize! Check that the process is launched from PIX.
LogInit: Using libcurl 7.55.1-DEV
LogInit:  - built for x86_64-pc-win32
LogInit:  - supports SSL with OpenSSL/1.1.1
LogInit:  - supports HTTP deflate (compression) using libz 1.2.8
LogInit:  - other features:
LogInit:      CURL_VERSION_SSL
LogInit:      CURL_VERSION_LIBZ
LogInit:      CURL_VERSION_IPV6
LogInit:      CURL_VERSION_ASYNCHDNS
LogInit:      CURL_VERSION_LARGEFILE
LogInit:      CURL_VERSION_IDN
LogInit:  CurlRequestOptions (configurable via config and command line):
LogInit:  - bVerifyPeer = true  - Libcurl will verify peer certificate
LogInit:  - bUseHttpProxy = false  - Libcurl will NOT use HTTP proxy
LogInit:  - bDontReuseConnections = false  - Libcurl will reuse connections
LogInit:  - MaxHostConnections = 16  - Libcurl will limit the number of connections to a host
LogInit:  - LocalHostAddr = Default
LogInit:  - BufferSize = 65536
LogOnline: OSS: Creating online subsystem instance for: NULL
LogInit: WinSock: version 1.1 (2.2), MaxSocks=32767, MaxUdp=65467
LogOnline: OSS: TryLoadSubsystemAndSetDefault: Loaded subsystem for module [NULL]
LogInit: Build: ++UE4+Release-4.27-CL-18319896
LogInit: Engine Version: 4.27.2-18319896+++UE4+Release-4.27
LogInit: Compatible Engine Version: 4.27.0-17155196+++UE4+Release-4.27
LogInit: Net CL: 17155196
LogInit: OS: Windows 10 (Release 2009) (), CPU: AMD Ryzen 7 5800H with Radeon Graphics         , GPU: AMD Radeon(TM) Graphics
LogInit: Compiled (64-bit): Nov 30 2021 07:12:08
LogInit: Compiled with Visual C++: 19.24.28315.00
LogInit: Build Configuration: Development
LogInit: Branch Name: ++UE4+Release-4.27
LogInit: Command Line:  C:\Users\diogo\Documents\GitHub\Research-Project-Dungeon-generation-UE4\DungeonGeneration\DungeonGeneration.uproject -run=VisualStudioTools -unattended -noshadercompile -noaudio -nullrhi -nocpuprofilertrace -nocrashreports -nosplash -output C:\Users\diogo\AppData\Local\Temp\tmp2CE.tmp
LogInit: Base Directory: C:/Program Files/Epic Games/UE_4.27/Engine/Binaries/Win64/
LogInit: Allocator: TBB
LogInit: Installed Engine Build: 1
LogDevObjectVersion: Number of dev versions registered: 29
LogDevObjectVersion:   Dev-Blueprints (B0D832E4-1F89-4F0D-ACCF-7EB736FD4AA2): 10
LogDevObjectVersion:   Dev-Build (E1C64328-A22C-4D53-A36C-8E866417BD8C): 0
LogDevObjectVersion:   Dev-Core (375EC13C-06E4-48FB-B500-84F0262A717E): 4
LogDevObjectVersion:   Dev-Editor (E4B068ED-F494-42E9-A231-DA0B2E46BB41): 40
LogDevObjectVersion:   Dev-Framework (CFFC743F-43B0-4480-9391-14DF171D2073): 37
LogDevObjectVersion:   Dev-Mobile (B02B49B5-BB20-44E9-A304-32B752E40360): 3
LogDevObjectVersion:   Dev-Networking (A4E4105C-59A1-49B5-A7C5-40C4547EDFEE): 0
LogDevObjectVersion:   Dev-Online (39C831C9-5AE6-47DC-9A44-9C173E1C8E7C): 0
LogDevObjectVersion:   Dev-Physics (78F01B33-EBEA-4F98-B9B4-84EACCB95AA2): 14
LogDevObjectVersion:   Dev-Platform (6631380F-2D4D-43E0-8009-CF276956A95A): 0
LogDevObjectVersion:   Dev-Rendering (12F88B9F-8875-4AFC-A67C-D90C383ABD29): 45
LogDevObjectVersion:   Dev-Sequencer (7B5AE74C-D270-4C10-A958-57980B212A5A): 13
LogDevObjectVersion:   Dev-VR (D7296918-1DD6-4BDD-9DE2-64A83CC13884): 3
LogDevObjectVersion:   Dev-LoadTimes (C2A15278-BFE7-4AFE-6C17-90FF531DF755): 1
LogDevObjectVersion:   Private-Geometry (6EACA3D4-40EC-4CC1-B786-8BED09428FC5): 3
LogDevObjectVersion:   Dev-AnimPhys (29E575DD-E0A3-4627-9D10-D276232CDCEA): 17
LogDevObjectVersion:   Dev-Anim (AF43A65D-7FD3-4947-9873-3E8ED9C1BB05): 15
LogDevObjectVersion:   Dev-ReflectionCapture (6B266CEC-1EC7-4B8F-A30B-E4D90942FC07): 1
LogDevObjectVersion:   Dev-Automation (0DF73D61-A23F-47EA-B727-89E90C41499A): 1
LogDevObjectVersion:   FortniteMain (601D1886-AC64-4F84-AA16-D3DE0DEAC7D6): 47
LogDevObjectVersion:   FortniteRelease (E7086368-6B23-4C58-8439-1B7016265E91): 1
LogDevObjectVersion:   Dev-Enterprise (9DFFBCD6-494F-0158-E221-12823C92A888): 10
LogDevObjectVersion:   Dev-Niagara (F2AED0AC-9AFE-416F-8664-AA7FFA26D6FC): 1
LogDevObjectVersion:   Dev-Destruction (174F1F0B-B4C6-45A5-B13F-2EE8D0FB917D): 10
LogDevObjectVersion:   Dev-Physics-Ext (35F94A83-E258-406C-A318-09F59610247C): 41
LogDevObjectVersion:   Dev-PhysicsMaterial-Chaos (B68FC16E-8B1B-42E2-B453-215C058844FE): 1
LogDevObjectVersion:   Dev-CineCamera (B2E18506-4273-CFC2-A54E-F4BB758BBA07): 1
LogDevObjectVersion:   Dev-VirtualProduction (64F58936-FD1B-42BA-BA96-7289D5D0FA4E): 1
LogDevObjectVersion:   Dev-MediaFramework (6F0ED827-A609-4895-9C91-998D90180EA4): 2
LogInit: Presizing for max 25165824 objects, including 0 objects not considered by GC, pre-allocating 0 bytes for permanent pool.
LogConfig: Applying CVar settings from Section [/Script/Engine.StreamingSettings] File [C:/Users/diogo/Documents/GitHub/Research-Project-Dungeon-generation-UE4/DungeonGeneration/Saved/Config/Windows/Engine.ini]
LogConfig: Setting CVar [[s.MinBulkDataSizeForAsyncLoading:131072]]
LogConfig: Setting CVar [[s.AsyncLoadingThreadEnabled:0]]
LogConfig: Setting CVar [[s.EventDrivenLoaderEnabled:1]]
LogConfig: Setting CVar [[s.WarnIfTimeLimitExceeded:0]]
LogConfig: Setting CVar [[s.TimeLimitExceededMultiplier:1.5]]
LogConfig: Setting CVar [[s.TimeLimitExceededMinTime:0.005]]
LogConfig: Setting CVar [[s.UseBackgroundLevelStreaming:1]]
LogConfig: Setting CVar [[s.PriorityAsyncLoadingExtraTime:15.0]]
LogConfig: Setting CVar [[s.LevelStreamingActorsUpdateTimeLimit:5.0]]
LogConfig: Setting CVar [[s.PriorityLevelStreamingActorsUpdateExtraTime:5.0]]
LogConfig: Setting CVar [[s.LevelStreamingComponentsRegistrationGranularity:10]]
LogConfig: Setting CVar [[s.UnregisterComponentsTimeLimit:1.0]]
LogConfig: Setting CVar [[s.LevelStreamingComponentsUnregistrationGranularity:5]]
LogConfig: Setting CVar [[s.FlushStreamingOnExit:1]]
LogInit: Object subsystem initialized
LogConfig: Setting CVar [[con.DebugEarlyDefault:1]]
LogConfig: Setting CVar [[r.setres:1280x720]]
[2023.08.19-19.00.40:663][  0]LogConfig: Setting CVar [[con.DebugEarlyDefault:1]]
[2023.08.19-19.00.40:663][  0]LogConfig: Setting CVar [[r.setres:1280x720]]
[2023.08.19-19.00.40:663][  0]LogConfig: Applying CVar settings from Section [/Script/Engine.RendererSettings] File [C:/Users/diogo/Documents/GitHub/Research-Project-Dungeon-generation-UE4/DungeonGeneration/Saved/Config/Windows/Engine.ini]
[2023.08.19-19.00.40:663][  0]LogConfig: Setting CVar [[r.GPUCrashDebugging:0]]
[2023.08.19-19.00.40:663][  0]LogConfig: Setting CVar [[r.Mobile.DisableVertexFog:1]]
[2023.08.19-19.00.40:663][  0]LogConfig: Setting CVar [[r.Shadow.CSM.MaxMobileCascades:2]]
[2023.08.19-19.00.40:663][  0]LogConfig: Setting CVar [[r.MobileMSAA:1]]
[2023.08.19-19.00.40:663][  0]LogConfig: Setting CVar [[r.Mobile.AllowDitheredLODTransition:0]]
[2023.08.19-19.00.40:663][  0]LogConfig: Setting CVar [[r.Mobile.AllowSoftwareOcclusion:0]]
[2023.08.19-19.00.40:663][  0]LogConfig: Setting CVar [[r.Mobile.VirtualTextures:0]]
[2023.08.19-19.00.40:663][  0]LogConfig: Setting CVar [[r.DiscardUnusedQuality:0]]
[2023.08.19-19.00.40:663][  0]LogConfig: Setting CVar [[r.AllowOcclusionQueries:1]]
[2023.08.19-19.00.40:663][  0]LogConfig: Setting CVar [[r.MinScreenRadiusForLights:0.030000]]
[2023.08.19-19.00.40:663][  0]LogConfig: Setting CVar [[r.MinScreenRadiusForDepthPrepass:0.030000]]
[2023.08.19-19.00.40:663][  0]LogConfig: Setting CVar [[r.MinScreenRadiusForCSMDepth:0.010000]]
[2023.08.19-19.00.40:663][  0]LogConfig: Setting CVar [[r.PrecomputedVisibilityWarning:0]]
[2023.08.19-19.00.40:663][  0]LogConfig: Setting CVar [[r.TextureStreaming:1]]
[2023.08.19-19.00.40:663][  0]LogConfig: Setting CVar [[Compat.UseDXT5NormalMaps:0]]
[2023.08.19-19.00.40:663][  0]LogConfig: Setting CVar [[r.VirtualTextures:0]]
[2023.08.19-19.00.40:663][  0]LogConfig: Setting CVar [[r.VT.EnableAutoImport:1]]
[2023.08.19-19.00.40:663][  0]LogConfig: Setting CVar [[r.VirtualTexturedLightmaps:0]]
[2023.08.19-19.00.40:663][  0]LogConfig: Setting CVar [[r.VT.TileSize:128]]
[2023.08.19-19.00.40:663][  0]LogConfig: Setting CVar [[r.VT.TileBorderSize:4]]
[2023.08.19-19.00.40:663][  0]LogConfig: Setting CVar [[r.vt.FeedbackFactor:16]]
[2023.08.19-19.00.40:663][  0]LogConfig: Setting CVar [[r.VT.EnableCompressZlib:1]]
[2023.08.19-19.00.40:663][  0]LogConfig: Setting CVar [[r.VT.EnableCompressCrunch:0]]
[2023.08.19-19.00.40:663][  0]LogConfig: Setting CVar [[r.ClearCoatNormal:0]]
[2023.08.19-19.00.40:663][  0]LogConfig: Setting CVar [[r.ReflectionCaptureResolution:128]]
[2023.08.19-19.00.40:663][  0]LogConfig: Setting CVar [[r.Mobile.ReflectionCaptureCompression:0]]
[2023.08.19-19.00.40:663][  0]LogConfig: Setting CVar [[r.ReflectionEnvironmentLightmapMixBasedOnRoughness:1]]
[2023.08.19-19.00.40:663][  0]LogConfig: Setting CVar [[r.ForwardShading:0]]
[2023.08.19-19.00.40:663][  0]LogConfig: Setting CVar [[r.VertexFoggingForOpaque:1]]
[2023.08.19-19.00.40:663][  0]LogConfig: Setting CVar [[r.AllowStaticLighting:1]]
[2023.08.19-19.00.40:663][  0]LogConfig: Setting CVar [[r.NormalMapsForStaticLighting:0]]
[2023.08.19-19.00.40:663][  0]LogConfig: Setting CVar [[r.GenerateMeshDistanceFields:0]]
[2023.08.19-19.00.40:663][  0]LogConfig: Setting CVar [[r.DistanceFieldBuild.EightBit:0]]
[2023.08.19-19.00.40:663][  0]LogConfig: Setting CVar [[r.GenerateLandscapeGIData:0]]
[2023.08.19-19.00.40:663][  0]LogConfig: Setting CVar [[r.DistanceFieldBuild.Compress:0]]
[2023.08.19-19.00.40:663][  0]LogConfig: Setting CVar [[r.TessellationAdaptivePixelsPerTriangle:48.000000]]
[2023.08.19-19.00.40:663][  0]LogConfig: Setting CVar [[r.SeparateTranslucency:1]]
[2023.08.19-19.00.40:663][  0]LogConfig: Setting CVar [[r.TranslucentSortPolicy:0]]
[2023.08.19-19.00.40:663][  0]LogConfig: Setting CVar [[vr.VRS.HMDFixedFoveationLevel:0]]
[2023.08.19-19.00.40:663][  0]LogConfig: Setting CVar [[r.CustomDepth:1]]
[2023.08.19-19.00.40:663][  0]LogConfig: Setting CVar [[r.CustomDepthTemporalAAJitter:1]]
[2023.08.19-19.00.40:663][  0]LogConfig: Setting CVar [[r.PostProcessing.PropagateAlpha:0]]
[2023.08.19-19.00.40:663][  0]LogConfig: Setting CVar [[r.DefaultFeature.Bloom:1]]
[2023.08.19-19.00.40:663][  0]LogConfig: Setting CVar [[r.DefaultFeature.AmbientOcclusion:1]]
[2023.08.19-19.00.40:663][  0]LogConfig: Setting CVar [[r.DefaultFeature.AmbientOcclusionStaticFraction:1]]
[2023.08.19-19.00.40:663][  0]LogConfig: Setting CVar [[r.DefaultFeature.AutoExposure:0]]
[2023.08.19-19.00.40:663][  0]LogConfig: Setting CVar [[r.DefaultFeature.AutoExposure.Method:0]]
[2023.08.19-19.00.40:663][  0]LogConfig: Setting CVar [[r.DefaultFeature.AutoExposure.Bias:1.000000]]
[2023.08.19-19.00.40:663][  0]LogConfig: Setting CVar [[r.DefaultFeature.AutoExposure.ExtendDefaultLuminanceRange:0]]
[2023.08.19-19.00.40:663][  0]LogConfig: Setting CVar [[r.UsePreExposure:1]]
[2023.08.19-19.00.40:663][  0]LogConfig: Setting CVar [[r.EyeAdaptation.EditorOnly:0]]
[2023.08.19-19.00.40:663][  0]LogConfig: Setting CVar [[r.DefaultFeature.MotionBlur:0]]
[2023.08.19-19.00.40:663][  0]LogConfig: Setting CVar [[r.DefaultFeature.LensFlare:0]]
[2023.08.19-19.00.40:663][  0]LogConfig: Setting CVar [[r.TemporalAA.Upsampling:0]]
[2023.08.19-19.00.40:663][  0]LogConfig: Setting CVar [[r.SSGI.Enable:0]]
[2023.08.19-19.00.40:663][  0]LogConfig: Setting CVar [[r.DefaultFeature.AntiAliasing:0]]
[2023.08.19-19.00.40:663][  0]LogConfig: Setting CVar [[r.DefaultFeature.LightUnits:1]]
[2023.08.19-19.00.40:663][  0]LogConfig: Setting CVar [[r.DefaultBackBufferPixelFormat:4]]
[2023.08.19-19.00.40:663][  0]LogConfig: Setting CVar [[r.Shadow.UnbuiltPreviewInGame:1]]
[2023.08.19-19.00.40:663][  0]LogConfig: Setting CVar [[r.StencilForLODDither:0]]
[2023.08.19-19.00.40:663][  0]LogConfig: Setting CVar [[r.EarlyZPass:3]]
[2023.08.19-19.00.40:663][  0]LogConfig: Setting CVar [[r.EarlyZPassOnlyMaterialMasking:0]]
[2023.08.19-19.00.40:663][  0]LogConfig: Setting CVar [[r.DBuffer:1]]
[2023.08.19-19.00.40:663][  0]LogConfig: Setting CVar [[r.ClearSceneMethod:1]]
[2023.08.19-19.00.40:664][  0]LogConfig: Setting CVar [[r.BasePassOutputsVelocity:0]]
[2023.08.19-19.00.40:664][  0]LogConfig: Setting CVar [[r.VertexDeformationOutputsVelocity:0]]
[2023.08.19-19.00.40:664][  0]LogConfig: Setting CVar [[r.SelectiveBasePassOutputs:0]]
[2023.08.19-19.00.40:664][  0]LogConfig: Setting CVar [[fx.GPUSimulationTextureSizeX:1024]]
[2023.08.19-19.00.40:664][  0]LogConfig: Setting CVar [[fx.GPUSimulationTextureSizeY:1024]]
[2023.08.19-19.00.40:664][  0]LogConfig: Setting CVar [[r.AllowGlobalClipPlane:0]]
[2023.08.19-19.00.40:664][  0]LogConfig: Setting CVar [[r.GBufferFormat:1]]
[2023.08.19-19.00.40:664][  0]LogConfig: Setting CVar [[r.MorphTarget.Mode:1]]
[2023.08.19-19.00.40:664][  0]LogConfig: Setting CVar [[vr.InstancedStereo:0]]
[2023.08.19-19.00.40:664][  0]LogConfig: Setting CVar [[r.MobileHDR:1]]
[2023.08.19-19.00.40:664][  0]LogConfig: Setting CVar [[vr.MobileMultiView:0]]
[2023.08.19-19.00.40:664][  0]LogConfig: Setting CVar [[r.Mobile.UseHWsRGBEncoding:0]]
[2023.08.19-19.00.40:664][  0]LogConfig: Setting CVar [[vr.RoundRobinOcclusion:0]]
[2023.08.19-19.00.40:664][  0]LogConfig: Setting CVar [[vr.ODSCapture:0]]
[2023.08.19-19.00.40:664][  0]LogConfig: Setting CVar [[r.MeshStreaming:0]]
[2023.08.19-19.00.40:664][  0]LogConfig: Setting CVar [[r.WireframeCullThreshold:5.000000]]
[2023.08.19-19.00.40:664][  0]LogConfig: Setting CVar [[r.RayTracing:0]]
[2023.08.19-19.00.40:664][  0]LogConfig: Setting CVar [[r.RayTracing.UseTextureLod:0]]
[2023.08.19-19.00.40:664][  0]LogConfig: Setting CVar [[r.SupportStationarySkylight:1]]
[2023.08.19-19.00.40:664][  0]LogConfig: Setting CVar [[r.SupportLowQualityLightmaps:1]]
[2023.08.19-19.00.40:664][  0]LogConfig: Setting CVar [[r.SupportPointLightWholeSceneShadows:1]]
[2023.08.19-19.00.40:664][  0]LogConfig: Setting CVar [[r.SupportAtmosphericFog:1]]
[2023.08.19-19.00.40:664][  0]LogConfig: Setting CVar [[r.SupportSkyAtmosphere:1]]
[2023.08.19-19.00.40:664][  0]LogConfig: Setting CVar [[r.SupportSkyAtmosphereAffectsHeightFog:0]]
[2023.08.19-19.00.40:664][  0]LogConfig: Setting CVar [[r.SkinCache.CompileShaders:0]]
[2023.08.19-19.00.40:664][  0]LogConfig: Setting CVar [[r.SkinCache.DefaultBehavior:1]]
[2023.08.19-19.00.40:664][  0]LogConfig: Setting CVar [[r.SkinCache.SceneMemoryLimitInMB:128.000000]]
[2023.08.19-19.00.40:664][  0]LogConfig: Setting CVar [[r.Mobile.EnableStaticAndCSMShadowReceivers:1]]
[2023.08.19-19.00.40:664][  0]LogConfig: Setting CVar [[r.Mobile.EnableMovableLightCSMShaderCulling:1]]
[2023.08.19-19.00.40:664][  0]LogConfig: Setting CVar [[r.Mobile.AllowDistanceFieldShadows:1]]
[2023.08.19-19.00.40:664][  0]LogConfig: Setting CVar [[r.Mobile.AllowMovableDirectionalLights:1]]
[2023.08.19-19.00.40:664][  0]LogConfig: Setting CVar [[r.MobileNumDynamicPointLights:4]]
[2023.08.19-19.00.40:664][  0]LogConfig: Setting CVar [[r.MobileDynamicPointLightsUseStaticBranch:1]]
[2023.08.19-19.00.40:664][  0]LogConfig: Setting CVar [[r.Mobile.EnableMovableSpotlights:0]]
[2023.08.19-19.00.40:664][  0]LogConfig: Setting CVar [[r.Mobile.EnableMovableSpotlightsShadow:0]]
[2023.08.19-19.00.40:664][  0]LogConfig: Setting CVar [[r.GPUSkin.Support16BitBoneIndex:0]]
[2023.08.19-19.00.40:664][  0]LogConfig: Setting CVar [[r.GPUSkin.Limit2BoneInfluences:0]]
[2023.08.19-19.00.40:664][  0]LogConfig: Setting CVar [[r.SupportDepthOnlyIndexBuffers:1]]
[2023.08.19-19.00.40:664][  0]LogConfig: Setting CVar [[r.SupportReversedIndexBuffers:1]]
[2023.08.19-19.00.40:664][  0]LogConfig: Setting CVar [[r.LightPropagationVolume:0]]
[2023.08.19-19.00.40:664][  0]LogConfig: Setting CVar [[r.Mobile.AmbientOcclusion:0]]
[2023.08.19-19.00.40:664][  0]LogConfig: Setting CVar [[r.GPUSkin.UnlimitedBoneInfluences:0]]
[2023.08.19-19.00.40:664][  0]LogConfig: Setting CVar [[r.GPUSkin.UnlimitedBoneInfluencesThreshold:8]]
[2023.08.19-19.00.40:664][  0]LogConfig: Setting CVar [[r.Mobile.PlanarReflectionMode:0]]
[2023.08.19-19.00.40:664][  0]LogConfig: Setting CVar [[r.Mobile.SupportsGen4TAA:0]]
[2023.08.19-19.00.40:664][  0]LogConfig: Applying CVar settings from Section [/Script/Engine.RendererOverrideSettings] File [C:/Users/diogo/Documents/GitHub/Research-Project-Dungeon-generation-UE4/DungeonGeneration/Saved/Config/Windows/Engine.ini]
[2023.08.19-19.00.40:664][  0]LogConfig: Applying CVar settings from Section [/Script/Engine.StreamingSettings] File [C:/Users/diogo/Documents/GitHub/Research-Project-Dungeon-generation-UE4/DungeonGeneration/Saved/Config/Windows/Engine.ini]
[2023.08.19-19.00.40:664][  0]LogConfig: Setting CVar [[s.MinBulkDataSizeForAsyncLoading:131072]]
[2023.08.19-19.00.40:664][  0]LogConfig: Setting CVar [[s.AsyncLoadingThreadEnabled:0]]
[2023.08.19-19.00.40:664][  0]LogConfig: Setting CVar [[s.EventDrivenLoaderEnabled:1]]
[2023.08.19-19.00.40:664][  0]LogConfig: Setting CVar [[s.WarnIfTimeLimitExceeded:0]]
[2023.08.19-19.00.40:664][  0]LogConfig: Setting CVar [[s.TimeLimitExceededMultiplier:1.5]]
[2023.08.19-19.00.40:664][  0]LogConfig: Setting CVar [[s.TimeLimitExceededMinTime:0.005]]
[2023.08.19-19.00.40:664][  0]LogConfig: Setting CVar [[s.UseBackgroundLevelStreaming:1]]
[2023.08.19-19.00.40:664][  0]LogConfig: Setting CVar [[s.PriorityAsyncLoadingExtraTime:15.0]]
[2023.08.19-19.00.40:664][  0]LogConfig: Setting CVar [[s.LevelStreamingActorsUpdateTimeLimit:5.0]]
[2023.08.19-19.00.40:664][  0]LogConfig: Setting CVar [[s.PriorityLevelStreamingActorsUpdateExtraTime:5.0]]
[2023.08.19-19.00.40:664][  0]LogConfig: Setting CVar [[s.LevelStreamingComponentsRegistrationGranularity:10]]
[2023.08.19-19.00.40:664][  0]LogConfig: Setting CVar [[s.UnregisterComponentsTimeLimit:1.0]]
[2023.08.19-19.00.40:664][  0]LogConfig: Setting CVar [[s.LevelStreamingComponentsUnregistrationGranularity:5]]
[2023.08.19-19.00.40:664][  0]LogConfig: Setting CVar [[s.FlushStreamingOnExit:1]]
[2023.08.19-19.00.40:664][  0]LogConfig: Applying CVar settings from Section [/Script/Engine.GarbageCollectionSettings] File [C:/Users/diogo/Documents/GitHub/Research-Project-Dungeon-generation-UE4/DungeonGeneration/Saved/Config/Windows/Engine.ini]
[2023.08.19-19.00.40:664][  0]LogConfig: Setting CVar [[gc.MaxObjectsNotConsideredByGC:1]]
[2023.08.19-19.00.40:664][  0]LogConfig: Setting CVar [[gc.SizeOfPermanentObjectPool:0]]
[2023.08.19-19.00.40:664][  0]LogConfig: Setting CVar [[gc.FlushStreamingOnGC:0]]
[2023.08.19-19.00.40:664][  0]LogConfig: Setting CVar [[gc.NumRetriesBeforeForcingGC:10]]
[2023.08.19-19.00.40:664][  0]LogConfig: Setting CVar [[gc.AllowParallelGC:1]]
[2023.08.19-19.00.40:664][  0]LogConfig: Setting CVar [[gc.TimeBetweenPurgingPendingKillObjects:61.1]]
[2023.08.19-19.00.40:664][  0]LogConfig: Setting CVar [[gc.MaxObjectsInEditor:25165824]]
[2023.08.19-19.00.40:664][  0]LogConfig: Setting CVar [[gc.IncrementalBeginDestroyEnabled:1]]
[2023.08.19-19.00.40:664][  0]LogConfig: Setting CVar [[gc.CreateGCClusters:1]]
[2023.08.19-19.00.40:664][  0]LogConfig: Setting CVar [[gc.MinGCClusterSize:5]]
[2023.08.19-19.00.40:664][  0]LogConfig: Setting CVar [[gc.ActorClusteringEnabled:0]]
[2023.08.19-19.00.40:664][  0]LogConfig: Setting CVar [[gc.BlueprintClusteringEnabled:0]]
[2023.08.19-19.00.40:664][  0]LogConfig: Setting CVar [[gc.UseDisregardForGCOnDedicatedServers:0]]
[2023.08.19-19.00.40:664][  0]LogConfig: Setting CVar [[gc.MultithreadedDestructionEnabled:1]]
[2023.08.19-19.00.40:664][  0]LogConfig: Applying CVar settings from Section [/Script/Engine.NetworkSettings] File [C:/Users/diogo/Documents/GitHub/Research-Project-Dungeon-generation-UE4/DungeonGeneration/Saved/Config/Windows/Engine.ini]
[2023.08.19-19.00.40:664][  0]LogConfig: Applying CVar settings from Section [/Script/UnrealEd.CookerSettings] File [C:/Users/diogo/Documents/GitHub/Research-Project-Dungeon-generation-UE4/DungeonGeneration/Saved/Config/Windows/Engine.ini]
[2023.08.19-19.00.40:664][  0]LogConfig: Applying CVar settings from Section [ViewDistanceQuality@3] File [C:/Users/diogo/Documents/GitHub/Research-Project-Dungeon-generation-UE4/DungeonGeneration/Saved/Config/Windows/Scalability.ini]
[2023.08.19-19.00.40:664][  0]LogConfig: Setting CVar [[r.SkeletalMeshLODBias:0]]
[2023.08.19-19.00.40:664][  0]LogConfig: Setting CVar [[r.ViewDistanceScale:1.0]]
[2023.08.19-19.00.40:664][  0]LogConfig: Applying CVar settings from Section [AntiAliasingQuality@3] File [C:/Users/diogo/Documents/GitHub/Research-Project-Dungeon-generation-UE4/DungeonGeneration/Saved/Config/Windows/Scalability.ini]
[2023.08.19-19.00.40:664][  0]LogConfig: Setting CVar [[r.PostProcessAAQuality:4]]
[2023.08.19-19.00.40:664][  0]LogConfig: Applying CVar settings from Section [ShadowQuality@3] File [C:/Users/diogo/Documents/GitHub/Research-Project-Dungeon-generation-UE4/DungeonGeneration/Saved/Config/Windows/Scalability.ini]
[2023.08.19-19.00.40:664][  0]LogConfig: Setting CVar [[r.LightFunctionQuality:1]]
[2023.08.19-19.00.40:665][  0]LogConfig: Setting CVar [[r.ShadowQuality:5]]
[2023.08.19-19.00.40:665][  0]LogConfig: Setting CVar [[r.Shadow.CSM.MaxCascades:10]]
[2023.08.19-19.00.40:665][  0]LogConfig: Setting CVar [[r.Shadow.MaxResolution:2048]]
[2023.08.19-19.00.40:665][  0]LogConfig: Setting CVar [[r.Shadow.MaxCSMResolution:2048]]
[2023.08.19-19.00.40:665][  0]LogConfig: Setting CVar [[r.Shadow.RadiusThreshold:0.01]]
[2023.08.19-19.00.40:665][  0]LogConfig: Setting CVar [[r.Shadow.DistanceScale:1.0]]
[2023.08.19-19.00.40:665][  0]LogConfig: Setting CVar [[r.Shadow.CSM.TransitionScale:1.0]]
[2023.08.19-19.00.40:665][  0]LogConfig: Setting CVar [[r.Shadow.PreShadowResolutionFactor:1.0]]
[2023.08.19-19.00.40:665][  0]LogConfig: Setting CVar [[r.DistanceFieldShadowing:1]]
[2023.08.19-19.00.40:665][  0]LogConfig: Setting CVar [[r.DistanceFieldAO:1]]
[2023.08.19-19.00.40:665][  0]LogConfig: Setting CVar [[r.AOQuality:2]]
[2023.08.19-19.00.40:665][  0]LogConfig: Setting CVar [[r.VolumetricFog:1]]
[2023.08.19-19.00.40:665][  0]LogConfig: Setting CVar [[r.VolumetricFog.GridPixelSize:8]]
[2023.08.19-19.00.40:665][  0]LogConfig: Setting CVar [[r.VolumetricFog.GridSizeZ:128]]
[2023.08.19-19.00.40:665][  0]LogConfig: Setting CVar [[r.VolumetricFog.HistoryMissSupersampleCount:4]]
[2023.08.19-19.00.40:665][  0]LogConfig: Setting CVar [[r.LightMaxDrawDistanceScale:1]]
[2023.08.19-19.00.40:665][  0]LogConfig: Setting CVar [[r.CapsuleShadows:1]]
[2023.08.19-19.00.40:665][  0]LogConfig: Applying CVar settings from Section [PostProcessQuality@3] File [C:/Users/diogo/Documents/GitHub/Research-Project-Dungeon-generation-UE4/DungeonGeneration/Saved/Config/Windows/Scalability.ini]
[2023.08.19-19.00.40:665][  0]LogConfig: Setting CVar [[r.MotionBlurQuality:4]]
[2023.08.19-19.00.40:665][  0]LogConfig: Setting CVar [[r.AmbientOcclusionMipLevelFactor:0.4]]
[2023.08.19-19.00.40:665][  0]LogConfig: Setting CVar [[r.AmbientOcclusionMaxQuality:100]]
[2023.08.19-19.00.40:665][  0]LogConfig: Setting CVar [[r.AmbientOcclusionLevels:-1]]
[2023.08.19-19.00.40:665][  0]LogConfig: Setting CVar [[r.AmbientOcclusionRadiusScale:1.0]]
[2023.08.19-19.00.40:665][  0]LogConfig: Setting CVar [[r.DepthOfFieldQuality:2]]
[2023.08.19-19.00.40:665][  0]LogConfig: Setting CVar [[r.RenderTargetPoolMin:400]]
[2023.08.19-19.00.40:665][  0]LogConfig: Setting CVar [[r.LensFlareQuality:2]]
[2023.08.19-19.00.40:665][  0]LogConfig: Setting CVar [[r.SceneColorFringeQuality:1]]
[2023.08.19-19.00.40:665][  0]LogConfig: Setting CVar [[r.EyeAdaptationQuality:2]]
[2023.08.19-19.00.40:665][  0]LogConfig: Setting CVar [[r.BloomQuality:5]]
[2023.08.19-19.00.40:665][  0]LogConfig: Setting CVar [[r.FastBlurThreshold:100]]
[2023.08.19-19.00.40:665][  0]LogConfig: Setting CVar [[r.Upscale.Quality:3]]
[2023.08.19-19.00.40:665][  0]LogConfig: Setting CVar [[r.Tonemapper.GrainQuantization:1]]
[2023.08.19-19.00.40:665][  0]LogConfig: Setting CVar [[r.LightShaftQuality:1]]
[2023.08.19-19.00.40:665][  0]LogConfig: Setting CVar [[r.Filter.SizeScale:1]]
[2023.08.19-19.00.40:665][  0]LogConfig: Setting CVar [[r.Tonemapper.Quality:5]]
[2023.08.19-19.00.40:665][  0]LogConfig: Setting CVar [[r.DOF.Gather.AccumulatorQuality:1        ; higher gathering accumulator quality]]
[2023.08.19-19.00.40:665][  0]LogConfig: Setting CVar [[r.DOF.Gather.PostfilterMethod:1          ; Median3x3 postfilering method]]
[2023.08.19-19.00.40:665][  0]LogConfig: Setting CVar [[r.DOF.Gather.EnableBokehSettings:0       ; no bokeh simulation when gathering]]
[2023.08.19-19.00.40:665][  0]LogConfig: Setting CVar [[r.DOF.Gather.RingCount:4                 ; medium number of samples when gathering]]
[2023.08.19-19.00.40:665][  0]LogConfig: Setting CVar [[r.DOF.Scatter.ForegroundCompositing:1    ; additive foreground scattering]]
[2023.08.19-19.00.40:665][  0]LogConfig: Setting CVar [[r.DOF.Scatter.BackgroundCompositing:2    ; additive background scattering]]
[2023.08.19-19.00.40:665][  0]LogConfig: Setting CVar [[r.DOF.Scatter.EnableBokehSettings:1      ; bokeh simulation when scattering]]
[2023.08.19-19.00.40:665][  0]LogConfig: Setting CVar [[r.DOF.Scatter.MaxSpriteRatio:0.1         ; only a maximum of 10% of scattered bokeh]]
[2023.08.19-19.00.40:665][  0]LogConfig: Setting CVar [[r.DOF.Recombine.Quality:1                ; cheap slight out of focus]]
[2023.08.19-19.00.40:665][  0]LogConfig: Setting CVar [[r.DOF.Recombine.EnableBokehSettings:0    ; no bokeh simulation on slight out of focus]]
[2023.08.19-19.00.40:665][  0]LogConfig: Setting CVar [[r.DOF.TemporalAAQuality:1                ; more stable temporal accumulation]]
[2023.08.19-19.00.40:665][  0]LogConfig: Setting CVar [[r.DOF.Kernel.MaxForegroundRadius:0.025]]
[2023.08.19-19.00.40:665][  0]LogConfig: Setting CVar [[r.DOF.Kernel.MaxBackgroundRadius:0.025]]
[2023.08.19-19.00.40:665][  0]LogConfig: Applying CVar settings from Section [TextureQuality@3] File [C:/Users/diogo/Documents/GitHub/Research-Project-Dungeon-generation-UE4/DungeonGeneration/Saved/Config/Windows/Scalability.ini]
[2023.08.19-19.00.40:665][  0]LogConfig: Setting CVar [[r.Streaming.MipBias:0]]
[2023.08.19-19.00.40:665][  0]LogConfig: Setting CVar [[r.Streaming.AmortizeCPUToGPUCopy:0]]
[2023.08.19-19.00.40:665][  0]LogConfig: Setting CVar [[r.Streaming.MaxNumTexturesToStreamPerFrame:0]]
[2023.08.19-19.00.40:665][  0]LogConfig: Setting CVar [[r.Streaming.Boost:1]]
[2023.08.19-19.00.40:665][  0]LogConfig: Setting CVar [[r.MaxAnisotropy:8]]
[2023.08.19-19.00.40:665][  0]LogConfig: Setting CVar [[r.VT.MaxAnisotropy:8]]
[2023.08.19-19.00.40:665][  0]LogConfig: Setting CVar [[r.Streaming.LimitPoolSizeToVRAM:0]]
[2023.08.19-19.00.40:665][  0]LogConfig: Setting CVar [[r.Streaming.PoolSize:1000]]
[2023.08.19-19.00.40:665][  0]LogConfig: Setting CVar [[r.Streaming.MaxEffectiveScreenSize:0]]
[2023.08.19-19.00.40:665][  0]LogConfig: Applying CVar settings from Section [EffectsQuality@3] File [C:/Users/diogo/Documents/GitHub/Research-Project-Dungeon-generation-UE4/DungeonGeneration/Saved/Config/Windows/Scalability.ini]
[2023.08.19-19.00.40:665][  0]LogConfig: Setting CVar [[r.TranslucencyLightingVolumeDim:64]]
[2023.08.19-19.00.40:665][  0]LogConfig: Setting CVar [[r.RefractionQuality:2]]
[2023.08.19-19.00.40:665][  0]LogConfig: Setting CVar [[r.SSR.Quality:3]]
[2023.08.19-19.00.40:665][  0]LogConfig: Setting CVar [[r.SSR.HalfResSceneColor:0]]
[2023.08.19-19.00.40:665][  0]LogConfig: Setting CVar [[r.SceneColorFormat:4]]
[2023.08.19-19.00.40:665][  0]LogConfig: Setting CVar [[r.DetailMode:2]]
[2023.08.19-19.00.40:665][  0]LogConfig: Setting CVar [[r.TranslucencyVolumeBlur:1]]
[2023.08.19-19.00.40:665][  0]LogConfig: Setting CVar [[r.MaterialQualityLevel:1 ; High quality]]
[2023.08.19-19.00.40:665][  0]LogConfig: Setting CVar [[r.AnisotropicMaterials:1]]
[2023.08.19-19.00.40:665][  0]LogConfig: Setting CVar [[r.SSS.Scale:1]]
[2023.08.19-19.00.40:665][  0]LogConfig: Setting CVar [[r.SSS.SampleSet:2]]
[2023.08.19-19.00.40:665][  0]LogConfig: Setting CVar [[r.SSS.Quality:1]]
[2023.08.19-19.00.40:665][  0]LogConfig: Setting CVar [[r.SSS.HalfRes:0]]
[2023.08.19-19.00.40:665][  0]LogConfig: Setting CVar [[r.SSGI.Quality:3]]
[2023.08.19-19.00.40:665][  0]LogConfig: Setting CVar [[r.EmitterSpawnRateScale:1.0]]
[2023.08.19-19.00.40:665][  0]LogConfig: Setting CVar [[r.ParticleLightQuality:2]]
[2023.08.19-19.00.40:665][  0]LogConfig: Setting CVar [[r.SkyAtmosphere.AerialPerspectiveLUT.FastApplyOnOpaque:1 ; Always have FastSkyLUT 1 in this case to avoid wrong sky]]
[2023.08.19-19.00.40:665][  0]LogConfig: Setting CVar [[r.SkyAtmosphere.AerialPerspectiveLUT.SampleCountMaxPerSlice:4]]
[2023.08.19-19.00.40:665][  0]LogConfig: Setting CVar [[r.SkyAtmosphere.AerialPerspectiveLUT.DepthResolution:16.0]]
[2023.08.19-19.00.40:665][  0]LogConfig: Setting CVar [[r.SkyAtmosphere.FastSkyLUT:1]]
[2023.08.19-19.00.40:665][  0]LogConfig: Setting CVar [[r.SkyAtmosphere.FastSkyLUT.SampleCountMin:4.0]]
[2023.08.19-19.00.40:665][  0]LogConfig: Setting CVar [[r.SkyAtmosphere.FastSkyLUT.SampleCountMax:128.0]]
[2023.08.19-19.00.40:665][  0]LogConfig: Setting CVar [[r.SkyAtmosphere.SampleCountMin:4.0]]
[2023.08.19-19.00.40:665][  0]LogConfig: Setting CVar [[r.SkyAtmosphere.SampleCountMax:128.0]]
[2023.08.19-19.00.40:665][  0]LogConfig: Setting CVar [[r.SkyAtmosphere.TransmittanceLUT.UseSmallFormat:0]]
[2023.08.19-19.00.40:665][  0]LogConfig: Setting CVar [[r.SkyAtmosphere.TransmittanceLUT.SampleCount:10.0]]
[2023.08.19-19.00.40:665][  0]LogConfig: Setting CVar [[r.SkyAtmosphere.MultiScatteringLUT.SampleCount:15.0]]
[2023.08.19-19.00.40:665][  0]LogConfig: Setting CVar [[r.SkyLight.RealTimeReflectionCapture:1]]
[2023.08.19-19.00.40:665][  0]LogConfig: Applying CVar settings from Section [FoliageQuality@3] File [C:/Users/diogo/Documents/GitHub/Research-Project-Dungeon-generation-UE4/DungeonGeneration/Saved/Config/Windows/Scalability.ini]
[2023.08.19-19.00.40:665][  0]LogConfig: Setting CVar [[foliage.DensityScale:1.0]]
[2023.08.19-19.00.40:665][  0]LogConfig: Setting CVar [[grass.DensityScale:1.0]]
[2023.08.19-19.00.40:665][  0]LogConfig: Applying CVar settings from Section [ShadingQuality@3] File [C:/Users/diogo/Documents/GitHub/Research-Project-Dungeon-generation-UE4/DungeonGeneration/Saved/Config/Windows/Scalability.ini]
[2023.08.19-19.00.40:665][  0]LogConfig: Setting CVar [[r.HairStrands.SkyLighting.IntegrationType:2]]
[2023.08.19-19.00.40:665][  0]LogConfig: Setting CVar [[r.HairStrands.SkyAO.SampleCount:4]]
[2023.08.19-19.00.40:665][  0]LogConfig: Setting CVar [[r.HairStrands.Visibility.MSAA.SamplePerPixel:4]]
[2023.08.19-19.00.40:668][  0]LogInit: Selected Device Profile: [Windows]
[2023.08.19-19.00.40:668][  0]LogInit: Applying CVar settings loaded from the selected device profile: [Windows]
[2023.08.19-19.00.40:668][  0]LogHAL: Display: Platform has ~ 16 GB [16478359552 / 17179869184 / 16], which maps to Larger [LargestMinGB=32, LargerMinGB=12, DefaultMinGB=8, SmallerMinGB=6, SmallestMinGB=0)
[2023.08.19-19.00.40:668][  0]LogInit: Going up to parent DeviceProfile []
[2023.08.19-19.00.40:668][  0]LogConfig: Applying CVar settings from Section [ViewDistanceQuality@3] File [C:/Users/diogo/Documents/GitHub/Research-Project-Dungeon-generation-UE4/DungeonGeneration/Saved/Config/Windows/Scalability.ini]
[2023.08.19-19.00.40:668][  0]LogConfig: Setting CVar [[r.SkeletalMeshLODBias:0]]
[2023.08.19-19.00.40:668][  0]LogConfig: Setting CVar [[r.ViewDistanceScale:1.0]]
[2023.08.19-19.00.40:668][  0]LogConfig: Applying CVar settings from Section [AntiAliasingQuality@3] File [C:/Users/diogo/Documents/GitHub/Research-Project-Dungeon-generation-UE4/DungeonGeneration/Saved/Config/Windows/Scalability.ini]
[2023.08.19-19.00.40:668][  0]LogConfig: Setting CVar [[r.PostProcessAAQuality:4]]
[2023.08.19-19.00.40:668][  0]LogConfig: Applying CVar settings from Section [ShadowQuality@3] File [C:/Users/diogo/Documents/GitHub/Research-Project-Dungeon-generation-UE4/DungeonGeneration/Saved/Config/Windows/Scalability.ini]
[2023.08.19-19.00.40:668][  0]LogConfig: Setting CVar [[r.LightFunctionQuality:1]]
[2023.08.19-19.00.40:668][  0]LogConfig: Setting CVar [[r.ShadowQuality:5]]
[2023.08.19-19.00.40:668][  0]LogConfig: Setting CVar [[r.Shadow.CSM.MaxCascades:10]]
[2023.08.19-19.00.40:668][  0]LogConfig: Setting CVar [[r.Shadow.MaxResolution:2048]]
[2023.08.19-19.00.40:668][  0]LogConfig: Setting CVar [[r.Shadow.MaxCSMResolution:2048]]
[2023.08.19-19.00.40:668][  0]LogConfig: Setting CVar [[r.Shadow.RadiusThreshold:0.01]]
[2023.08.19-19.00.40:668][  0]LogConfig: Setting CVar [[r.Shadow.DistanceScale:1.0]]
[2023.08.19-19.00.40:668][  0]LogConfig: Setting CVar [[r.Shadow.CSM.TransitionScale:1.0]]
[2023.08.19-19.00.40:668][  0]LogConfig: Setting CVar [[r.Shadow.PreShadowResolutionFactor:1.0]]
[2023.08.19-19.00.40:668][  0]LogConfig: Setting CVar [[r.DistanceFieldShadowing:1]]
[2023.08.19-19.00.40:668][  0]LogConfig: Setting CVar [[r.DistanceFieldAO:1]]
[2023.08.19-19.00.40:668][  0]LogConfig: Setting CVar [[r.AOQuality:2]]
[2023.08.19-19.00.40:668][  0]LogConfig: Setting CVar [[r.VolumetricFog:1]]
[2023.08.19-19.00.40:668][  0]LogConfig: Setting CVar [[r.VolumetricFog.GridPixelSize:8]]
[2023.08.19-19.00.40:668][  0]LogConfig: Setting CVar [[r.VolumetricFog.GridSizeZ:128]]
[2023.08.19-19.00.40:668][  0]LogConfig: Setting CVar [[r.VolumetricFog.HistoryMissSupersampleCount:4]]
[2023.08.19-19.00.40:668][  0]LogConfig: Setting CVar [[r.LightMaxDrawDistanceScale:1]]
[2023.08.19-19.00.40:668][  0]LogConfig: Setting CVar [[r.CapsuleShadows:1]]
[2023.08.19-19.00.40:668][  0]LogConfig: Applying CVar settings from Section [PostProcessQuality@3] File [C:/Users/diogo/Documents/GitHub/Research-Project-Dungeon-generation-UE4/DungeonGeneration/Saved/Config/Windows/Scalability.ini]
[2023.08.19-19.00.40:668][  0]LogConfig: Setting CVar [[r.MotionBlurQuality:4]]
[2023.08.19-19.00.40:668][  0]LogConfig: Setting CVar [[r.AmbientOcclusionMipLevelFactor:0.4]]
[2023.08.19-19.00.40:668][  0]LogConfig: Setting CVar [[r.AmbientOcclusionMaxQuality:100]]
[2023.08.19-19.00.40:668][  0]LogConfig: Setting CVar [[r.AmbientOcclusionLevels:-1]]
[2023.08.19-19.00.40:668][  0]LogConfig: Setting CVar [[r.AmbientOcclusionRadiusScale:1.0]]
[2023.08.19-19.00.40:668][  0]LogConfig: Setting CVar [[r.DepthOfFieldQuality:2]]
[2023.08.19-19.00.40:668][  0]LogConfig: Setting CVar [[r.RenderTargetPoolMin:400]]
[2023.08.19-19.00.40:668][  0]LogConfig: Setting CVar [[r.LensFlareQuality:2]]
[2023.08.19-19.00.40:668][  0]LogConfig: Setting CVar [[r.SceneColorFringeQuality:1]]
[2023.08.19-19.00.40:668][  0]LogConfig: Setting CVar [[r.EyeAdaptationQuality:2]]
[2023.08.19-19.00.40:668][  0]LogConfig: Setting CVar [[r.BloomQuality:5]]
[2023.08.19-19.00.40:668][  0]LogConfig: Setting CVar [[r.FastBlurThreshold:100]]
[2023.08.19-19.00.40:668][  0]LogConfig: Setting CVar [[r.Upscale.Quality:3]]
[2023.08.19-19.00.40:668][  0]LogConfig: Setting CVar [[r.Tonemapper.GrainQuantization:1]]
[2023.08.19-19.00.40:668][  0]LogConfig: Setting CVar [[r.LightShaftQuality:1]]
[2023.08.19-19.00.40:668][  0]LogConfig: Setting CVar [[r.Filter.SizeScale:1]]
[2023.08.19-19.00.40:668][  0]LogConfig: Setting CVar [[r.Tonemapper.Quality:5]]
[2023.08.19-19.00.40:668][  0]LogConfig: Setting CVar [[r.DOF.Gather.AccumulatorQuality:1        ; higher gathering accumulator quality]]
[2023.08.19-19.00.40:668][  0]LogConfig: Setting CVar [[r.DOF.Gather.PostfilterMethod:1          ; Median3x3 postfilering method]]
[2023.08.19-19.00.40:668][  0]LogConfig: Setting CVar [[r.DOF.Gather.EnableBokehSettings:0       ; no bokeh simulation when gathering]]
[2023.08.19-19.00.40:668][  0]LogConfig: Setting CVar [[r.DOF.Gather.RingCount:4                 ; medium number of samples when gathering]]
[2023.08.19-19.00.40:669][  0]LogConfig: Setting CVar [[r.DOF.Scatter.ForegroundCompositing:1    ; additive foreground scattering]]
[2023.08.19-19.00.40:669][  0]LogConfig: Setting CVar [[r.DOF.Scatter.BackgroundCompositing:2    ; additive background scattering]]
[2023.08.19-19.00.40:669][  0]LogConfig: Setting CVar [[r.DOF.Scatter.EnableBokehSettings:1      ; bokeh simulation when scattering]]
[2023.08.19-19.00.40:669][  0]LogConfig: Setting CVar [[r.DOF.Scatter.MaxSpriteRatio:0.1         ; only a maximum of 10% of scattered bokeh]]
[2023.08.19-19.00.40:669][  0]LogConfig: Setting CVar [[r.DOF.Recombine.Quality:1                ; cheap slight out of focus]]
[2023.08.19-19.00.40:669][  0]LogConfig: Setting CVar [[r.DOF.Recombine.EnableBokehSettings:0    ; no bokeh simulation on slight out of focus]]
[2023.08.19-19.00.40:669][  0]LogConfig: Setting CVar [[r.DOF.TemporalAAQuality:1                ; more stable temporal accumulation]]
[2023.08.19-19.00.40:669][  0]LogConfig: Setting CVar [[r.DOF.Kernel.MaxForegroundRadius:0.025]]
[2023.08.19-19.00.40:669][  0]LogConfig: Setting CVar [[r.DOF.Kernel.MaxBackgroundRadius:0.025]]
[2023.08.19-19.00.40:669][  0]LogConfig: Applying CVar settings from Section [TextureQuality@3] File [C:/Users/diogo/Documents/GitHub/Research-Project-Dungeon-generation-UE4/DungeonGeneration/Saved/Config/Windows/Scalability.ini]
[2023.08.19-19.00.40:669][  0]LogConfig: Setting CVar [[r.Streaming.MipBias:0]]
[2023.08.19-19.00.40:669][  0]LogConfig: Setting CVar [[r.Streaming.AmortizeCPUToGPUCopy:0]]
[2023.08.19-19.00.40:669][  0]LogConfig: Setting CVar [[r.Streaming.MaxNumTexturesToStreamPerFrame:0]]
[2023.08.19-19.00.40:669][  0]LogConfig: Setting CVar [[r.Streaming.Boost:1]]
[2023.08.19-19.00.40:669][  0]LogConfig: Setting CVar [[r.MaxAnisotropy:8]]
[2023.08.19-19.00.40:669][  0]LogConfig: Setting CVar [[r.VT.MaxAnisotropy:8]]
[2023.08.19-19.00.40:669][  0]LogConfig: Setting CVar [[r.Streaming.LimitPoolSizeToVRAM:0]]
[2023.08.19-19.00.40:669][  0]LogConfig: Setting CVar [[r.Streaming.PoolSize:1000]]
[2023.08.19-19.00.40:669][  0]LogConfig: Setting CVar [[r.Streaming.MaxEffectiveScreenSize:0]]
[2023.08.19-19.00.40:669][  0]LogConfig: Applying CVar settings from Section [EffectsQuality@3] File [C:/Users/diogo/Documents/GitHub/Research-Project-Dungeon-generation-UE4/DungeonGeneration/Saved/Config/Windows/Scalability.ini]
[2023.08.19-19.00.40:669][  0]LogConfig: Setting CVar [[r.TranslucencyLightingVolumeDim:64]]
[2023.08.19-19.00.40:669][  0]LogConfig: Setting CVar [[r.RefractionQuality:2]]
[2023.08.19-19.00.40:669][  0]LogConfig: Setting CVar [[r.SSR.Quality:3]]
[2023.08.19-19.00.40:669][  0]LogConfig: Setting CVar [[r.SSR.HalfResSceneColor:0]]
[2023.08.19-19.00.40:669][  0]LogConfig: Setting CVar [[r.SceneColorFormat:4]]
[2023.08.19-19.00.40:669][  0]LogConfig: Setting CVar [[r.DetailMode:2]]
[2023.08.19-19.00.40:669][  0]LogConfig: Setting CVar [[r.TranslucencyVolumeBlur:1]]
[2023.08.19-19.00.40:669][  0]LogConfig: Setting CVar [[r.MaterialQualityLevel:1 ; High quality]]
[2023.08.19-19.00.40:669][  0]LogConfig: Setting CVar [[r.AnisotropicMaterials:1]]
[2023.08.19-19.00.40:669][  0]LogConfig: Setting CVar [[r.SSS.Scale:1]]
[2023.08.19-19.00.40:669][  0]LogConfig: Setting CVar [[r.SSS.SampleSet:2]]
[2023.08.19-19.00.40:669][  0]LogConfig: Setting CVar [[r.SSS.Quality:1]]
[2023.08.19-19.00.40:669][  0]LogConfig: Setting CVar [[r.SSS.HalfRes:0]]
[2023.08.19-19.00.40:669][  0]LogConfig: Setting CVar [[r.SSGI.Quality:3]]
[2023.08.19-19.00.40:669][  0]LogConfig: Setting CVar [[r.EmitterSpawnRateScale:1.0]]
[2023.08.19-19.00.40:669][  0]LogConfig: Setting CVar [[r.ParticleLightQuality:2]]
[2023.08.19-19.00.40:669][  0]LogConfig: Setting CVar [[r.SkyAtmosphere.AerialPerspectiveLUT.FastApplyOnOpaque:1 ; Always have FastSkyLUT 1 in this case to avoid wrong sky]]
[2023.08.19-19.00.40:669][  0]LogConfig: Setting CVar [[r.SkyAtmosphere.AerialPerspectiveLUT.SampleCountMaxPerSlice:4]]
[2023.08.19-19.00.40:669][  0]LogConfig: Setting CVar [[r.SkyAtmosphere.AerialPerspectiveLUT.DepthResolution:16.0]]
[2023.08.19-19.00.40:669][  0]LogConfig: Setting CVar [[r.SkyAtmosphere.FastSkyLUT:1]]
[2023.08.19-19.00.40:669][  0]LogConfig: Setting CVar [[r.SkyAtmosphere.FastSkyLUT.SampleCountMin:4.0]]
[2023.08.19-19.00.40:669][  0]LogConfig: Setting CVar [[r.SkyAtmosphere.FastSkyLUT.SampleCountMax:128.0]]
[2023.08.19-19.00.40:669][  0]LogConfig: Setting CVar [[r.SkyAtmosphere.SampleCountMin:4.0]]
[2023.08.19-19.00.40:669][  0]LogConfig: Setting CVar [[r.SkyAtmosphere.SampleCountMax:128.0]]
[2023.08.19-19.00.40:669][  0]LogConfig: Setting CVar [[r.SkyAtmosphere.TransmittanceLUT.UseSmallFormat:0]]
[2023.08.19-19.00.40:669][  0]LogConfig: Setting CVar [[r.SkyAtmosphere.TransmittanceLUT.SampleCount:10.0]]
[2023.08.19-19.00.40:669][  0]LogConfig: Setting CVar [[r.SkyAtmosphere.MultiScatteringLUT.SampleCount:15.0]]
[2023.08.19-19.00.40:669][  0]LogConfig: Setting CVar [[r.SkyLight.RealTimeReflectionCapture:1]]
[2023.08.19-19.00.40:669][  0]LogConfig: Applying CVar settings from Section [FoliageQuality@3] File [C:/Users/diogo/Documents/GitHub/Research-Project-Dungeon-generation-UE4/DungeonGeneration/Saved/Config/Windows/Scalability.ini]
[2023.08.19-19.00.40:669][  0]LogConfig: Setting CVar [[foliage.DensityScale:1.0]]
[2023.08.19-19.00.40:669][  0]LogConfig: Setting CVar [[grass.DensityScale:1.0]]
[2023.08.19-19.00.40:669][  0]LogConfig: Applying CVar settings from Section [ShadingQuality@3] File [C:/Users/diogo/Documents/GitHub/Research-Project-Dungeon-generation-UE4/DungeonGeneration/Saved/Config/Windows/Scalability.ini]
[2023.08.19-19.00.40:669][  0]LogConfig: Setting CVar [[r.HairStrands.SkyLighting.IntegrationType:2]]
[2023.08.19-19.00.40:669][  0]LogConfig: Setting CVar [[r.HairStrands.SkyAO.SampleCount:4]]
[2023.08.19-19.00.40:669][  0]LogConfig: Setting CVar [[r.HairStrands.Visibility.MSAA.SamplePerPixel:4]]
[2023.08.19-19.00.40:669][  0]LogConfig: Applying CVar settings from Section [Startup] File [../../../Engine/Config/ConsoleVariables.ini]
[2023.08.19-19.00.40:669][  0]LogConfig: Setting CVar [[net.UseAdaptiveNetUpdateFrequency:0]]
[2023.08.19-19.00.40:669][  0]LogConfig: Setting CVar [[p.chaos.AllowCreatePhysxBodies:1]]
[2023.08.19-19.00.40:669][  0]LogConfig: Setting CVar [[fx.SkipVectorVMBackendOptimizations:1]]
[2023.08.19-19.00.40:669][  0]LogConfig: Applying CVar settings from Section [ConsoleVariables] File [C:/Users/diogo/Documents/GitHub/Research-Project-Dungeon-generation-UE4/DungeonGeneration/Saved/Config/Windows/Engine.ini]
[2023.08.19-19.00.40:669][  0]LogConfig: Applying CVar settings from Section [ConsoleVariables] File [C:/Users/diogo/Documents/GitHub/Research-Project-Dungeon-generation-UE4/DungeonGeneration/Saved/Config/Windows/Editor.ini]
[2023.08.19-19.00.40:670][  0]LogInit: Computer: LAPTOP-7MFFUA7R
[2023.08.19-19.00.40:670][  0]LogInit: User: diogo
[2023.08.19-19.00.40:670][  0]LogInit: CPU Page size=4096, Cores=8
[2023.08.19-19.00.40:670][  0]LogInit: High frequency timer resolution =10.000000 MHz
[2023.08.19-19.00.40:670][  0]LogMemory: Memory total: Physical=15.3GB (16GB approx)
[2023.08.19-19.00.40:671][  0]LogMemory: Platform Memory Stats for Windows
[2023.08.19-19.00.40:671][  0]LogMemory: Process Physical Memory: 143.64 MB used, 143.64 MB peak
[2023.08.19-19.00.40:671][  0]LogMemory: Process Virtual Memory: 124.92 MB used, 124.92 MB peak
[2023.08.19-19.00.40:671][  0]LogMemory: Physical Memory: 11692.02 MB used,  4022.96 MB free, 15714.99 MB total
[2023.08.19-19.00.40:671][  0]LogMemory: Virtual Memory: 134205888.00 MB used,  11840.47 MB free, 134217728.00 MB total
[2023.08.19-19.00.40:676][  0]LogWindows: WindowsPlatformFeatures enabled
[2023.08.19-19.00.40:741][  0]LogInit: Physics initialised using underlying interface: PhysX
[2023.08.19-19.00.40:741][  0]LogInit: Using OS detected language (en-US).
[2023.08.19-19.00.40:741][  0]LogInit: Using OS detected locale (pt-PT).
[2023.08.19-19.00.40:752][  0]LogTextLocalizationManager: No specific localization for 'en-US' exists, so the 'en' localization will be used.
[2023.08.19-19.00.45:043][  0]LogTargetPlatformManager: Display: Loaded TargetPlatform 'AllDesktop'
[2023.08.19-19.00.45:069][  0]LogTargetPlatformManager: Display: Loaded TargetPlatform 'Android'
[2023.08.19-19.00.45:069][  0]LogTargetPlatformManager: Display: Loaded TargetPlatform 'Android_ASTC'
[2023.08.19-19.00.45:070][  0]LogTargetPlatformManager: Display: Loaded TargetPlatform 'Android_DXT'
[2023.08.19-19.00.45:070][  0]LogTargetPlatformManager: Display: Loaded TargetPlatform 'Android_ETC2'
[2023.08.19-19.00.45:070][  0]LogTargetPlatformManager: Display: Loaded TargetPlatform 'AndroidClient'
[2023.08.19-19.00.45:070][  0]LogTargetPlatformManager: Display: Loaded TargetPlatform 'Android_ASTCClient'
[2023.08.19-19.00.45:070][  0]LogTargetPlatformManager: Display: Loaded TargetPlatform 'Android_DXTClient'
[2023.08.19-19.00.45:070][  0]LogTargetPlatformManager: Display: Loaded TargetPlatform 'Android_ETC2Client'
[2023.08.19-19.00.45:070][  0]LogTargetPlatformManager: Display: Loaded TargetPlatform 'Android_Multi'
[2023.08.19-19.00.45:070][  0]LogTargetPlatformManager: Display: Loaded TargetPlatform 'Android_MultiClient'
[2023.08.19-19.00.45:094][  0]LogTargetPlatformManager: Display: Loaded TargetPlatform 'IOSClient'
[2023.08.19-19.00.45:094][  0]LogTargetPlatformManager: Display: Loaded TargetPlatform 'IOS'
[2023.08.19-19.00.45:116][  0]LogTargetPlatformManager: Display: Loaded TargetPlatform 'Linux'
[2023.08.19-19.00.45:122][  0]LogTargetPlatformManager: Display: Loaded TargetPlatform 'LinuxNoEditor'
[2023.08.19-19.00.45:128][  0]LogTargetPlatformManager: Display: Loaded TargetPlatform 'LinuxClient'
[2023.08.19-19.00.45:136][  0]LogTargetPlatformManager: Display: Loaded TargetPlatform 'LinuxServer'
[2023.08.19-19.00.45:153][  0]LogTargetPlatformManager: Display: Loaded TargetPlatform 'LinuxAArch64NoEditor'
[2023.08.19-19.00.45:160][  0]LogTargetPlatformManager: Display: Loaded TargetPlatform 'LinuxAArch64Client'
[2023.08.19-19.00.45:167][  0]LogTargetPlatformManager: Display: Loaded TargetPlatform 'LinuxAArch64Server'
[2023.08.19-19.00.45:201][  0]LogTargetPlatformManager: Display: Loaded TargetPlatform 'Lumin'
[2023.08.19-19.00.45:201][  0]LogTargetPlatformManager: Display: Loaded TargetPlatform 'LuminClient'
[2023.08.19-19.00.45:222][  0]LogTargetPlatformManager: Display: Loaded TargetPlatform 'MacNoEditor'
[2023.08.19-19.00.45:230][  0]LogTargetPlatformManager: Display: Loaded TargetPlatform 'Mac'
[2023.08.19-19.00.45:237][  0]LogTargetPlatformManager: Display: Loaded TargetPlatform 'MacClient'
[2023.08.19-19.00.45:244][  0]LogTargetPlatformManager: Display: Loaded TargetPlatform 'MacServer'
[2023.08.19-19.00.45:255][  0]LogTargetPlatformManager: Display: Loaded TargetPlatform 'TVOSClient'
[2023.08.19-19.00.45:255][  0]LogTargetPlatformManager: Display: Loaded TargetPlatform 'TVOS'
[2023.08.19-19.00.45:267][  0]LogTargetPlatformManager: Display: Loaded TargetPlatform 'WindowsNoEditor'
[2023.08.19-19.00.45:275][  0]LogTargetPlatformManager: Display: Loaded TargetPlatform 'Windows'
[2023.08.19-19.00.45:281][  0]LogTargetPlatformManager: Display: Loaded TargetPlatform 'WindowsClient'
[2023.08.19-19.00.45:288][  0]LogTargetPlatformManager: Display: Loaded TargetPlatform 'WindowsServer'
[2023.08.19-19.00.45:288][  0]LogTargetPlatformManager: Display: Building Assets For Windows
[2023.08.19-19.00.45:302][  0]LogAudioDebug: Display: Lib vorbis DLL was dynamically loaded.
[2023.08.19-19.00.45:360][  0]LogTextureFormatOodle: Display: Oodle Texture 2.9.0 init RDO Off
[2023.08.19-19.00.45:459][  0]LogRendererCore: Ray tracing is disabled. Reason: r.RayTracing=0.
[2023.08.19-19.00.45:460][  0]LogDerivedDataCache: Display: Max Cache Size: 512 MB
[2023.08.19-19.00.45:550][  0]LogDerivedDataCache: Loaded boot cache 0.09s 94MB C:/Users/diogo/AppData/Local/UnrealEngine/4.27/DerivedDataCache/Boot.ddc.
[2023.08.19-19.00.45:550][  0]LogDerivedDataCache: Display: Loaded Boot cache: C:/Users/diogo/AppData/Local/UnrealEngine/4.27/DerivedDataCache/Boot.ddc
[2023.08.19-19.00.45:550][  0]LogDerivedDataCache: FDerivedDataBackendGraph:  Pak pak cache file ../../../../../../Users/diogo/Documents/GitHub/Research-Project-Dungeon-generation-UE4/DungeonGeneration/DerivedDataCache/DDC.ddp not found, will not use a pak cache.
[2023.08.19-19.00.45:550][  0]LogDerivedDataCache: Unable to find inner node Pak for hierarchical cache Hierarchy.
[2023.08.19-19.00.45:550][  0]LogDerivedDataCache: FDerivedDataBackendGraph:  CompressedPak pak cache file ../../../../../../Users/diogo/Documents/GitHub/Research-Project-Dungeon-generation-UE4/DungeonGeneration/DerivedDataCache/Compressed.ddp not found, will not use a pak cache.
[2023.08.19-19.00.45:550][  0]LogDerivedDataCache: Unable to find inner node CompressedPak for hierarchical cache Hierarchy.
[2023.08.19-19.00.45:573][  0]LogDerivedDataCache: Display: Pak cache opened for reading ../../../Engine/DerivedDataCache/Compressed.ddp.
[2023.08.19-19.00.45:573][  0]LogDerivedDataCache: FDerivedDataBackendGraph:  EnterprisePak pak cache file ../../../Enterprise/DerivedDataCache/Compressed.ddp not found, will not use a pak cache.
[2023.08.19-19.00.45:573][  0]LogDerivedDataCache: Unable to find inner node EnterprisePak for hierarchical cache Hierarchy.
[2023.08.19-19.00.45:633][  0]LogDerivedDataCache: Speed tests for C:/Users/diogo/AppData/Local/UnrealEngine/Common/DerivedDataCache took 0.06 seconds
[2023.08.19-19.00.45:633][  0]LogDerivedDataCache: Display: Performance to C:/Users/diogo/AppData/Local/UnrealEngine/Common/DerivedDataCache: Latency=0.11ms. RandomReadSpeed=17.34MBs, RandomWriteSpeed=161.22MBs. Assigned SpeedClass 'Local'
[2023.08.19-19.00.45:634][  0]LogDerivedDataCache: Using Local data cache path C:/Users/diogo/AppData/Local/UnrealEngine/Common/DerivedDataCache: Writable
[2023.08.19-19.00.45:635][  0]LogDerivedDataCache: Shared data cache path not found in *engine.ini, will not use an Shared cache.
[2023.08.19-19.00.45:635][  0]LogDerivedDataCache: Unable to find inner node Shared for hierarchical cache Hierarchy.
[2023.08.19-19.00.45:646][  0]LogAssetRegistry: FAssetRegistry took 0.0018 seconds to start up
[2023.08.19-19.00.45:868][  0]LogInit: Selected Device Profile: [Windows]
[2023.08.19-19.00.45:868][  0]LogInit: Active device profile: [000001A201F42B00][000001A27DFE1000 49] Windows
[2023.08.19-19.00.45:868][  0]LogInit: Profiles: [000001A201F42B00][000001A27DFE1000 49] Windows, [000001A201EF2100][000001A20054F2C0 49] WindowsNoEditor, [000001A201F41E00][000001A27DFE5540 49] WindowsServer, [000001A201EF2D00][000001A2005537C0 49] WindowsClient, [000001A201F41300][000001A20055BA80 49] IOS, [000001A201EF3B00][000001A20055E1C0 49] iPadAir, [000001A201F40800][000001A2052CC480 49] iPadAir2, [000001A201E99B00][000001A2052E69C0 49] IPadPro, [000001A201E99C00][000001A2052D0A00 49] iPadAir3, [000001A201EF3600][000001A2052DECC0 49] iPadAir4, [000001A201E9AB00][000001A2052DAF80 49] iPadMini2, [000001A201EF1200][000001A2052E3240 49] iPadMini3, [000001A201E9B600][000001A2052F1500 49] iPadMini4, [000001A201EF2800][000001A200557780 49] iPadMini5, [000001A201EA9300][000001A205308100 49] iPhone6, [000001A201EA9400][000001A2052F4140 49] iPodTouch6, [000001A201F43000][000001A205310680 49] iPhone7, [000001A201F42900][000001A2053006C0 49] iPodTouch7, [000001A201E9BF00][000001A205304980 49] iPhone5S, [000001A201F42700][000001A2052FCC40 49] iPhone6Plus, [000001A201E9BD00][000001A20530CF00 49] iPhone6S, [000001A201F42200][000001A2053151C0 49] iPhone6SPlus, [000001A201E99A00][000001A205319480 49] iPhone7Plus, [000001A201E9B300][000001A20531D740 49] iPhoneSE, [000001A201EA8D00][000001A2052F99C0 49] iPhone8, [000001A201E9A900][000001A2053200C0 49] iPhone8Plus, [000001A201EABE00][000001A205328380 49] iPhoneX, [000001A201E98400][000001A20532C640 49] iPhoneXS, [000001A201EAB500][000001A205330900 49] iPhoneXSMax, [000001A201E9B000][000001A205334BC0 49] iPhoneXR, [000001A201EAB000][000001A205338E80 49] iPhone11, [000001A201E99F00][000001A20533D140 49] iPhone11Pro, [000001A201EAAE00][000001A205341400 49] iPhone11ProMax, [000001A201E98E00][000001A2053456C0 49] iPhoneSE2, [000001A201EAB900][000001A205349980 49] iPhone12Mini, [000001A201F42500][000001A205325C00 49] iPhone12, [000001A201EAA700][000001A205350340 49] iPhone12Pro, [000001A201F43500][000001A205354600 49] iPhone12ProMax, [000001A201EA8F00][000001A2053588C0 49] iPadPro105, [000001A201F43600][000001A20535CB80 49] iPadPro129, [000001A201EA9E00][000001A205360E40 49] iPadPro97, [000001A201F40600][000001A205365100 49] iPadPro2_129, [000001A201EA9200][000001A2053693C0 49] iPad5, [000001A201F43200][000001A20536D680 49] iPad6, [000001A201EAA200][000001A205371940 49] iPad7, [000001A201F40F00][000001A20534DBC0 49] iPad8, [000001A201EA8100][000001A2053742C0 49] iPadPro11, [000001A201F42F00][000001A20537C580 49] iPadPro2_11, [000001A201EA9B00][000001A205380840 49] iPadPro3_129, [000001A201F42800][000001A205384B00 49] iPadPro4_129, [000001A201EA9A00][000001A205388DC0 49] AppleTV, [000001A201F40300][000001A20538D080 49] AppleTV4K, [000001A201EA9000][000001A205391340 49] TVOS, [000001A201F41800][000001A205395600 49] Mac, [000001A201EAA000][000001A2053998C0 49] MacClient, [000001A201F40500][000001A20539DB80 49] MacNoEditor, [000001A201EA8C00][000001A205378280 49] MacServer, [000001A201F40E00][000001A2053A0500 49] Linux, [000001A201EA9600][000001A2053A87C0 49] LinuxAArch64, [000001A201F41A00][000001A2053ACA80 49] LinuxNoEditor, [000001A201EA8400][000001A2053B0D40 49] LinuxAArch64NoEditor, [000001A201F40C00][000001A2053B5000 49] LinuxClient, [000001A201EAA400][000001A2053B92C0 49] LinuxAArch64Client, [000001A201F40200][000001A2053BD580 49] LinuxServer, [000001A201EA8A00][000001A2053C1840 49] LinuxAArch64Server, [000001A201F43800][000001A2053C5B00 49] Android, [000001A201EA9900][000001A2053C8240 49] Android_Low, [000001A201F43B00][000001A2053A44C0 49] Android_Mid, [000001A201EABD00][000001A2053CC740 49] Android_High, [000001A201F42000][000001A2053D4A00 49] Android_Default, [000001A201EAA900][000001A2053D8CC0 49] Android_Adreno4xx, [000001A201F41500][000001A2053DCF80 49] Android_Adreno5xx_Low, [000001A201EAA800][000001A2053E1240 49] Android_Adreno5xx, [000001A201F41700][000001A2053E5500 49] Android_Adreno6xx, [000001A201EA9800][000001A2053E97C0 49] Android_Adreno6xx_Vulkan, [000001A201F43100][000001A2053EDA80 49] Android_Mali_T6xx, [000001A201EAAB00][000001A2053F01C0 49] Android_Mali_T7xx, [000001A201F41900][000001A2053F4480 49] Android_Mali_T8xx, [000001A201EA8E00][000001A2053D0700 49] Android_Mali_G71, [000001A201F40900][000001A2053F8980 49] Android_Mali_G72, [000001A201EAA300][000001A205400C40 49] Android_Mali_G72_Vulkan, [000001A201F41000][000001A205404F00 49] Android_Mali_G76, [000001A201E9BC00][000001A2054091C0 49] Android_Mali_G76_Vulkan, [000001A201EF0700][000001A20540D480 49] Android_Mali_G77, [000001A201E9B700][000001A205411740 49] Android_Mali_G77_Vulkan, [000001A201EF1800][000001A205415A00 49] Android_Mali_G78, [000001A201E9A400][000001A205418140 49] Android_Mali_G78_Vulkan, [000001A201EF2700][000001A20541C400 49] Android_Mali_G710, [000001A201E9AF00][000001A2054306C0 49] Android_Mali_G710_Vulkan, [000001A201EF3700][000001A2053FC940 49] Android_Vulkan_SM5, [000001A201E9B500][000001A205434BC0 49] Android_PowerVR_G6xxx, [000001A201EF0E00][000001A20543CE80 49] Android_PowerVR_GT7xxx, [000001A201E9BA00][000001A205441140 49] Android_PowerVR_GE8xxx, [000001A201EF1900][000001A205445400 49] Android_PowerVR_GM9xxx, [000001A201E98800][000001A2054496C0 49] Android_PowerVR_GM9xxx_Vulkan, [000001A201EF0100][000001A20544D980 49] Android_TegraK1, [000001A201E9B100][000001A2054500C0 49] Android_Unknown_Vulkan, [000001A201EF2B00][000001A205454380 49] Lumin, [000001A201E9B800][000001A205458640 49] Lumin_Desktop, [000001A201EF2E00][000001A20545C900 49] HoloLens, 
[2023.08.19-19.00.45:963][  0]LogMeshReduction: Using QuadricMeshReduction for automatic static mesh reduction
[2023.08.19-19.00.45:963][  0]LogMeshReduction: Using SimplygonMeshReduction for automatic skeletal mesh reduction
[2023.08.19-19.00.45:963][  0]LogMeshReduction: Using ProxyLODMeshReduction for automatic mesh merging
[2023.08.19-19.00.45:963][  0]LogMeshReduction: No distributed automatic mesh merging module available
[2023.08.19-19.00.45:964][  0]LogMeshMerging: No distributed automatic mesh merging module available
[2023.08.19-19.00.45:973][  0]LogNetVersion: DungeonGeneration 1.0.0, NetCL: 17155196, EngineNetVer: 17, GameNetVer: 0 (Checksum: 1150255120)
[2023.08.19-19.00.46:576][  0]LogHMD: PokeAHoleMaterial loaded successfully
[2023.08.19-19.00.47:172][  0]LogCollectionManager: Loaded 0 collections in 0.002385 seconds
[2023.08.19-19.00.47:173][  0]LogFileCache: Scanning file cache for directory 'C:/Users/diogo/Documents/GitHub/Research-Project-Dungeon-generation-UE4/DungeonGeneration/Saved/Collections/' took 0.00s
[2023.08.19-19.00.47:173][  0]LogFileCache: Scanning file cache for directory 'C:/Users/diogo/Documents/GitHub/Research-Project-Dungeon-generation-UE4/DungeonGeneration/Content/Developers/diogo/Collections/' took 0.00s
[2023.08.19-19.00.47:173][  0]LogFileCache: Scanning file cache for directory 'C:/Users/diogo/Documents/GitHub/Research-Project-Dungeon-generation-UE4/DungeonGeneration/Content/Collections/' took 0.00s
[2023.08.19-19.00.47:173][  0]LogCollectionManager: Fixed up redirectors for 0 collections in 0.000001 seconds (updated 0 objects)
[2023.08.19-19.00.47:490][  0]LogNiagaraDebuggerClient: Niagara Debugger Client Initialized | Session: F9B8B8874959D83DE52ED49AC5365D3C | Instance: B05EAC754E301F6F6BC1AF9DD6EC789A (LAPTOP-7MFFUA7R-23448).
[2023.08.19-19.00.47:782][  0]LogPython: Using Python 3.7.7
[2023.08.19-19.00.49:153][  0]SourceControl: Source control is disabled
[2023.08.19-19.00.49:155][  0]SourceControl: Source control is disabled
[2023.08.19-19.00.49:175][  0]SourceControl: Source control is disabled
[2023.08.19-19.00.49:181][  0]SourceControl: Source control is disabled
[2023.08.19-19.00.49:188][  0]SourceControl: Source control is disabled
[2023.08.19-19.00.49:199][  0]LogUProjectInfo: Found projects:
[2023.08.19-19.00.49:729][  0]LogOpenImageDenoise: OIDN starting up
[2023.08.19-19.00.49:749][  0]LogAndroidPermission: UAndroidPermissionCallbackProxy::GetInstance
[2023.08.19-19.00.49:785][  0]LogAudioCaptureCore: Display: No Audio Capture implementations found. Audio input will be silent.
[2023.08.19-19.00.49:785][  0]LogAudioCaptureCore: Display: No Audio Capture implementations found. Audio input will be silent.
[2023.08.19-19.00.50:394][  0]LogOcInput: OculusInput pre-init called
[2023.08.19-19.00.50:521][  0]LogUObjectArray: 33298 objects as part of root set at end of initial load.
[2023.08.19-19.00.50:521][  0]LogUObjectAllocator: 21430592 out of 0 bytes used by permanent object pool.
[2023.08.19-19.00.50:521][  0]LogUObjectArray: CloseDisregardForGC: 0/0 objects in disregard for GC pool
[2023.08.19-19.00.50:523][  0]LogInit: Error: VisualStudioToolsCommandlet looked like a commandlet, but we could not find the class.
[2023.08.19-19.00.50:524][  0]LogCore: Engine exit requested (reason: Failed to find commandlet class VisualStudioToolsCommandlet)
[2023.08.19-19.00.50:524][  0]LogCore: Engine exit requested (reason: EngineExit() was called; note: exit was already requested)
[2023.08.19-19.00.50:524][  0]LogExit: Preparing to exit.
[2023.08.19-19.00.50:537][  0]LogUObjectHash: Compacting FUObjectHashTables data took   0.83ms
[2023.08.19-19.00.50:634][  0]LogDemo: Cleaned up 0 splitscreen connections with owner deletion
[2023.08.19-19.00.50:785][  0]LogExit: Object subsystem successfully closed.
[2023.08.19-19.00.50:868][  0]LogModuleManager: Shutting down and abandoning module AudioSynesthesiaEditor (594)
[2023.08.19-19.00.50:868][  0]LogModuleManager: Shutting down and abandoning module OculusEditor (592)
[2023.08.19-19.00.50:869][  0]LogModuleManager: Shutting down and abandoning module OculusInput (590)
[2023.08.19-19.00.50:869][  0]LogModuleManager: Shutting down and abandoning module ContentBrowserFileDataSource (588)
[2023.08.19-19.00.50:869][  0]LogModuleManager: Shutting down and abandoning module ContentBrowserClassDataSource (586)
[2023.08.19-19.00.50:869][  0]LogModuleManager: Shutting down and abandoning module ContentBrowserAssetDataSource (584)
[2023.08.19-19.00.50:869][  0]LogModuleManager: Shutting down and abandoning module ToolMenus (583)
[2023.08.19-19.00.50:869][  0]LogModuleManager: Shutting down and abandoning module LiveLinkSequencer (580)
[2023.08.19-19.00.50:870][  0]LogModuleManager: Shutting down and abandoning module LiveLinkMovieScene (578)
[2023.08.19-19.00.50:870][  0]LogModuleManager: Shutting down and abandoning module LiveLinkGraphNode (576)
[2023.08.19-19.00.50:870][  0]LogModuleManager: Shutting down and abandoning module LiveLinkEditor (574)
[2023.08.19-19.00.50:870][  0]LogModuleManager: Shutting down and abandoning module LiveLinkComponents (572)
[2023.08.19-19.00.50:870][  0]LogModuleManager: Shutting down and abandoning module LiveLink (570)
[2023.08.19-19.00.51:231][  0]LogModuleManager: Shutting down and abandoning module SynthesisEditor (568)
[2023.08.19-19.00.51:231][  0]LogModuleManager: Shutting down and abandoning module Synthesis (566)
[2023.08.19-19.00.51:232][  0]LogModuleManager: Shutting down and abandoning module ProceduralMeshComponentEditor (564)
[2023.08.19-19.00.51:232][  0]LogModuleManager: Shutting down and abandoning module ProceduralMeshComponent (562)
[2023.08.19-19.00.51:232][  0]LogModuleManager: Shutting down and abandoning module OpenXREditor (560)
[2023.08.19-19.00.51:232][  0]LogModuleManager: Shutting down and abandoning module MobilePatchingUtils (558)
[2023.08.19-19.00.51:232][  0]LogModuleManager: Shutting down and abandoning module TakeSequencer (556)
[2023.08.19-19.00.51:232][  0]LogModuleManager: Shutting down and abandoning module TakeMovieScene (554)
[2023.08.19-19.00.51:232][  0]LogModuleManager: Shutting down and abandoning module GooglePAD (552)
[2023.08.19-19.00.51:232][  0]LogModuleManager: Shutting down and abandoning module CustomMeshComponent (550)
[2023.08.19-19.00.51:232][  0]LogModuleManager: Shutting down and abandoning module EditableMesh (548)
[2023.08.19-19.00.51:232][  0]LogModuleManager: Shutting down and abandoning module CableComponent (546)
[2023.08.19-19.00.51:232][  0]LogModuleManager: Shutting down and abandoning module AssetTags (544)
[2023.08.19-19.00.51:232][  0]LogModuleManager: Shutting down and abandoning module AudioCapture (542)
[2023.08.19-19.00.51:232][  0]LogModuleManager: Shutting down and abandoning module AudioCaptureRtAudio (541)
[2023.08.19-19.00.51:232][  0]LogModuleManager: Shutting down and abandoning module ArchVisCharacter (538)
[2023.08.19-19.00.51:232][  0]LogModuleManager: Shutting down and abandoning module AppleImageUtilsBlueprintSupport (536)
[2023.08.19-19.00.51:232][  0]LogModuleManager: Shutting down and abandoning module AppleImageUtils (534)
[2023.08.19-19.00.51:232][  0]LogModuleManager: Shutting down and abandoning module ScreenshotTools (532)
[2023.08.19-19.00.51:232][  0]LogModuleManager: Shutting down and abandoning module MediaCompositing (530)
[2023.08.19-19.00.51:232][  0]LogModuleManager: Shutting down and abandoning module AndroidPermission (528)
[2023.08.19-19.00.51:232][  0]LogModuleManager: Shutting down and abandoning module ActorLayerUtilitiesEditor (526)
[2023.08.19-19.00.51:232][  0]LogModuleManager: Shutting down and abandoning module ActorLayerUtilities (524)
[2023.08.19-19.00.51:233][  0]LogModuleManager: Shutting down and abandoning module TemplateSequence (522)
[2023.08.19-19.00.51:233][  0]LogModuleManager: Shutting down and abandoning module OpenImageDenoise (520)
[2023.08.19-19.00.51:233][  0]LogOpenImageDenoise: OIDN shutting down
[2023.08.19-19.00.51:233][  0]LogModuleManager: Shutting down and abandoning module MotoSynthEditor (518)
[2023.08.19-19.00.51:233][  0]LogModuleManager: Shutting down and abandoning module MotoSynth (516)
[2023.08.19-19.00.51:233][  0]LogModuleManager: Shutting down and abandoning module GeometryCacheTracks (514)
[2023.08.19-19.00.51:233][  0]LogModuleManager: Shutting down and abandoning module GeometryCacheStreamer (512)
[2023.08.19-19.00.51:233][  0]LogModuleManager: Shutting down and abandoning module GeometryCacheSequencer (510)
[2023.08.19-19.00.51:233][  0]LogModuleManager: Shutting down and abandoning module GeometryCollectionTracks (508)
[2023.08.19-19.00.51:233][  0]LogModuleManager: Shutting down and abandoning module GeometryCollectionSequencer (507)
[2023.08.19-19.00.51:233][  0]LogModuleManager: Shutting down and abandoning module GeometryCollectionEditor (504)
[2023.08.19-19.00.51:233][  0]LogModuleManager: Shutting down and abandoning module MeshConversion (502)
[2023.08.19-19.00.51:233][  0]LogModuleManager: Shutting down and abandoning module DynamicMesh (500)
[2023.08.19-19.00.51:234][  0]LogModuleManager: Shutting down and abandoning module GeometryAlgorithms (498)
[2023.08.19-19.00.51:235][  0]LogModuleManager: Shutting down and abandoning module GeometricObjects (496)
[2023.08.19-19.00.51:235][  0]LogModuleManager: Shutting down and abandoning module MagicLeapHelperVulkan (494)
[2023.08.19-19.00.51:235][  0]LogModuleManager: Shutting down and abandoning module MagicLeapHelperOpenGL (492)
[2023.08.19-19.00.51:235][  0]LogModuleManager: Shutting down and abandoning module MagicLeapAudio (490)
[2023.08.19-19.00.51:235][  0]LogModuleManager: Shutting down and abandoning module MagicLeapLightEstimation (488)
[2023.08.19-19.00.51:235][  0]LogModuleManager: Shutting down and abandoning module MagicLeapSharedWorld (486)
[2023.08.19-19.00.51:235][  0]LogModuleManager: Shutting down and abandoning module ChaosNiagara (484)
[2023.08.19-19.00.51:235][  0]LogModuleManager: Shutting down and abandoning module FractureEditor (482)
[2023.08.19-19.00.51:236][  0]LogModuleManager: Shutting down and abandoning module ChaosClothEditor (480)
[2023.08.19-19.00.51:236][  0]LogModuleManager: Shutting down and abandoning module ChaosSolverEditor (478)
[2023.08.19-19.00.51:236][  0]LogModuleManager: Shutting down and abandoning module FieldSystemEngine (477)
[2023.08.19-19.00.51:236][  0]LogModuleManager: Shutting down and abandoning module AutomationUtilsEditor (474)
[2023.08.19-19.00.51:236][  0]LogModuleManager: Shutting down and abandoning module AutomationUtils (472)
[2023.08.19-19.00.51:236][  0]LogModuleManager: Shutting down and abandoning module AlembicImporter (470)
[2023.08.19-19.00.51:236][  0]LogModuleManager: Shutting down and abandoning module AlembicLibrary (469)
[2023.08.19-19.00.51:236][  0]LogModuleManager: Shutting down and abandoning module GeometryCache (468)
[2023.08.19-19.00.51:236][  0]LogModuleManager: Shutting down and abandoning module GeometryCacheEd (467)
[2023.08.19-19.00.51:236][  0]LogModuleManager: Shutting down and abandoning module NiagaraEditorWidgets (462)
[2023.08.19-19.00.51:238][  0]LogModuleManager: Shutting down and abandoning module VariantManagerContentEditor (460)
[2023.08.19-19.00.51:238][  0]LogModuleManager: Shutting down and abandoning module DatasmithContentEditor (458)
[2023.08.19-19.00.51:238][  0]LogModuleManager: Shutting down and abandoning module SpeedTreeImporter (456)
[2023.08.19-19.00.51:238][  0]LogModuleManager: Shutting down and abandoning module MaterialAnalyzer (454)
[2023.08.19-19.00.51:238][  0]LogModuleManager: Shutting down and abandoning module CryptoKeysOpenSSL (452)
[2023.08.19-19.00.51:238][  0]LogModuleManager: Shutting down and abandoning module CryptoKeys (450)
[2023.08.19-19.00.51:238][  0]LogModuleManager: Shutting down and abandoning module MobileLauncherProfileWizard (448)
[2023.08.19-19.00.51:238][  0]LogModuleManager: Shutting down and abandoning module PluginBrowser (446)
[2023.08.19-19.00.51:238][  0]LogModuleManager: Shutting down and abandoning module CurveEditorTools (444)
[2023.08.19-19.00.51:238][  0]LogModuleManager: Shutting down and abandoning module VisualStudioCodeSourceCodeAccess (442)
[2023.08.19-19.00.51:238][  0]LogModuleManager: Shutting down and abandoning module PluginUtils (440)
[2023.08.19-19.00.51:238][  0]LogModuleManager: Shutting down and abandoning module VisualStudioSourceCodeAccess (438)
[2023.08.19-19.00.51:238][  0]LogModuleManager: Shutting down and abandoning module UObjectPlugin (436)
[2023.08.19-19.00.51:238][  0]LogModuleManager: Shutting down and abandoning module SubversionSourceControl (434)
[2023.08.19-19.00.51:238][  0]LogModuleManager: Shutting down and abandoning module PlasticSourceControl (432)
[2023.08.19-19.00.51:239][  0]LogModuleManager: Shutting down and abandoning module PerforceSourceControl (430)
[2023.08.19-19.00.51:239][  0]LogModuleManager: Shutting down and abandoning module AnimationSharingEd (428)
[2023.08.19-19.00.51:239][  0]LogModuleManager: Shutting down and abandoning module GitSourceControl (426)
[2023.08.19-19.00.51:239][  0]LogModuleManager: Shutting down and abandoning module SourceControl (425)
[2023.08.19-19.00.51:239][  0]LogModuleManager: Shutting down and abandoning module CLionSourceCodeAccess (422)
[2023.08.19-19.00.51:239][  0]LogModuleManager: Shutting down and abandoning module OodleNetworkHandlerComponent (420)
[2023.08.19-19.00.51:239][  0]LogModuleManager: Shutting down and abandoning module LightPropagationVolumeEditor (418)
[2023.08.19-19.00.51:239][  0]LogModuleManager: Shutting down and abandoning module PaperTiledImporter (416)
[2023.08.19-19.00.51:239][  0]LogModuleManager: Shutting down and abandoning module PaperSpriteSheetImporter (414)
[2023.08.19-19.00.51:239][  0]LogModuleManager: Shutting down and abandoning module Paper2DEditor (412)
[2023.08.19-19.00.51:239][  0]LogModuleManager: Shutting down and abandoning module MeshPaintingToolset (410)
[2023.08.19-19.00.51:239][  0]LogModuleManager: Shutting down and abandoning module MeshPaintEditorMode (408)
[2023.08.19-19.00.51:239][  0]LogModuleManager: Shutting down and abandoning module DungeonGeneration (406)
[2023.08.19-19.00.51:239][  0]LogModuleManager: Shutting down and abandoning module PhysXVehiclesEditor (404)
[2023.08.19-19.00.51:239][  0]LogModuleManager: Shutting down and abandoning module RuntimePhysXCooking (400)
[2023.08.19-19.00.51:239][  0]LogModuleManager: Shutting down and abandoning module SoundFields (398)
[2023.08.19-19.00.51:239][  0]LogModuleManager: Shutting down and abandoning module SignificanceManager (396)
[2023.08.19-19.00.51:239][  0]LogModuleManager: Shutting down and abandoning module LocationServicesBPLibrary (394)
[2023.08.19-19.00.51:239][  0]LogModuleManager: Shutting down and abandoning module PropertyAccessEditor (392)
[2023.08.19-19.00.51:240][  0]LogModuleManager: Shutting down and abandoning module AudioSynesthesia (390)
[2023.08.19-19.00.51:240][  0]LogModuleManager: Shutting down and abandoning module AudioSynesthesiaCore (388)
[2023.08.19-19.00.51:240][  0]LogModuleManager: Shutting down and abandoning module ActorSequence (386)
[2023.08.19-19.00.51:240][  0]LogModuleManager: Shutting down and abandoning module TcpMessaging (384)
[2023.08.19-19.00.51:240][  0]LogModuleManager: Shutting down and abandoning module UdpMessaging (382)
[2023.08.19-19.00.51:242][  0]LogModuleManager: Shutting down and abandoning module PythonScriptPlugin (380)
[2023.08.19-19.00.51:242][  0]LogModuleManager: Shutting down and abandoning module MagicLeapHandMeshing (378)
[2023.08.19-19.00.51:242][  0]LogModuleManager: Shutting down and abandoning module MagicLeapSecureStorage (376)
[2023.08.19-19.00.51:242][  0]LogModuleManager: Shutting down and abandoning module MagicLeapPrivileges (374)
[2023.08.19-19.00.51:243][  0]LogModuleManager: Shutting down and abandoning module MagicLeapPlanes (372)
[2023.08.19-19.00.51:243][  0]LogMagicLeapPlanes: Planes tracker already destroyed.
[2023.08.19-19.00.51:243][  0]LogModuleManager: Shutting down and abandoning module MagicLeapImageTracker (370)
[2023.08.19-19.00.51:243][  0]LogModuleManager: Shutting down and abandoning module MagicLeapIdentity (368)
[2023.08.19-19.00.51:243][  0]LogModuleManager: Shutting down and abandoning module MagicLeapHandTracking (366)
[2023.08.19-19.00.51:243][  0]LogModuleManager: Shutting down and abandoning module MagicLeapEyeTracker (364)
[2023.08.19-19.00.51:243][  0]LogModuleManager: Shutting down and abandoning module MagicLeapController (362)
[2023.08.19-19.00.51:243][  0]LogModuleManager: Shutting down and abandoning module MagicLeapARPinImpl (360)
[2023.08.19-19.00.51:243][  0]LogModuleManager: Shutting down and abandoning module MagicLeapAR (358)
[2023.08.19-19.00.51:243][  0]LogModuleManager: Shutting down and abandoning module MagicLeapARPin (356)
[2023.08.19-19.00.51:243][  0]LogModuleManager: Shutting down and abandoning module NiagaraAnimNotifies (354)
[2023.08.19-19.00.51:244][  0]LogModuleManager: Shutting down and abandoning module Niagara (352)
[2023.08.19-19.00.51:245][  0]LogModuleManager: Shutting down and abandoning module SignalProcessing (351)
[2023.08.19-19.00.51:245][  0]LogModuleManager: Shutting down and abandoning module NiagaraEditor (349)
[2023.08.19-19.00.51:247][  0]LogModuleManager: Shutting down and abandoning module NiagaraCore (346)
[2023.08.19-19.00.51:247][  0]LogModuleManager: Shutting down and abandoning module DataValidation (344)
[2023.08.19-19.00.51:247][  0]LogModuleManager: Shutting down and abandoning module GameplayTagsEditor (342)
[2023.08.19-19.00.51:247][  0]LogModuleManager: Shutting down and abandoning module FacialAnimationEditor (340)
[2023.08.19-19.00.51:248][  0]LogModuleManager: Shutting down and abandoning module FacialAnimation (338)
[2023.08.19-19.00.51:248][  0]LogModuleManager: Shutting down and abandoning module PropertyAccessNode (336)
[2023.08.19-19.00.51:248][  0]LogModuleManager: Shutting down and abandoning module AssetManagerEditor (334)
[2023.08.19-19.00.51:248][  0]LogModuleManager: Shutting down and abandoning module TreeMap (333)
[2023.08.19-19.00.51:248][  0]LogModuleManager: Shutting down and abandoning module AnimationSharing (330)
[2023.08.19-19.00.51:248][  0]LogModuleManager: Shutting down and abandoning module EnvironmentQueryEditor (328)
[2023.08.19-19.00.51:249][  0]LogModuleManager: Shutting down and abandoning module GameplayCameras (326)
[2023.08.19-19.00.51:249][  0]LogModuleManager: Shutting down and abandoning module LightPropagationVolumeRuntime (324)
[2023.08.19-19.00.51:249][  0]LogModuleManager: Shutting down and abandoning module Paper2D (322)
[2023.08.19-19.00.51:249][  0]LogModuleManager: Shutting down and abandoning module NetworkReplayStreaming (320)
[2023.08.19-19.00.51:249][  0]LogModuleManager: Shutting down and abandoning module PacketHandler (318)
[2023.08.19-19.00.51:249][  0]LogModuleManager: Shutting down and abandoning module ClothingSystemEditor (316)
[2023.08.19-19.00.51:249][  0]LogModuleManager: Shutting down and abandoning module ClothingSystemRuntimeNv (314)
[2023.08.19-19.00.51:250][  0]LogModuleManager: Shutting down and abandoning module MediaAssets (312)
[2023.08.19-19.00.51:250][  0]LogModuleManager: Shutting down and abandoning module Overlay (310)
[2023.08.19-19.00.51:251][  0]LogModuleManager: Shutting down and abandoning module OverlayEditor (309)
[2023.08.19-19.00.51:251][  0]LogModuleManager: Shutting down and abandoning module Blutility (306)
[2023.08.19-19.00.51:251][  0]LogModuleManager: Shutting down and abandoning module LevelEditor (305)
[2023.08.19-19.00.51:251][  0]LogModuleManager: Shutting down and abandoning module PixelInspectorModule (304)
[2023.08.19-19.00.51:252][  0]LogModuleManager: Shutting down and abandoning module CommonMenuExtensions (302)
[2023.08.19-19.00.51:252][  0]LogModuleManager: Shutting down and abandoning module MainFrame (300)
[2023.08.19-19.00.51:253][  0]LogModuleManager: Shutting down and abandoning module HotReload (299)
[2023.08.19-19.00.51:254][  0]LogModuleManager: Shutting down and abandoning module ContentBrowser (295)
[2023.08.19-19.00.51:254][  0]LogModuleManager: Shutting down and abandoning module CollectionManager (294)
[2023.08.19-19.00.51:255][  0]LogModuleManager: Shutting down and abandoning module ContentBrowserData (292)
[2023.08.19-19.00.51:255][  0]LogModuleManager: Shutting down and abandoning module IntroTutorials (288)
[2023.08.19-19.00.51:255][  0]LogModuleManager: Shutting down and abandoning module VREditor (286)
[2023.08.19-19.00.51:256][  0]LogModuleManager: Shutting down and abandoning module StringTableEditor (284)
[2023.08.19-19.00.51:257][  0]LogModuleManager: Shutting down and abandoning module GameplayTasksEditor (282)
[2023.08.19-19.00.51:257][  0]LogModuleManager: Shutting down and abandoning module BehaviorTreeEditor (280)
[2023.08.19-19.00.51:258][  0]LogModuleManager: Shutting down and abandoning module FunctionalTesting (278)
[2023.08.19-19.00.51:258][  0]LogModuleManager: Shutting down and abandoning module CollisionAnalyzer (276)
[2023.08.19-19.00.51:259][  0]LogModuleManager: Shutting down and abandoning module WorkspaceMenuStructure (275)
[2023.08.19-19.00.51:259][  0]LogModuleManager: Shutting down and abandoning module UMG (272)
[2023.08.19-19.00.51:260][  0]LogModuleManager: Shutting down and abandoning module UMGEditor (271)
[2023.08.19-19.00.51:261][  0]LogModuleManager: Shutting down and abandoning module MessageLog (269)
[2023.08.19-19.00.51:262][  0]LogModuleManager: Shutting down and abandoning module SlateReflector (264)
[2023.08.19-19.00.51:265][  0]LogModuleManager: Shutting down and abandoning module Slate (262)
[2023.08.19-19.00.51:265][  0]LogModuleManager: Shutting down and abandoning module SlateCore (260)
[2023.08.19-19.00.51:265][  0]LogModuleManager: Shutting down and abandoning module LandscapeEditorUtilities (258)
[2023.08.19-19.00.51:265][  0]LogModuleManager: Shutting down and abandoning module UnrealEd (256)
[2023.08.19-19.00.51:267][  0]LogModuleManager: Shutting down and abandoning module MRMesh (254)
[2023.08.19-19.00.51:267][  0]LogModuleManager: Shutting down and abandoning module SourceCodeAccess (252)
[2023.08.19-19.00.51:267][  0]LogModuleManager: Shutting down and abandoning module HeadMountedDisplay (250)
[2023.08.19-19.00.51:267][  0]LogModuleManager: Shutting down and abandoning module XAudio2 (248)
[2023.08.19-19.00.51:267][  0]LogModuleManager: Shutting down and abandoning module Networking (246)
[2023.08.19-19.00.51:267][  0]LogModuleManager: Shutting down and abandoning module Core (244)
[2023.08.19-19.00.51:267][  0]LogModuleManager: Shutting down and abandoning module MaterialEditor (242)
[2023.08.19-19.00.51:268][  0]LogModuleManager: Shutting down and abandoning module Settings (241)
[2023.08.19-19.00.51:268][  0]LogModuleManager: Shutting down and abandoning module MovieSceneTools (238)
[2023.08.19-19.00.51:269][  0]LogModuleManager: Shutting down and abandoning module CurveEditor (237)
[2023.08.19-19.00.51:270][  0]LogModuleManager: Shutting down and abandoning module Sequencer (235)
[2023.08.19-19.00.51:272][  0]LogModuleManager: Shutting down and abandoning module EditorStyle (234)
[2023.08.19-19.00.51:272][  0]LogModuleManager: Shutting down and abandoning module KismetCompiler (230)
[2023.08.19-19.00.51:272][  0]LogModuleManager: Shutting down and abandoning module MeshBuilder (228)
[2023.08.19-19.00.51:273][  0]LogModuleManager: Shutting down and abandoning module MeshUtilities (226)
[2023.08.19-19.00.51:273][  0]LogModuleManager: Shutting down and abandoning module MeshMergeUtilities (225)
[2023.08.19-19.00.51:274][  0]LogModuleManager: Shutting down and abandoning module MeshReductionInterface (224)
[2023.08.19-19.00.51:274][  0]LogModuleManager: Shutting down and abandoning module MeshBoneReduction (223)
[2023.08.19-19.00.51:274][  0]LogModuleManager: Shutting down and abandoning module SkeletalMeshReduction (221)
[2023.08.19-19.00.51:274][  0]LogModuleManager: Shutting down and abandoning module ProxyLODMeshReduction (219)
[2023.08.19-19.00.51:275][  0]LogModuleManager: Shutting down and abandoning module QuadricMeshReduction (217)
[2023.08.19-19.00.51:275][  0]LogModuleManager: Shutting down and abandoning module MaterialBaking (213)
[2023.08.19-19.00.51:276][  0]LogModuleManager: Shutting down and abandoning module DirectoryWatcher (209)
[2023.08.19-19.00.51:276][  0]LogModuleManager: Shutting down and abandoning module NullInstallBundleManager (206)
[2023.08.19-19.00.51:276][  0]LogModuleManager: Shutting down and abandoning module DerivedDataCache (204)
[2023.08.19-19.00.51:276][  0]LogModuleManager: Shutting down and abandoning module TargetPlatform (202)
[2023.08.19-19.00.51:277][  0]LogModuleManager: Shutting down and abandoning module VulkanShaderFormat (201)
[2023.08.19-19.00.51:278][  0]LogModuleManager: Shutting down and abandoning module ShaderFormatVectorVM (199)
[2023.08.19-19.00.51:278][  0]LogModuleManager: Shutting down and abandoning module ShaderFormatOpenGL (197)
[2023.08.19-19.00.51:278][  0]LogModuleManager: Shutting down and abandoning module ShaderFormatD3D (195)
[2023.08.19-19.00.51:279][  0]LogModuleManager: Shutting down and abandoning module MetalShaderFormat (193)
[2023.08.19-19.00.51:279][  0]LogModuleManager: Shutting down and abandoning module TextureFormatOodle (191)
[2023.08.19-19.00.51:280][  0]LogModuleManager: Shutting down and abandoning module TextureFormatUncompressed (189)
[2023.08.19-19.00.51:280][  0]LogModuleManager: Shutting down and abandoning module TextureFormatPVR (187)
[2023.08.19-19.00.51:280][  0]LogModuleManager: Shutting down and abandoning module TextureFormatETC2 (185)
[2023.08.19-19.00.51:280][  0]LogModuleManager: Shutting down and abandoning module TextureFormatDXT (183)
[2023.08.19-19.00.51:280][  0]LogModuleManager: Shutting down and abandoning module TextureFormatIntelISPCTexComp (181)
[2023.08.19-19.00.51:281][  0]LogModuleManager: Shutting down and abandoning module TextureFormatASTC (179)
[2023.08.19-19.00.51:281][  0]LogModuleManager: Shutting down and abandoning module ImageWrapper (178)
[2023.08.19-19.00.51:281][  0]LogModuleManager: Shutting down and abandoning module AudioFormatOpus (175)
[2023.08.19-19.00.51:281][  0]LogModuleManager: Shutting down and abandoning module AudioFormatOgg (173)
[2023.08.19-19.00.51:281][  0]LogModuleManager: Shutting down and abandoning module AudioFormatADPCM (171)
[2023.08.19-19.00.51:281][  0]LogModuleManager: Shutting down and abandoning module WindowsServerTargetPlatform (169)
[2023.08.19-19.00.51:281][  0]LogModuleManager: Shutting down and abandoning module WindowsClientTargetPlatform (167)
[2023.08.19-19.00.51:281][  0]LogModuleManager: Shutting down and abandoning module WindowsTargetPlatform (165)
[2023.08.19-19.00.51:281][  0]LogModuleManager: Shutting down and abandoning module WindowsNoEditorTargetPlatform (163)
[2023.08.19-19.00.51:281][  0]LogModuleManager: Shutting down and abandoning module TVOSTargetPlatform (161)
[2023.08.19-19.00.51:282][  0]LogModuleManager: Shutting down and abandoning module MacServerTargetPlatform (159)
[2023.08.19-19.00.51:282][  0]LogModuleManager: Shutting down and abandoning module MacClientTargetPlatform (157)
[2023.08.19-19.00.51:282][  0]LogModuleManager: Shutting down and abandoning module MacTargetPlatform (155)
[2023.08.19-19.00.51:282][  0]LogModuleManager: Shutting down and abandoning module MacNoEditorTargetPlatform (153)
[2023.08.19-19.00.51:282][  0]LogModuleManager: Shutting down and abandoning module LuminTargetPlatform (151)
[2023.08.19-19.00.51:283][  0]LogModuleManager: Shutting down and abandoning module LinuxAArch64ServerTargetPlatform (149)
[2023.08.19-19.00.51:283][  0]LogModuleManager: Shutting down and abandoning module LinuxAArch64ClientTargetPlatform (147)
[2023.08.19-19.00.51:283][  0]LogModuleManager: Shutting down and abandoning module LinuxAArch64NoEditorTargetPlatform (145)
[2023.08.19-19.00.51:283][  0]LogModuleManager: Shutting down and abandoning module LinuxServerTargetPlatform (143)
[2023.08.19-19.00.51:283][  0]LogModuleManager: Shutting down and abandoning module LinuxClientTargetPlatform (141)
[2023.08.19-19.00.51:283][  0]LogModuleManager: Shutting down and abandoning module LinuxNoEditorTargetPlatform (139)
[2023.08.19-19.00.51:283][  0]LogModuleManager: Shutting down and abandoning module LinuxTargetPlatform (137)
[2023.08.19-19.00.51:283][  0]LogModuleManager: Shutting down and abandoning module Messaging (135)
[2023.08.19-19.00.51:283][  0]LogModuleManager: Shutting down and abandoning module IOSTargetPlatform (133)
[2023.08.19-19.00.51:283][  0]LogModuleManager: Shutting down and abandoning module AndroidTargetPlatform (131)
[2023.08.19-19.00.51:285][  0]LogModuleManager: Shutting down and abandoning module AllDesktopTargetPlatform (129)
[2023.08.19-19.00.51:285][  0]LogModuleManager: Shutting down and abandoning module NullDrv (126)
[2023.08.19-19.00.51:285][  0]LogModuleManager: Shutting down and abandoning module PhysXCooking (124)
[2023.08.19-19.00.51:285][  0]LogModuleManager: Shutting down and abandoning module Chaos (122)
[2023.08.19-19.00.51:285][  0]LogModuleManager: Shutting down and abandoning module WindowsPlatformFeatures (120)
[2023.08.19-19.00.51:285][  0]LogModuleManager: Shutting down and abandoning module GameplayMediaEncoder (119)
[2023.08.19-19.00.51:285][  0]LogModuleManager: Shutting down and abandoning module AVEncoder (118)
[2023.08.19-19.00.51:287][  0]LogModuleManager: Shutting down and abandoning module ExampleDeviceProfileSelector (114)
[2023.08.19-19.00.51:287][  0]LogModuleManager: Shutting down and abandoning module SteamVRInputDevice (112)
[2023.08.19-19.00.51:287][  0]LogModuleManager: Shutting down and abandoning module SteamVRInput (110)
[2023.08.19-19.00.51:287][  0]LogModuleManager: Shutting down and abandoning module SteamVR (108)
[2023.08.19-19.00.51:287][  0]LogHMD: Freeing OpenVRDLLHandle.
[2023.08.19-19.00.51:287][  0]LogModuleManager: Shutting down and abandoning module OculusHMD (106)
[2023.08.19-19.00.51:287][  0]LogModuleManager: Shutting down and abandoning module OpenXRHandTracking (104)
[2023.08.19-19.00.51:287][  0]LogModuleManager: Shutting down and abandoning module OpenXRAR (102)
[2023.08.19-19.00.51:288][  0]LogModuleManager: Shutting down and abandoning module AugmentedReality (101)
[2023.08.19-19.00.51:288][  0]LogModuleManager: Shutting down and abandoning module OpenXRHMD (98)
[2023.08.19-19.00.51:288][  0]LogModuleManager: Shutting down and abandoning module OpenXREyeTracker (96)
[2023.08.19-19.00.51:288][  0]LogModuleManager: Shutting down and abandoning module ChunkDownloader (94)
[2023.08.19-19.00.51:289][  0]LogModuleManager: Shutting down and abandoning module LauncherChunkInstaller (92)
[2023.08.19-19.00.51:289][  0]LogModuleManager: Shutting down and abandoning module OnlineBlueprintSupport (90)
[2023.08.19-19.00.51:289][  0]LogModuleManager: Shutting down and abandoning module OnlineSubsystem (86)
[2023.08.19-19.00.51:290][  0]LogModuleManager: Shutting down and abandoning module XMPP (81)
[2023.08.19-19.00.51:291][  0]LogModuleManager: Shutting down and abandoning module WebSockets (80)
[2023.08.19-19.00.51:320][  0]LogModuleManager: Shutting down and abandoning module HTTP (77)
[2023.08.19-19.00.51:320][  0]LogHttp: Display: cleaning up 0 outstanding Http requests.
[2023.08.19-19.00.51:346][  0]LogModuleManager: Shutting down and abandoning module SSL (76)
[2023.08.19-19.00.51:347][  0]LogModuleManager: Shutting down and abandoning module ExrReaderGpu (72)
[2023.08.19-19.00.51:348][  0]LogModuleManager: Shutting down and abandoning module WmfMedia (70)
[2023.08.19-19.00.51:349][  0]LogModuleManager: Shutting down and abandoning module Media (69)
[2023.08.19-19.00.51:349][  0]LogModuleManager: Shutting down and abandoning module MediaInfo (68)
[2023.08.19-19.00.51:349][  0]LogModuleManager: Shutting down and abandoning module MLSDK (64)
[2023.08.19-19.00.51:350][  0]LogModuleManager: Shutting down and abandoning module MagicLeap (62)
[2023.08.19-19.00.51:350][  0]LogModuleManager: Shutting down and abandoning module ChaosCloth (60)
[2023.08.19-19.00.51:350][  0]LogModuleManager: Shutting down and abandoning module NiagaraVertexFactories (58)
[2023.08.19-19.00.51:350][  0]LogModuleManager: Shutting down and abandoning module NiagaraShader (56)
[2023.08.19-19.00.51:350][  0]LogModuleManager: Shutting down and abandoning module VariantManagerContent (54)
[2023.08.19-19.00.51:350][  0]LogModuleManager: Shutting down and abandoning module DatasmithContent (52)
[2023.08.19-19.00.51:350][  0]LogModuleManager: Shutting down and abandoning module PixWinPlugin (50)
[2023.08.19-19.00.51:351][  0]LogModuleManager: Shutting down and abandoning module AISupportModule (48)
[2023.08.19-19.00.51:351][  0]LogModuleManager: Shutting down and abandoning module PythonScriptPluginPreload (46)
[2023.08.19-19.00.51:351][  0]LogModuleManager: Shutting down and abandoning module PlatformCryptoOpenSSL (44)
[2023.08.19-19.00.51:351][  0]LogModuleManager: Shutting down and abandoning module PlatformCryptoTypes (42)
[2023.08.19-19.00.51:351][  0]LogModuleManager: Shutting down and abandoning module PlatformCrypto (40)
[2023.08.19-19.00.51:351][  0]LogModuleManager: Shutting down and abandoning module OodleDataCompressionFormat (38)
[2023.08.19-19.00.51:352][  0]LogModuleManager: Shutting down and abandoning module XGEController (36)
[2023.08.19-19.00.51:352][  0]LogXGEController: Cannot use XGE Controller as Incredibuild is not installed on this machine.
[2023.08.19-19.00.51:352][  0]LogXGEController: Cleaning working directory: C:/Users/diogo/AppData/Local/Temp/UnrealXGEWorkingDir/
[2023.08.19-19.00.51:352][  0]LogModuleManager: Shutting down and abandoning module AnimationModifiers (34)
[2023.08.19-19.00.51:353][  0]LogModuleManager: Shutting down and abandoning module AudioEditor (32)
[2023.08.19-19.00.51:354][  0]LogModuleManager: Shutting down and abandoning module PropertyEditor (31)
[2023.08.19-19.00.51:355][  0]LogModuleManager: Shutting down and abandoning module TextureCompressor (28)
[2023.08.19-19.00.51:355][  0]LogModuleManager: Shutting down and abandoning module RenderCore (26)
[2023.08.19-19.00.51:355][  0]LogModuleManager: Shutting down and abandoning module Landscape (24)
[2023.08.19-19.00.51:355][  0]LogModuleManager: Shutting down and abandoning module SlateRHIRenderer (22)
[2023.08.19-19.00.51:355][  0]LogModuleManager: Shutting down and abandoning module AnimGraphRuntime (20)
[2023.08.19-19.00.51:356][  0]LogModuleManager: Shutting down and abandoning module Renderer (18)
[2023.08.19-19.00.51:356][  0]LogModuleManager: Shutting down and abandoning module Engine (16)
[2023.08.19-19.00.51:356][  0]LogModuleManager: Shutting down and abandoning module CoreUObject (14)
[2023.08.19-19.00.51:356][  0]LogModuleManager: Shutting down and abandoning module NetworkFile (12)
[2023.08.19-19.00.51:357][  0]LogModuleManager: Shutting down and abandoning module CookedIterativeFile (10)
[2023.08.19-19.00.51:357][  0]LogModuleManager: Shutting down and abandoning module StreamingFile (8)
[2023.08.19-19.00.51:357][  0]LogModuleManager: Shutting down and abandoning module SandboxFile (6)
[2023.08.19-19.00.51:357][  0]LogModuleManager: Shutting down and abandoning module PakFile (4)
[2023.08.19-19.00.51:357][  0]LogModuleManager: Shutting down and abandoning module RSA (3)
[2023.08.19-19.00.51:483][  0]LogContentStreaming: Display: There are 1 unreleased StreamingManagers
[2023.08.19-19.00.51:496][  0]LogExit: Exiting.
[2023.08.19-19.00.51:513][  0]Log file closed, 08/19/23 21:00:51
