Log file open, 08/15/23 17:54:52
LogWindows: Failed to load 'aqProf.dll' (GetLastError=126)
LogWindows: File 'aqProf.dll' does not exist
LogWindows: Failed to load 'VtuneApi.dll' (GetLastError=126)
LogWindows: File 'VtuneApi.dll' does not exist
LogWindows: Failed to load 'VtuneApi32e.dll' (GetLastError=126)
LogWindows: File 'VtuneApi32e.dll' does not exist
LogConsoleResponse: Display: Failed to find resolution value strings in scalability ini. Falling back to default.
LogConsoleResponse: Display: Failed to find resolution value strings in scalability ini. Falling back to default.
LogInit: Display: Running engine for game: DungeonGeneration
LogPlatformFile: Not using cached read wrapper
LogTaskGraph: Started task graph with 5 named threads and 47 total threads with 3 sets of task threads.
LogStats: Stats thread started at 0.367914
LogICUInternationalization: ICU TimeZone Detection - Raw Offset: +1:00, Platform Override: ''
LogInit: Display: Loading text-based GConfig....
LogPluginManager: Mounting plugin MeshPainting
LogPluginManager: Mounting plugin XGEController
LogPluginManager: Mounting plugin Paper2D
LogPluginManager: Mounting plugin LiveLink
LogPluginManager: Mounting plugin EnvironmentQueryEditor
LogPluginManager: Mounting plugin AISupport
LogPluginManager: Mounting plugin LightPropagationVolume
LogPluginManager: Mounting plugin CameraShakePreviewer
LogPluginManager: Mounting plugin GameplayCameras
LogPluginManager: Mounting plugin OodleNetwork
LogPluginManager: Mounting plugin OodleData
LogPluginManager: Mounting plugin CLionSourceCodeAccess
LogPluginManager: Mounting plugin AnimationSharing
LogPluginManager: Mounting plugin GitSourceControl
LogPluginManager: Mounting plugin CodeLiteSourceCodeAccess
LogPluginManager: Mounting plugin KDevelopSourceCodeAccess
LogPluginManager: Mounting plugin NullSourceCodeAccess
LogPluginManager: Mounting plugin PixWinPlugin
LogPluginManager: Mounting plugin PerforceSourceControl
LogPluginManager: Mounting plugin PluginUtils
LogPluginManager: Mounting plugin PlasticSourceControl
LogPluginManager: Mounting plugin PropertyAccessNode
LogPluginManager: Mounting plugin RiderSourceCodeAccess
LogPluginManager: Mounting plugin SubversionSourceControl
LogPluginManager: Mounting plugin TextureFormatOodle
LogPluginManager: Mounting plugin UObjectPlugin
LogPluginManager: Mounting plugin VisualStudioCodeSourceCodeAccess
LogPluginManager: Mounting plugin VisualStudioSourceCodeAccess
LogPluginManager: Mounting plugin AssetManagerEditor
LogPluginManager: Mounting plugin XCodeSourceCodeAccess
LogPluginManager: Mounting plugin CryptoKeys
LogPluginManager: Mounting plugin CurveEditorTools
LogPluginManager: Mounting plugin DataValidation
LogPluginManager: Mounting plugin FacialAnimation
LogPluginManager: Mounting plugin GeometryMode
LogPluginManager: Mounting plugin GameplayTagsEditor
LogPluginManager: Mounting plugin MacGraphicsSwitching
LogPluginManager: Mounting plugin MaterialAnalyzer
LogPluginManager: Mounting plugin PluginBrowser
LogPluginManager: Mounting plugin MobileLauncherProfileWizard
LogPluginManager: Mounting plugin SpeedTreeImporter
LogPluginManager: Mounting plugin DatasmithContent
LogPluginManager: Mounting plugin VariantManagerContent
LogPluginManager: Mounting plugin Niagara
LogPluginManager: Mounting plugin AlembicImporter
LogPluginManager: Mounting plugin AutomationUtils
LogPluginManager: Mounting plugin BackChannel
LogPluginManager: Mounting plugin ChaosCloth
LogPluginManager: Mounting plugin ChaosClothEditor
LogPluginManager: Mounting plugin ChaosNiagara
LogPluginManager: Mounting plugin ChaosEditor
LogPluginManager: Mounting plugin ChaosSolverPlugin
LogPluginManager: Mounting plugin CharacterAI
LogPluginManager: Mounting plugin GeometryCache
LogPluginManager: Mounting plugin GeometryCollectionPlugin
LogPluginManager: Mounting plugin GeometryProcessing
LogPluginManager: Mounting plugin OpenImageDenoise
LogPluginManager: Mounting plugin MotoSynth
LogPluginManager: Mounting plugin PlatformCrypto
LogPluginManager: Mounting plugin PlanarCut
LogPluginManager: Mounting plugin ProxyLODPlugin
LogPluginManager: Mounting plugin PythonScriptPlugin
LogPluginManager: Mounting plugin SkeletalReduction
LogPluginManager: Mounting plugin LuminPlatformFeatures
LogPluginManager: Mounting plugin MagicLeap
LogPluginManager: Mounting plugin MagicLeapLightEstimation
LogPluginManager: Mounting plugin MagicLeapMedia
LogPluginManager: Mounting plugin MagicLeapPassableWorld
LogPluginManager: Mounting plugin MLSDK
LogPluginManager: Mounting plugin AndroidMedia
LogPluginManager: Mounting plugin AvfMedia
LogPluginManager: Mounting plugin ImgMedia
LogPluginManager: Mounting plugin MediaPlayerEditor
LogPluginManager: Mounting plugin WebMMedia
LogPluginManager: Mounting plugin WmfMedia
LogPluginManager: Mounting plugin TcpMessaging
LogPluginManager: Mounting plugin UdpMessaging
LogPluginManager: Mounting plugin MatineeToLevelSequence
LogPluginManager: Mounting plugin MediaCompositing
LogPluginManager: Mounting plugin TemplateSequence
LogPluginManager: Mounting plugin OnlineSubsystem
LogPluginManager: Mounting plugin ActorSequence
LogPluginManager: Mounting plugin OnlineSubsystemNull
LogPluginManager: Mounting plugin LevelSequenceEditor
LogPluginManager: Mounting plugin OnlineSubsystemUtils
LogPluginManager: Mounting plugin LauncherChunkInstaller
LogPluginManager: Mounting plugin ActorLayerUtilities
LogPluginManager: Mounting plugin AndroidDeviceProfileSelector
LogPluginManager: Mounting plugin AndroidMoviePlayer
LogPluginManager: Mounting plugin AndroidPermission
LogPluginManager: Mounting plugin AppleMoviePlayer
LogPluginManager: Mounting plugin AppleImageUtils
LogPluginManager: Mounting plugin ArchVisCharacter
LogPluginManager: Mounting plugin ChunkDownloader
LogPluginManager: Mounting plugin CustomMeshComponent
LogPluginManager: Mounting plugin CableComponent
LogPluginManager: Mounting plugin EditableMesh
LogPluginManager: Mounting plugin AudioCapture
LogPluginManager: Mounting plugin AssetTags
LogPluginManager: Mounting plugin GooglePAD
LogPluginManager: Mounting plugin ExampleDeviceProfileSelector
LogPluginManager: Mounting plugin GoogleCloudMessaging
LogPluginManager: Mounting plugin IOSDeviceProfileSelector
LogPluginManager: Mounting plugin LocationServicesBPLibrary
LogPluginManager: Mounting plugin MobilePatchingUtils
LogPluginManager: Mounting plugin AudioSynesthesia
LogPluginManager: Mounting plugin OpenXR
LogPluginManager: Mounting plugin OpenXREyeTracker
LogPluginManager: Mounting plugin OpenXRHandTracking
LogPluginManager: Mounting plugin PhysXVehicles
LogPluginManager: Mounting plugin PostSplashScreen
LogPluginManager: Mounting plugin ProceduralMeshComponent
LogPluginManager: Mounting plugin SignificanceManager
LogPluginManager: Mounting plugin RuntimePhysXCooking
LogPluginManager: Mounting plugin PropertyAccessEditor
LogPluginManager: Mounting plugin SoundFields
LogPluginManager: Mounting plugin Synthesis
LogPluginManager: Mounting plugin WebMMoviePlayer
LogPluginManager: Mounting plugin WindowsMoviePlayer
LogPluginManager: Mounting plugin LinuxDeviceProfileSelector
LogPluginManager: Mounting plugin ScreenshotTools
LogPluginManager: Mounting plugin Takes
LogPluginManager: Mounting plugin ContentBrowserFileDataSource
LogPluginManager: Mounting plugin ContentBrowserClassDataSource
LogPluginManager: Mounting plugin ContentBrowserAssetDataSource
LogPluginManager: Mounting plugin OnlineSubsystemGooglePlay
LogPluginManager: Mounting plugin OnlineSubsystemIOS
LogPluginManager: Mounting plugin OculusVR
LogPluginManager: Mounting plugin SteamVR
PixWinPlugin: PIX capture plugin failed to initialize! Check that the process is launched from PIX.
LogInit: Using libcurl 7.55.1-DEV
LogInit:  - built for x86_64-pc-win32
LogInit:  - supports SSL with OpenSSL/1.1.1
LogInit:  - supports HTTP deflate (compression) using libz 1.2.8
LogInit:  - other features:
LogInit:      CURL_VERSION_SSL
LogInit:      CURL_VERSION_LIBZ
LogInit:      CURL_VERSION_IPV6
LogInit:      CURL_VERSION_ASYNCHDNS
LogInit:      CURL_VERSION_LARGEFILE
LogInit:      CURL_VERSION_IDN
LogInit:  CurlRequestOptions (configurable via config and command line):
LogInit:  - bVerifyPeer = true  - Libcurl will verify peer certificate
LogInit:  - bUseHttpProxy = false  - Libcurl will NOT use HTTP proxy
LogInit:  - bDontReuseConnections = false  - Libcurl will reuse connections
LogInit:  - MaxHostConnections = 16  - Libcurl will limit the number of connections to a host
LogInit:  - LocalHostAddr = Default
LogInit:  - BufferSize = 65536
LogOnline: OSS: Creating online subsystem instance for: NULL
LogInit: WinSock: version 1.1 (2.2), MaxSocks=32767, MaxUdp=65467
LogOnline: OSS: TryLoadSubsystemAndSetDefault: Loaded subsystem for module [NULL]
LogInit: Build: ++UE4+Release-4.27-CL-18319896
LogInit: Engine Version: 4.27.2-18319896+++UE4+Release-4.27
LogInit: Compatible Engine Version: 4.27.0-17155196+++UE4+Release-4.27
LogInit: Net CL: 17155196
LogInit: OS: Windows 10 (Release 2009) (), CPU: AMD Ryzen 7 5800H with Radeon Graphics         , GPU: AMD Radeon(TM) Graphics
LogInit: Compiled (64-bit): Nov 30 2021 07:12:08
LogInit: Compiled with Visual C++: 19.24.28315.00
LogInit: Build Configuration: Development
LogInit: Branch Name: ++UE4+Release-4.27
LogInit: Command Line:  C:\Users\diogo\Documents\GitHub\Research-Project-Dungeon-generation-UE4\DungeonGeneration\DungeonGeneration.uproject -run=VisualStudioTools -unattended -noshadercompile -noaudio -nullrhi -nocpuprofilertrace -nocrashreports -nosplash -output C:\Users\diogo\AppData\Local\Temp\tmp1AD4.tmp
LogInit: Base Directory: C:/Program Files/Epic Games/UE_4.27/Engine/Binaries/Win64/
LogInit: Allocator: TBB
LogInit: Installed Engine Build: 1
LogDevObjectVersion: Number of dev versions registered: 29
LogDevObjectVersion:   Dev-Blueprints (B0D832E4-1F89-4F0D-ACCF-7EB736FD4AA2): 10
LogDevObjectVersion:   Dev-Build (E1C64328-A22C-4D53-A36C-8E866417BD8C): 0
LogDevObjectVersion:   Dev-Core (375EC13C-06E4-48FB-B500-84F0262A717E): 4
LogDevObjectVersion:   Dev-Editor (E4B068ED-F494-42E9-A231-DA0B2E46BB41): 40
LogDevObjectVersion:   Dev-Framework (CFFC743F-43B0-4480-9391-14DF171D2073): 37
LogDevObjectVersion:   Dev-Mobile (B02B49B5-BB20-44E9-A304-32B752E40360): 3
LogDevObjectVersion:   Dev-Networking (A4E4105C-59A1-49B5-A7C5-40C4547EDFEE): 0
LogDevObjectVersion:   Dev-Online (39C831C9-5AE6-47DC-9A44-9C173E1C8E7C): 0
LogDevObjectVersion:   Dev-Physics (78F01B33-EBEA-4F98-B9B4-84EACCB95AA2): 14
LogDevObjectVersion:   Dev-Platform (6631380F-2D4D-43E0-8009-CF276956A95A): 0
LogDevObjectVersion:   Dev-Rendering (12F88B9F-8875-4AFC-A67C-D90C383ABD29): 45
LogDevObjectVersion:   Dev-Sequencer (7B5AE74C-D270-4C10-A958-57980B212A5A): 13
LogDevObjectVersion:   Dev-VR (D7296918-1DD6-4BDD-9DE2-64A83CC13884): 3
LogDevObjectVersion:   Dev-LoadTimes (C2A15278-BFE7-4AFE-6C17-90FF531DF755): 1
LogDevObjectVersion:   Private-Geometry (6EACA3D4-40EC-4CC1-B786-8BED09428FC5): 3
LogDevObjectVersion:   Dev-AnimPhys (29E575DD-E0A3-4627-9D10-D276232CDCEA): 17
LogDevObjectVersion:   Dev-Anim (AF43A65D-7FD3-4947-9873-3E8ED9C1BB05): 15
LogDevObjectVersion:   Dev-ReflectionCapture (6B266CEC-1EC7-4B8F-A30B-E4D90942FC07): 1
LogDevObjectVersion:   Dev-Automation (0DF73D61-A23F-47EA-B727-89E90C41499A): 1
LogDevObjectVersion:   FortniteMain (601D1886-AC64-4F84-AA16-D3DE0DEAC7D6): 47
LogDevObjectVersion:   FortniteRelease (E7086368-6B23-4C58-8439-1B7016265E91): 1
LogDevObjectVersion:   Dev-Enterprise (9DFFBCD6-494F-0158-E221-12823C92A888): 10
LogDevObjectVersion:   Dev-Niagara (F2AED0AC-9AFE-416F-8664-AA7FFA26D6FC): 1
LogDevObjectVersion:   Dev-Destruction (174F1F0B-B4C6-45A5-B13F-2EE8D0FB917D): 10
LogDevObjectVersion:   Dev-Physics-Ext (35F94A83-E258-406C-A318-09F59610247C): 41
LogDevObjectVersion:   Dev-PhysicsMaterial-Chaos (B68FC16E-8B1B-42E2-B453-215C058844FE): 1
LogDevObjectVersion:   Dev-CineCamera (B2E18506-4273-CFC2-A54E-F4BB758BBA07): 1
LogDevObjectVersion:   Dev-VirtualProduction (64F58936-FD1B-42BA-BA96-7289D5D0FA4E): 1
LogDevObjectVersion:   Dev-MediaFramework (6F0ED827-A609-4895-9C91-998D90180EA4): 2
LogInit: Presizing for max 25165824 objects, including 0 objects not considered by GC, pre-allocating 0 bytes for permanent pool.
LogConfig: Applying CVar settings from Section [/Script/Engine.StreamingSettings] File [C:/Users/diogo/Documents/GitHub/Research-Project-Dungeon-generation-UE4/DungeonGeneration/Saved/Config/Windows/Engine.ini]
LogConfig: Setting CVar [[s.MinBulkDataSizeForAsyncLoading:131072]]
LogConfig: Setting CVar [[s.AsyncLoadingThreadEnabled:0]]
LogConfig: Setting CVar [[s.EventDrivenLoaderEnabled:1]]
LogConfig: Setting CVar [[s.WarnIfTimeLimitExceeded:0]]
LogConfig: Setting CVar [[s.TimeLimitExceededMultiplier:1.5]]
LogConfig: Setting CVar [[s.TimeLimitExceededMinTime:0.005]]
LogConfig: Setting CVar [[s.UseBackgroundLevelStreaming:1]]
LogConfig: Setting CVar [[s.PriorityAsyncLoadingExtraTime:15.0]]
LogConfig: Setting CVar [[s.LevelStreamingActorsUpdateTimeLimit:5.0]]
LogConfig: Setting CVar [[s.PriorityLevelStreamingActorsUpdateExtraTime:5.0]]
LogConfig: Setting CVar [[s.LevelStreamingComponentsRegistrationGranularity:10]]
LogConfig: Setting CVar [[s.UnregisterComponentsTimeLimit:1.0]]
LogConfig: Setting CVar [[s.LevelStreamingComponentsUnregistrationGranularity:5]]
LogConfig: Setting CVar [[s.FlushStreamingOnExit:1]]
LogInit: Object subsystem initialized
LogConfig: Setting CVar [[con.DebugEarlyDefault:1]]
LogConfig: Setting CVar [[r.setres:1280x720]]
[2023.08.15-15.54.53:507][  0]LogConfig: Setting CVar [[con.DebugEarlyDefault:1]]
[2023.08.15-15.54.53:507][  0]LogConfig: Setting CVar [[r.setres:1280x720]]
[2023.08.15-15.54.53:507][  0]LogConfig: Applying CVar settings from Section [/Script/Engine.RendererSettings] File [C:/Users/diogo/Documents/GitHub/Research-Project-Dungeon-generation-UE4/DungeonGeneration/Saved/Config/Windows/Engine.ini]
[2023.08.15-15.54.53:507][  0]LogConfig: Setting CVar [[r.GPUCrashDebugging:0]]
[2023.08.15-15.54.53:507][  0]LogConfig: Setting CVar [[r.Mobile.DisableVertexFog:1]]
[2023.08.15-15.54.53:507][  0]LogConfig: Setting CVar [[r.Shadow.CSM.MaxMobileCascades:2]]
[2023.08.15-15.54.53:507][  0]LogConfig: Setting CVar [[r.MobileMSAA:1]]
[2023.08.15-15.54.53:507][  0]LogConfig: Setting CVar [[r.Mobile.AllowDitheredLODTransition:0]]
[2023.08.15-15.54.53:507][  0]LogConfig: Setting CVar [[r.Mobile.AllowSoftwareOcclusion:0]]
[2023.08.15-15.54.53:507][  0]LogConfig: Setting CVar [[r.Mobile.VirtualTextures:0]]
[2023.08.15-15.54.53:507][  0]LogConfig: Setting CVar [[r.DiscardUnusedQuality:0]]
[2023.08.15-15.54.53:507][  0]LogConfig: Setting CVar [[r.AllowOcclusionQueries:1]]
[2023.08.15-15.54.53:507][  0]LogConfig: Setting CVar [[r.MinScreenRadiusForLights:0.030000]]
[2023.08.15-15.54.53:507][  0]LogConfig: Setting CVar [[r.MinScreenRadiusForDepthPrepass:0.030000]]
[2023.08.15-15.54.53:507][  0]LogConfig: Setting CVar [[r.MinScreenRadiusForCSMDepth:0.010000]]
[2023.08.15-15.54.53:507][  0]LogConfig: Setting CVar [[r.PrecomputedVisibilityWarning:0]]
[2023.08.15-15.54.53:507][  0]LogConfig: Setting CVar [[r.TextureStreaming:1]]
[2023.08.15-15.54.53:507][  0]LogConfig: Setting CVar [[Compat.UseDXT5NormalMaps:0]]
[2023.08.15-15.54.53:507][  0]LogConfig: Setting CVar [[r.VirtualTextures:0]]
[2023.08.15-15.54.53:507][  0]LogConfig: Setting CVar [[r.VT.EnableAutoImport:1]]
[2023.08.15-15.54.53:507][  0]LogConfig: Setting CVar [[r.VirtualTexturedLightmaps:0]]
[2023.08.15-15.54.53:507][  0]LogConfig: Setting CVar [[r.VT.TileSize:128]]
[2023.08.15-15.54.53:507][  0]LogConfig: Setting CVar [[r.VT.TileBorderSize:4]]
[2023.08.15-15.54.53:507][  0]LogConfig: Setting CVar [[r.vt.FeedbackFactor:16]]
[2023.08.15-15.54.53:507][  0]LogConfig: Setting CVar [[r.VT.EnableCompressZlib:1]]
[2023.08.15-15.54.53:507][  0]LogConfig: Setting CVar [[r.VT.EnableCompressCrunch:0]]
[2023.08.15-15.54.53:507][  0]LogConfig: Setting CVar [[r.ClearCoatNormal:0]]
[2023.08.15-15.54.53:507][  0]LogConfig: Setting CVar [[r.ReflectionCaptureResolution:128]]
[2023.08.15-15.54.53:507][  0]LogConfig: Setting CVar [[r.Mobile.ReflectionCaptureCompression:0]]
[2023.08.15-15.54.53:507][  0]LogConfig: Setting CVar [[r.ReflectionEnvironmentLightmapMixBasedOnRoughness:1]]
[2023.08.15-15.54.53:507][  0]LogConfig: Setting CVar [[r.ForwardShading:0]]
[2023.08.15-15.54.53:507][  0]LogConfig: Setting CVar [[r.VertexFoggingForOpaque:1]]
[2023.08.15-15.54.53:507][  0]LogConfig: Setting CVar [[r.AllowStaticLighting:1]]
[2023.08.15-15.54.53:507][  0]LogConfig: Setting CVar [[r.NormalMapsForStaticLighting:0]]
[2023.08.15-15.54.53:507][  0]LogConfig: Setting CVar [[r.GenerateMeshDistanceFields:0]]
[2023.08.15-15.54.53:507][  0]LogConfig: Setting CVar [[r.DistanceFieldBuild.EightBit:0]]
[2023.08.15-15.54.53:507][  0]LogConfig: Setting CVar [[r.GenerateLandscapeGIData:0]]
[2023.08.15-15.54.53:507][  0]LogConfig: Setting CVar [[r.DistanceFieldBuild.Compress:0]]
[2023.08.15-15.54.53:507][  0]LogConfig: Setting CVar [[r.TessellationAdaptivePixelsPerTriangle:48.000000]]
[2023.08.15-15.54.53:507][  0]LogConfig: Setting CVar [[r.SeparateTranslucency:1]]
[2023.08.15-15.54.53:507][  0]LogConfig: Setting CVar [[r.TranslucentSortPolicy:0]]
[2023.08.15-15.54.53:507][  0]LogConfig: Setting CVar [[vr.VRS.HMDFixedFoveationLevel:0]]
[2023.08.15-15.54.53:507][  0]LogConfig: Setting CVar [[r.CustomDepth:1]]
[2023.08.15-15.54.53:507][  0]LogConfig: Setting CVar [[r.CustomDepthTemporalAAJitter:1]]
[2023.08.15-15.54.53:507][  0]LogConfig: Setting CVar [[r.PostProcessing.PropagateAlpha:0]]
[2023.08.15-15.54.53:507][  0]LogConfig: Setting CVar [[r.DefaultFeature.Bloom:1]]
[2023.08.15-15.54.53:507][  0]LogConfig: Setting CVar [[r.DefaultFeature.AmbientOcclusion:1]]
[2023.08.15-15.54.53:507][  0]LogConfig: Setting CVar [[r.DefaultFeature.AmbientOcclusionStaticFraction:1]]
[2023.08.15-15.54.53:507][  0]LogConfig: Setting CVar [[r.DefaultFeature.AutoExposure:0]]
[2023.08.15-15.54.53:507][  0]LogConfig: Setting CVar [[r.DefaultFeature.AutoExposure.Method:0]]
[2023.08.15-15.54.53:507][  0]LogConfig: Setting CVar [[r.DefaultFeature.AutoExposure.Bias:1.000000]]
[2023.08.15-15.54.53:507][  0]LogConfig: Setting CVar [[r.DefaultFeature.AutoExposure.ExtendDefaultLuminanceRange:0]]
[2023.08.15-15.54.53:507][  0]LogConfig: Setting CVar [[r.UsePreExposure:1]]
[2023.08.15-15.54.53:507][  0]LogConfig: Setting CVar [[r.EyeAdaptation.EditorOnly:0]]
[2023.08.15-15.54.53:507][  0]LogConfig: Setting CVar [[r.DefaultFeature.MotionBlur:0]]
[2023.08.15-15.54.53:507][  0]LogConfig: Setting CVar [[r.DefaultFeature.LensFlare:0]]
[2023.08.15-15.54.53:507][  0]LogConfig: Setting CVar [[r.TemporalAA.Upsampling:0]]
[2023.08.15-15.54.53:507][  0]LogConfig: Setting CVar [[r.SSGI.Enable:0]]
[2023.08.15-15.54.53:507][  0]LogConfig: Setting CVar [[r.DefaultFeature.AntiAliasing:0]]
[2023.08.15-15.54.53:507][  0]LogConfig: Setting CVar [[r.DefaultFeature.LightUnits:1]]
[2023.08.15-15.54.53:507][  0]LogConfig: Setting CVar [[r.DefaultBackBufferPixelFormat:4]]
[2023.08.15-15.54.53:507][  0]LogConfig: Setting CVar [[r.Shadow.UnbuiltPreviewInGame:1]]
[2023.08.15-15.54.53:507][  0]LogConfig: Setting CVar [[r.StencilForLODDither:0]]
[2023.08.15-15.54.53:507][  0]LogConfig: Setting CVar [[r.EarlyZPass:3]]
[2023.08.15-15.54.53:507][  0]LogConfig: Setting CVar [[r.EarlyZPassOnlyMaterialMasking:0]]
[2023.08.15-15.54.53:507][  0]LogConfig: Setting CVar [[r.DBuffer:1]]
[2023.08.15-15.54.53:507][  0]LogConfig: Setting CVar [[r.ClearSceneMethod:1]]
[2023.08.15-15.54.53:507][  0]LogConfig: Setting CVar [[r.BasePassOutputsVelocity:0]]
[2023.08.15-15.54.53:507][  0]LogConfig: Setting CVar [[r.VertexDeformationOutputsVelocity:0]]
[2023.08.15-15.54.53:507][  0]LogConfig: Setting CVar [[r.SelectiveBasePassOutputs:0]]
[2023.08.15-15.54.53:507][  0]LogConfig: Setting CVar [[fx.GPUSimulationTextureSizeX:1024]]
[2023.08.15-15.54.53:507][  0]LogConfig: Setting CVar [[fx.GPUSimulationTextureSizeY:1024]]
[2023.08.15-15.54.53:507][  0]LogConfig: Setting CVar [[r.AllowGlobalClipPlane:0]]
[2023.08.15-15.54.53:507][  0]LogConfig: Setting CVar [[r.GBufferFormat:1]]
[2023.08.15-15.54.53:507][  0]LogConfig: Setting CVar [[r.MorphTarget.Mode:1]]
[2023.08.15-15.54.53:507][  0]LogConfig: Setting CVar [[vr.InstancedStereo:0]]
[2023.08.15-15.54.53:507][  0]LogConfig: Setting CVar [[r.MobileHDR:1]]
[2023.08.15-15.54.53:507][  0]LogConfig: Setting CVar [[vr.MobileMultiView:0]]
[2023.08.15-15.54.53:507][  0]LogConfig: Setting CVar [[r.Mobile.UseHWsRGBEncoding:0]]
[2023.08.15-15.54.53:507][  0]LogConfig: Setting CVar [[vr.RoundRobinOcclusion:0]]
[2023.08.15-15.54.53:507][  0]LogConfig: Setting CVar [[vr.ODSCapture:0]]
[2023.08.15-15.54.53:507][  0]LogConfig: Setting CVar [[r.MeshStreaming:0]]
[2023.08.15-15.54.53:507][  0]LogConfig: Setting CVar [[r.WireframeCullThreshold:5.000000]]
[2023.08.15-15.54.53:507][  0]LogConfig: Setting CVar [[r.RayTracing:0]]
[2023.08.15-15.54.53:508][  0]LogConfig: Setting CVar [[r.RayTracing.UseTextureLod:0]]
[2023.08.15-15.54.53:508][  0]LogConfig: Setting CVar [[r.SupportStationarySkylight:1]]
[2023.08.15-15.54.53:508][  0]LogConfig: Setting CVar [[r.SupportLowQualityLightmaps:1]]
[2023.08.15-15.54.53:508][  0]LogConfig: Setting CVar [[r.SupportPointLightWholeSceneShadows:1]]
[2023.08.15-15.54.53:508][  0]LogConfig: Setting CVar [[r.SupportAtmosphericFog:1]]
[2023.08.15-15.54.53:508][  0]LogConfig: Setting CVar [[r.SupportSkyAtmosphere:1]]
[2023.08.15-15.54.53:508][  0]LogConfig: Setting CVar [[r.SupportSkyAtmosphereAffectsHeightFog:0]]
[2023.08.15-15.54.53:508][  0]LogConfig: Setting CVar [[r.SkinCache.CompileShaders:0]]
[2023.08.15-15.54.53:508][  0]LogConfig: Setting CVar [[r.SkinCache.DefaultBehavior:1]]
[2023.08.15-15.54.53:508][  0]LogConfig: Setting CVar [[r.SkinCache.SceneMemoryLimitInMB:128.000000]]
[2023.08.15-15.54.53:508][  0]LogConfig: Setting CVar [[r.Mobile.EnableStaticAndCSMShadowReceivers:1]]
[2023.08.15-15.54.53:508][  0]LogConfig: Setting CVar [[r.Mobile.EnableMovableLightCSMShaderCulling:1]]
[2023.08.15-15.54.53:508][  0]LogConfig: Setting CVar [[r.Mobile.AllowDistanceFieldShadows:1]]
[2023.08.15-15.54.53:508][  0]LogConfig: Setting CVar [[r.Mobile.AllowMovableDirectionalLights:1]]
[2023.08.15-15.54.53:508][  0]LogConfig: Setting CVar [[r.MobileNumDynamicPointLights:4]]
[2023.08.15-15.54.53:508][  0]LogConfig: Setting CVar [[r.MobileDynamicPointLightsUseStaticBranch:1]]
[2023.08.15-15.54.53:508][  0]LogConfig: Setting CVar [[r.Mobile.EnableMovableSpotlights:0]]
[2023.08.15-15.54.53:508][  0]LogConfig: Setting CVar [[r.Mobile.EnableMovableSpotlightsShadow:0]]
[2023.08.15-15.54.53:508][  0]LogConfig: Setting CVar [[r.GPUSkin.Support16BitBoneIndex:0]]
[2023.08.15-15.54.53:508][  0]LogConfig: Setting CVar [[r.GPUSkin.Limit2BoneInfluences:0]]
[2023.08.15-15.54.53:508][  0]LogConfig: Setting CVar [[r.SupportDepthOnlyIndexBuffers:1]]
[2023.08.15-15.54.53:508][  0]LogConfig: Setting CVar [[r.SupportReversedIndexBuffers:1]]
[2023.08.15-15.54.53:508][  0]LogConfig: Setting CVar [[r.LightPropagationVolume:0]]
[2023.08.15-15.54.53:508][  0]LogConfig: Setting CVar [[r.Mobile.AmbientOcclusion:0]]
[2023.08.15-15.54.53:508][  0]LogConfig: Setting CVar [[r.GPUSkin.UnlimitedBoneInfluences:0]]
[2023.08.15-15.54.53:508][  0]LogConfig: Setting CVar [[r.GPUSkin.UnlimitedBoneInfluencesThreshold:8]]
[2023.08.15-15.54.53:508][  0]LogConfig: Setting CVar [[r.Mobile.PlanarReflectionMode:0]]
[2023.08.15-15.54.53:508][  0]LogConfig: Setting CVar [[r.Mobile.SupportsGen4TAA:0]]
[2023.08.15-15.54.53:508][  0]LogConfig: Applying CVar settings from Section [/Script/Engine.RendererOverrideSettings] File [C:/Users/diogo/Documents/GitHub/Research-Project-Dungeon-generation-UE4/DungeonGeneration/Saved/Config/Windows/Engine.ini]
[2023.08.15-15.54.53:508][  0]LogConfig: Applying CVar settings from Section [/Script/Engine.StreamingSettings] File [C:/Users/diogo/Documents/GitHub/Research-Project-Dungeon-generation-UE4/DungeonGeneration/Saved/Config/Windows/Engine.ini]
[2023.08.15-15.54.53:508][  0]LogConfig: Setting CVar [[s.MinBulkDataSizeForAsyncLoading:131072]]
[2023.08.15-15.54.53:508][  0]LogConfig: Setting CVar [[s.AsyncLoadingThreadEnabled:0]]
[2023.08.15-15.54.53:508][  0]LogConfig: Setting CVar [[s.EventDrivenLoaderEnabled:1]]
[2023.08.15-15.54.53:508][  0]LogConfig: Setting CVar [[s.WarnIfTimeLimitExceeded:0]]
[2023.08.15-15.54.53:508][  0]LogConfig: Setting CVar [[s.TimeLimitExceededMultiplier:1.5]]
[2023.08.15-15.54.53:508][  0]LogConfig: Setting CVar [[s.TimeLimitExceededMinTime:0.005]]
[2023.08.15-15.54.53:508][  0]LogConfig: Setting CVar [[s.UseBackgroundLevelStreaming:1]]
[2023.08.15-15.54.53:508][  0]LogConfig: Setting CVar [[s.PriorityAsyncLoadingExtraTime:15.0]]
[2023.08.15-15.54.53:508][  0]LogConfig: Setting CVar [[s.LevelStreamingActorsUpdateTimeLimit:5.0]]
[2023.08.15-15.54.53:508][  0]LogConfig: Setting CVar [[s.PriorityLevelStreamingActorsUpdateExtraTime:5.0]]
[2023.08.15-15.54.53:508][  0]LogConfig: Setting CVar [[s.LevelStreamingComponentsRegistrationGranularity:10]]
[2023.08.15-15.54.53:508][  0]LogConfig: Setting CVar [[s.UnregisterComponentsTimeLimit:1.0]]
[2023.08.15-15.54.53:508][  0]LogConfig: Setting CVar [[s.LevelStreamingComponentsUnregistrationGranularity:5]]
[2023.08.15-15.54.53:508][  0]LogConfig: Setting CVar [[s.FlushStreamingOnExit:1]]
[2023.08.15-15.54.53:508][  0]LogConfig: Applying CVar settings from Section [/Script/Engine.GarbageCollectionSettings] File [C:/Users/diogo/Documents/GitHub/Research-Project-Dungeon-generation-UE4/DungeonGeneration/Saved/Config/Windows/Engine.ini]
[2023.08.15-15.54.53:508][  0]LogConfig: Setting CVar [[gc.MaxObjectsNotConsideredByGC:1]]
[2023.08.15-15.54.53:508][  0]LogConfig: Setting CVar [[gc.SizeOfPermanentObjectPool:0]]
[2023.08.15-15.54.53:508][  0]LogConfig: Setting CVar [[gc.FlushStreamingOnGC:0]]
[2023.08.15-15.54.53:508][  0]LogConfig: Setting CVar [[gc.NumRetriesBeforeForcingGC:10]]
[2023.08.15-15.54.53:508][  0]LogConfig: Setting CVar [[gc.AllowParallelGC:1]]
[2023.08.15-15.54.53:508][  0]LogConfig: Setting CVar [[gc.TimeBetweenPurgingPendingKillObjects:61.1]]
[2023.08.15-15.54.53:508][  0]LogConfig: Setting CVar [[gc.MaxObjectsInEditor:25165824]]
[2023.08.15-15.54.53:508][  0]LogConfig: Setting CVar [[gc.IncrementalBeginDestroyEnabled:1]]
[2023.08.15-15.54.53:508][  0]LogConfig: Setting CVar [[gc.CreateGCClusters:1]]
[2023.08.15-15.54.53:508][  0]LogConfig: Setting CVar [[gc.MinGCClusterSize:5]]
[2023.08.15-15.54.53:508][  0]LogConfig: Setting CVar [[gc.ActorClusteringEnabled:0]]
[2023.08.15-15.54.53:508][  0]LogConfig: Setting CVar [[gc.BlueprintClusteringEnabled:0]]
[2023.08.15-15.54.53:508][  0]LogConfig: Setting CVar [[gc.UseDisregardForGCOnDedicatedServers:0]]
[2023.08.15-15.54.53:508][  0]LogConfig: Setting CVar [[gc.MultithreadedDestructionEnabled:1]]
[2023.08.15-15.54.53:508][  0]LogConfig: Applying CVar settings from Section [/Script/Engine.NetworkSettings] File [C:/Users/diogo/Documents/GitHub/Research-Project-Dungeon-generation-UE4/DungeonGeneration/Saved/Config/Windows/Engine.ini]
[2023.08.15-15.54.53:508][  0]LogConfig: Applying CVar settings from Section [/Script/UnrealEd.CookerSettings] File [C:/Users/diogo/Documents/GitHub/Research-Project-Dungeon-generation-UE4/DungeonGeneration/Saved/Config/Windows/Engine.ini]
[2023.08.15-15.54.53:508][  0]LogConfig: Applying CVar settings from Section [ViewDistanceQuality@3] File [C:/Users/diogo/Documents/GitHub/Research-Project-Dungeon-generation-UE4/DungeonGeneration/Saved/Config/Windows/Scalability.ini]
[2023.08.15-15.54.53:508][  0]LogConfig: Setting CVar [[r.SkeletalMeshLODBias:0]]
[2023.08.15-15.54.53:508][  0]LogConfig: Setting CVar [[r.ViewDistanceScale:1.0]]
[2023.08.15-15.54.53:508][  0]LogConfig: Applying CVar settings from Section [AntiAliasingQuality@3] File [C:/Users/diogo/Documents/GitHub/Research-Project-Dungeon-generation-UE4/DungeonGeneration/Saved/Config/Windows/Scalability.ini]
[2023.08.15-15.54.53:508][  0]LogConfig: Setting CVar [[r.PostProcessAAQuality:4]]
[2023.08.15-15.54.53:508][  0]LogConfig: Applying CVar settings from Section [ShadowQuality@3] File [C:/Users/diogo/Documents/GitHub/Research-Project-Dungeon-generation-UE4/DungeonGeneration/Saved/Config/Windows/Scalability.ini]
[2023.08.15-15.54.53:508][  0]LogConfig: Setting CVar [[r.LightFunctionQuality:1]]
[2023.08.15-15.54.53:508][  0]LogConfig: Setting CVar [[r.ShadowQuality:5]]
[2023.08.15-15.54.53:508][  0]LogConfig: Setting CVar [[r.Shadow.CSM.MaxCascades:10]]
[2023.08.15-15.54.53:508][  0]LogConfig: Setting CVar [[r.Shadow.MaxResolution:2048]]
[2023.08.15-15.54.53:508][  0]LogConfig: Setting CVar [[r.Shadow.MaxCSMResolution:2048]]
[2023.08.15-15.54.53:508][  0]LogConfig: Setting CVar [[r.Shadow.RadiusThreshold:0.01]]
[2023.08.15-15.54.53:508][  0]LogConfig: Setting CVar [[r.Shadow.DistanceScale:1.0]]
[2023.08.15-15.54.53:508][  0]LogConfig: Setting CVar [[r.Shadow.CSM.TransitionScale:1.0]]
[2023.08.15-15.54.53:508][  0]LogConfig: Setting CVar [[r.Shadow.PreShadowResolutionFactor:1.0]]
[2023.08.15-15.54.53:508][  0]LogConfig: Setting CVar [[r.DistanceFieldShadowing:1]]
[2023.08.15-15.54.53:508][  0]LogConfig: Setting CVar [[r.DistanceFieldAO:1]]
[2023.08.15-15.54.53:508][  0]LogConfig: Setting CVar [[r.AOQuality:2]]
[2023.08.15-15.54.53:508][  0]LogConfig: Setting CVar [[r.VolumetricFog:1]]
[2023.08.15-15.54.53:508][  0]LogConfig: Setting CVar [[r.VolumetricFog.GridPixelSize:8]]
[2023.08.15-15.54.53:508][  0]LogConfig: Setting CVar [[r.VolumetricFog.GridSizeZ:128]]
[2023.08.15-15.54.53:508][  0]LogConfig: Setting CVar [[r.VolumetricFog.HistoryMissSupersampleCount:4]]
[2023.08.15-15.54.53:508][  0]LogConfig: Setting CVar [[r.LightMaxDrawDistanceScale:1]]
[2023.08.15-15.54.53:508][  0]LogConfig: Setting CVar [[r.CapsuleShadows:1]]
[2023.08.15-15.54.53:508][  0]LogConfig: Applying CVar settings from Section [PostProcessQuality@3] File [C:/Users/diogo/Documents/GitHub/Research-Project-Dungeon-generation-UE4/DungeonGeneration/Saved/Config/Windows/Scalability.ini]
[2023.08.15-15.54.53:508][  0]LogConfig: Setting CVar [[r.MotionBlurQuality:4]]
[2023.08.15-15.54.53:508][  0]LogConfig: Setting CVar [[r.AmbientOcclusionMipLevelFactor:0.4]]
[2023.08.15-15.54.53:508][  0]LogConfig: Setting CVar [[r.AmbientOcclusionMaxQuality:100]]
[2023.08.15-15.54.53:508][  0]LogConfig: Setting CVar [[r.AmbientOcclusionLevels:-1]]
[2023.08.15-15.54.53:508][  0]LogConfig: Setting CVar [[r.AmbientOcclusionRadiusScale:1.0]]
[2023.08.15-15.54.53:508][  0]LogConfig: Setting CVar [[r.DepthOfFieldQuality:2]]
[2023.08.15-15.54.53:508][  0]LogConfig: Setting CVar [[r.RenderTargetPoolMin:400]]
[2023.08.15-15.54.53:508][  0]LogConfig: Setting CVar [[r.LensFlareQuality:2]]
[2023.08.15-15.54.53:508][  0]LogConfig: Setting CVar [[r.SceneColorFringeQuality:1]]
[2023.08.15-15.54.53:508][  0]LogConfig: Setting CVar [[r.EyeAdaptationQuality:2]]
[2023.08.15-15.54.53:508][  0]LogConfig: Setting CVar [[r.BloomQuality:5]]
[2023.08.15-15.54.53:508][  0]LogConfig: Setting CVar [[r.FastBlurThreshold:100]]
[2023.08.15-15.54.53:508][  0]LogConfig: Setting CVar [[r.Upscale.Quality:3]]
[2023.08.15-15.54.53:508][  0]LogConfig: Setting CVar [[r.Tonemapper.GrainQuantization:1]]
[2023.08.15-15.54.53:508][  0]LogConfig: Setting CVar [[r.LightShaftQuality:1]]
[2023.08.15-15.54.53:509][  0]LogConfig: Setting CVar [[r.Filter.SizeScale:1]]
[2023.08.15-15.54.53:509][  0]LogConfig: Setting CVar [[r.Tonemapper.Quality:5]]
[2023.08.15-15.54.53:509][  0]LogConfig: Setting CVar [[r.DOF.Gather.AccumulatorQuality:1        ; higher gathering accumulator quality]]
[2023.08.15-15.54.53:509][  0]LogConfig: Setting CVar [[r.DOF.Gather.PostfilterMethod:1          ; Median3x3 postfilering method]]
[2023.08.15-15.54.53:509][  0]LogConfig: Setting CVar [[r.DOF.Gather.EnableBokehSettings:0       ; no bokeh simulation when gathering]]
[2023.08.15-15.54.53:509][  0]LogConfig: Setting CVar [[r.DOF.Gather.RingCount:4                 ; medium number of samples when gathering]]
[2023.08.15-15.54.53:509][  0]LogConfig: Setting CVar [[r.DOF.Scatter.ForegroundCompositing:1    ; additive foreground scattering]]
[2023.08.15-15.54.53:509][  0]LogConfig: Setting CVar [[r.DOF.Scatter.BackgroundCompositing:2    ; additive background scattering]]
[2023.08.15-15.54.53:509][  0]LogConfig: Setting CVar [[r.DOF.Scatter.EnableBokehSettings:1      ; bokeh simulation when scattering]]
[2023.08.15-15.54.53:509][  0]LogConfig: Setting CVar [[r.DOF.Scatter.MaxSpriteRatio:0.1         ; only a maximum of 10% of scattered bokeh]]
[2023.08.15-15.54.53:509][  0]LogConfig: Setting CVar [[r.DOF.Recombine.Quality:1                ; cheap slight out of focus]]
[2023.08.15-15.54.53:509][  0]LogConfig: Setting CVar [[r.DOF.Recombine.EnableBokehSettings:0    ; no bokeh simulation on slight out of focus]]
[2023.08.15-15.54.53:509][  0]LogConfig: Setting CVar [[r.DOF.TemporalAAQuality:1                ; more stable temporal accumulation]]
[2023.08.15-15.54.53:509][  0]LogConfig: Setting CVar [[r.DOF.Kernel.MaxForegroundRadius:0.025]]
[2023.08.15-15.54.53:509][  0]LogConfig: Setting CVar [[r.DOF.Kernel.MaxBackgroundRadius:0.025]]
[2023.08.15-15.54.53:509][  0]LogConfig: Applying CVar settings from Section [TextureQuality@3] File [C:/Users/diogo/Documents/GitHub/Research-Project-Dungeon-generation-UE4/DungeonGeneration/Saved/Config/Windows/Scalability.ini]
[2023.08.15-15.54.53:509][  0]LogConfig: Setting CVar [[r.Streaming.MipBias:0]]
[2023.08.15-15.54.53:509][  0]LogConfig: Setting CVar [[r.Streaming.AmortizeCPUToGPUCopy:0]]
[2023.08.15-15.54.53:509][  0]LogConfig: Setting CVar [[r.Streaming.MaxNumTexturesToStreamPerFrame:0]]
[2023.08.15-15.54.53:509][  0]LogConfig: Setting CVar [[r.Streaming.Boost:1]]
[2023.08.15-15.54.53:509][  0]LogConfig: Setting CVar [[r.MaxAnisotropy:8]]
[2023.08.15-15.54.53:509][  0]LogConfig: Setting CVar [[r.VT.MaxAnisotropy:8]]
[2023.08.15-15.54.53:509][  0]LogConfig: Setting CVar [[r.Streaming.LimitPoolSizeToVRAM:0]]
[2023.08.15-15.54.53:509][  0]LogConfig: Setting CVar [[r.Streaming.PoolSize:1000]]
[2023.08.15-15.54.53:509][  0]LogConfig: Setting CVar [[r.Streaming.MaxEffectiveScreenSize:0]]
[2023.08.15-15.54.53:509][  0]LogConfig: Applying CVar settings from Section [EffectsQuality@3] File [C:/Users/diogo/Documents/GitHub/Research-Project-Dungeon-generation-UE4/DungeonGeneration/Saved/Config/Windows/Scalability.ini]
[2023.08.15-15.54.53:509][  0]LogConfig: Setting CVar [[r.TranslucencyLightingVolumeDim:64]]
[2023.08.15-15.54.53:509][  0]LogConfig: Setting CVar [[r.RefractionQuality:2]]
[2023.08.15-15.54.53:509][  0]LogConfig: Setting CVar [[r.SSR.Quality:3]]
[2023.08.15-15.54.53:509][  0]LogConfig: Setting CVar [[r.SSR.HalfResSceneColor:0]]
[2023.08.15-15.54.53:509][  0]LogConfig: Setting CVar [[r.SceneColorFormat:4]]
[2023.08.15-15.54.53:509][  0]LogConfig: Setting CVar [[r.DetailMode:2]]
[2023.08.15-15.54.53:509][  0]LogConfig: Setting CVar [[r.TranslucencyVolumeBlur:1]]
[2023.08.15-15.54.53:509][  0]LogConfig: Setting CVar [[r.MaterialQualityLevel:1 ; High quality]]
[2023.08.15-15.54.53:509][  0]LogConfig: Setting CVar [[r.AnisotropicMaterials:1]]
[2023.08.15-15.54.53:509][  0]LogConfig: Setting CVar [[r.SSS.Scale:1]]
[2023.08.15-15.54.53:509][  0]LogConfig: Setting CVar [[r.SSS.SampleSet:2]]
[2023.08.15-15.54.53:509][  0]LogConfig: Setting CVar [[r.SSS.Quality:1]]
[2023.08.15-15.54.53:509][  0]LogConfig: Setting CVar [[r.SSS.HalfRes:0]]
[2023.08.15-15.54.53:509][  0]LogConfig: Setting CVar [[r.SSGI.Quality:3]]
[2023.08.15-15.54.53:509][  0]LogConfig: Setting CVar [[r.EmitterSpawnRateScale:1.0]]
[2023.08.15-15.54.53:509][  0]LogConfig: Setting CVar [[r.ParticleLightQuality:2]]
[2023.08.15-15.54.53:509][  0]LogConfig: Setting CVar [[r.SkyAtmosphere.AerialPerspectiveLUT.FastApplyOnOpaque:1 ; Always have FastSkyLUT 1 in this case to avoid wrong sky]]
[2023.08.15-15.54.53:509][  0]LogConfig: Setting CVar [[r.SkyAtmosphere.AerialPerspectiveLUT.SampleCountMaxPerSlice:4]]
[2023.08.15-15.54.53:509][  0]LogConfig: Setting CVar [[r.SkyAtmosphere.AerialPerspectiveLUT.DepthResolution:16.0]]
[2023.08.15-15.54.53:509][  0]LogConfig: Setting CVar [[r.SkyAtmosphere.FastSkyLUT:1]]
[2023.08.15-15.54.53:509][  0]LogConfig: Setting CVar [[r.SkyAtmosphere.FastSkyLUT.SampleCountMin:4.0]]
[2023.08.15-15.54.53:509][  0]LogConfig: Setting CVar [[r.SkyAtmosphere.FastSkyLUT.SampleCountMax:128.0]]
[2023.08.15-15.54.53:509][  0]LogConfig: Setting CVar [[r.SkyAtmosphere.SampleCountMin:4.0]]
[2023.08.15-15.54.53:509][  0]LogConfig: Setting CVar [[r.SkyAtmosphere.SampleCountMax:128.0]]
[2023.08.15-15.54.53:509][  0]LogConfig: Setting CVar [[r.SkyAtmosphere.TransmittanceLUT.UseSmallFormat:0]]
[2023.08.15-15.54.53:509][  0]LogConfig: Setting CVar [[r.SkyAtmosphere.TransmittanceLUT.SampleCount:10.0]]
[2023.08.15-15.54.53:509][  0]LogConfig: Setting CVar [[r.SkyAtmosphere.MultiScatteringLUT.SampleCount:15.0]]
[2023.08.15-15.54.53:509][  0]LogConfig: Setting CVar [[r.SkyLight.RealTimeReflectionCapture:1]]
[2023.08.15-15.54.53:509][  0]LogConfig: Applying CVar settings from Section [FoliageQuality@3] File [C:/Users/diogo/Documents/GitHub/Research-Project-Dungeon-generation-UE4/DungeonGeneration/Saved/Config/Windows/Scalability.ini]
[2023.08.15-15.54.53:509][  0]LogConfig: Setting CVar [[foliage.DensityScale:1.0]]
[2023.08.15-15.54.53:509][  0]LogConfig: Setting CVar [[grass.DensityScale:1.0]]
[2023.08.15-15.54.53:509][  0]LogConfig: Applying CVar settings from Section [ShadingQuality@3] File [C:/Users/diogo/Documents/GitHub/Research-Project-Dungeon-generation-UE4/DungeonGeneration/Saved/Config/Windows/Scalability.ini]
[2023.08.15-15.54.53:509][  0]LogConfig: Setting CVar [[r.HairStrands.SkyLighting.IntegrationType:2]]
[2023.08.15-15.54.53:509][  0]LogConfig: Setting CVar [[r.HairStrands.SkyAO.SampleCount:4]]
[2023.08.15-15.54.53:509][  0]LogConfig: Setting CVar [[r.HairStrands.Visibility.MSAA.SamplePerPixel:4]]
[2023.08.15-15.54.53:516][  0]LogInit: Selected Device Profile: [Windows]
[2023.08.15-15.54.53:516][  0]LogInit: Applying CVar settings loaded from the selected device profile: [Windows]
[2023.08.15-15.54.53:516][  0]LogHAL: Display: Platform has ~ 16 GB [16478359552 / 17179869184 / 16], which maps to Larger [LargestMinGB=32, LargerMinGB=12, DefaultMinGB=8, SmallerMinGB=6, SmallestMinGB=0)
[2023.08.15-15.54.53:516][  0]LogInit: Going up to parent DeviceProfile []
[2023.08.15-15.54.53:516][  0]LogConfig: Applying CVar settings from Section [ViewDistanceQuality@3] File [C:/Users/diogo/Documents/GitHub/Research-Project-Dungeon-generation-UE4/DungeonGeneration/Saved/Config/Windows/Scalability.ini]
[2023.08.15-15.54.53:516][  0]LogConfig: Setting CVar [[r.SkeletalMeshLODBias:0]]
[2023.08.15-15.54.53:516][  0]LogConfig: Setting CVar [[r.ViewDistanceScale:1.0]]
[2023.08.15-15.54.53:516][  0]LogConfig: Applying CVar settings from Section [AntiAliasingQuality@3] File [C:/Users/diogo/Documents/GitHub/Research-Project-Dungeon-generation-UE4/DungeonGeneration/Saved/Config/Windows/Scalability.ini]
[2023.08.15-15.54.53:516][  0]LogConfig: Setting CVar [[r.PostProcessAAQuality:4]]
[2023.08.15-15.54.53:516][  0]LogConfig: Applying CVar settings from Section [ShadowQuality@3] File [C:/Users/diogo/Documents/GitHub/Research-Project-Dungeon-generation-UE4/DungeonGeneration/Saved/Config/Windows/Scalability.ini]
[2023.08.15-15.54.53:516][  0]LogConfig: Setting CVar [[r.LightFunctionQuality:1]]
[2023.08.15-15.54.53:517][  0]LogConfig: Setting CVar [[r.ShadowQuality:5]]
[2023.08.15-15.54.53:517][  0]LogConfig: Setting CVar [[r.Shadow.CSM.MaxCascades:10]]
[2023.08.15-15.54.53:517][  0]LogConfig: Setting CVar [[r.Shadow.MaxResolution:2048]]
[2023.08.15-15.54.53:517][  0]LogConfig: Setting CVar [[r.Shadow.MaxCSMResolution:2048]]
[2023.08.15-15.54.53:517][  0]LogConfig: Setting CVar [[r.Shadow.RadiusThreshold:0.01]]
[2023.08.15-15.54.53:517][  0]LogConfig: Setting CVar [[r.Shadow.DistanceScale:1.0]]
[2023.08.15-15.54.53:517][  0]LogConfig: Setting CVar [[r.Shadow.CSM.TransitionScale:1.0]]
[2023.08.15-15.54.53:517][  0]LogConfig: Setting CVar [[r.Shadow.PreShadowResolutionFactor:1.0]]
[2023.08.15-15.54.53:517][  0]LogConfig: Setting CVar [[r.DistanceFieldShadowing:1]]
[2023.08.15-15.54.53:517][  0]LogConfig: Setting CVar [[r.DistanceFieldAO:1]]
[2023.08.15-15.54.53:517][  0]LogConfig: Setting CVar [[r.AOQuality:2]]
[2023.08.15-15.54.53:517][  0]LogConfig: Setting CVar [[r.VolumetricFog:1]]
[2023.08.15-15.54.53:517][  0]LogConfig: Setting CVar [[r.VolumetricFog.GridPixelSize:8]]
[2023.08.15-15.54.53:517][  0]LogConfig: Setting CVar [[r.VolumetricFog.GridSizeZ:128]]
[2023.08.15-15.54.53:517][  0]LogConfig: Setting CVar [[r.VolumetricFog.HistoryMissSupersampleCount:4]]
[2023.08.15-15.54.53:517][  0]LogConfig: Setting CVar [[r.LightMaxDrawDistanceScale:1]]
[2023.08.15-15.54.53:517][  0]LogConfig: Setting CVar [[r.CapsuleShadows:1]]
[2023.08.15-15.54.53:517][  0]LogConfig: Applying CVar settings from Section [PostProcessQuality@3] File [C:/Users/diogo/Documents/GitHub/Research-Project-Dungeon-generation-UE4/DungeonGeneration/Saved/Config/Windows/Scalability.ini]
[2023.08.15-15.54.53:517][  0]LogConfig: Setting CVar [[r.MotionBlurQuality:4]]
[2023.08.15-15.54.53:517][  0]LogConfig: Setting CVar [[r.AmbientOcclusionMipLevelFactor:0.4]]
[2023.08.15-15.54.53:517][  0]LogConfig: Setting CVar [[r.AmbientOcclusionMaxQuality:100]]
[2023.08.15-15.54.53:517][  0]LogConfig: Setting CVar [[r.AmbientOcclusionLevels:-1]]
[2023.08.15-15.54.53:517][  0]LogConfig: Setting CVar [[r.AmbientOcclusionRadiusScale:1.0]]
[2023.08.15-15.54.53:517][  0]LogConfig: Setting CVar [[r.DepthOfFieldQuality:2]]
[2023.08.15-15.54.53:517][  0]LogConfig: Setting CVar [[r.RenderTargetPoolMin:400]]
[2023.08.15-15.54.53:517][  0]LogConfig: Setting CVar [[r.LensFlareQuality:2]]
[2023.08.15-15.54.53:517][  0]LogConfig: Setting CVar [[r.SceneColorFringeQuality:1]]
[2023.08.15-15.54.53:517][  0]LogConfig: Setting CVar [[r.EyeAdaptationQuality:2]]
[2023.08.15-15.54.53:517][  0]LogConfig: Setting CVar [[r.BloomQuality:5]]
[2023.08.15-15.54.53:517][  0]LogConfig: Setting CVar [[r.FastBlurThreshold:100]]
[2023.08.15-15.54.53:517][  0]LogConfig: Setting CVar [[r.Upscale.Quality:3]]
[2023.08.15-15.54.53:517][  0]LogConfig: Setting CVar [[r.Tonemapper.GrainQuantization:1]]
[2023.08.15-15.54.53:517][  0]LogConfig: Setting CVar [[r.LightShaftQuality:1]]
[2023.08.15-15.54.53:517][  0]LogConfig: Setting CVar [[r.Filter.SizeScale:1]]
[2023.08.15-15.54.53:517][  0]LogConfig: Setting CVar [[r.Tonemapper.Quality:5]]
[2023.08.15-15.54.53:517][  0]LogConfig: Setting CVar [[r.DOF.Gather.AccumulatorQuality:1        ; higher gathering accumulator quality]]
[2023.08.15-15.54.53:517][  0]LogConfig: Setting CVar [[r.DOF.Gather.PostfilterMethod:1          ; Median3x3 postfilering method]]
[2023.08.15-15.54.53:517][  0]LogConfig: Setting CVar [[r.DOF.Gather.EnableBokehSettings:0       ; no bokeh simulation when gathering]]
[2023.08.15-15.54.53:517][  0]LogConfig: Setting CVar [[r.DOF.Gather.RingCount:4                 ; medium number of samples when gathering]]
[2023.08.15-15.54.53:517][  0]LogConfig: Setting CVar [[r.DOF.Scatter.ForegroundCompositing:1    ; additive foreground scattering]]
[2023.08.15-15.54.53:517][  0]LogConfig: Setting CVar [[r.DOF.Scatter.BackgroundCompositing:2    ; additive background scattering]]
[2023.08.15-15.54.53:517][  0]LogConfig: Setting CVar [[r.DOF.Scatter.EnableBokehSettings:1      ; bokeh simulation when scattering]]
[2023.08.15-15.54.53:517][  0]LogConfig: Setting CVar [[r.DOF.Scatter.MaxSpriteRatio:0.1         ; only a maximum of 10% of scattered bokeh]]
[2023.08.15-15.54.53:517][  0]LogConfig: Setting CVar [[r.DOF.Recombine.Quality:1                ; cheap slight out of focus]]
[2023.08.15-15.54.53:517][  0]LogConfig: Setting CVar [[r.DOF.Recombine.EnableBokehSettings:0    ; no bokeh simulation on slight out of focus]]
[2023.08.15-15.54.53:517][  0]LogConfig: Setting CVar [[r.DOF.TemporalAAQuality:1                ; more stable temporal accumulation]]
[2023.08.15-15.54.53:517][  0]LogConfig: Setting CVar [[r.DOF.Kernel.MaxForegroundRadius:0.025]]
[2023.08.15-15.54.53:517][  0]LogConfig: Setting CVar [[r.DOF.Kernel.MaxBackgroundRadius:0.025]]
[2023.08.15-15.54.53:517][  0]LogConfig: Applying CVar settings from Section [TextureQuality@3] File [C:/Users/diogo/Documents/GitHub/Research-Project-Dungeon-generation-UE4/DungeonGeneration/Saved/Config/Windows/Scalability.ini]
[2023.08.15-15.54.53:517][  0]LogConfig: Setting CVar [[r.Streaming.MipBias:0]]
[2023.08.15-15.54.53:517][  0]LogConfig: Setting CVar [[r.Streaming.AmortizeCPUToGPUCopy:0]]
[2023.08.15-15.54.53:517][  0]LogConfig: Setting CVar [[r.Streaming.MaxNumTexturesToStreamPerFrame:0]]
[2023.08.15-15.54.53:517][  0]LogConfig: Setting CVar [[r.Streaming.Boost:1]]
[2023.08.15-15.54.53:517][  0]LogConfig: Setting CVar [[r.MaxAnisotropy:8]]
[2023.08.15-15.54.53:517][  0]LogConfig: Setting CVar [[r.VT.MaxAnisotropy:8]]
[2023.08.15-15.54.53:517][  0]LogConfig: Setting CVar [[r.Streaming.LimitPoolSizeToVRAM:0]]
[2023.08.15-15.54.53:517][  0]LogConfig: Setting CVar [[r.Streaming.PoolSize:1000]]
[2023.08.15-15.54.53:517][  0]LogConfig: Setting CVar [[r.Streaming.MaxEffectiveScreenSize:0]]
[2023.08.15-15.54.53:517][  0]LogConfig: Applying CVar settings from Section [EffectsQuality@3] File [C:/Users/diogo/Documents/GitHub/Research-Project-Dungeon-generation-UE4/DungeonGeneration/Saved/Config/Windows/Scalability.ini]
[2023.08.15-15.54.53:517][  0]LogConfig: Setting CVar [[r.TranslucencyLightingVolumeDim:64]]
[2023.08.15-15.54.53:517][  0]LogConfig: Setting CVar [[r.RefractionQuality:2]]
[2023.08.15-15.54.53:517][  0]LogConfig: Setting CVar [[r.SSR.Quality:3]]
[2023.08.15-15.54.53:517][  0]LogConfig: Setting CVar [[r.SSR.HalfResSceneColor:0]]
[2023.08.15-15.54.53:517][  0]LogConfig: Setting CVar [[r.SceneColorFormat:4]]
[2023.08.15-15.54.53:517][  0]LogConfig: Setting CVar [[r.DetailMode:2]]
[2023.08.15-15.54.53:517][  0]LogConfig: Setting CVar [[r.TranslucencyVolumeBlur:1]]
[2023.08.15-15.54.53:517][  0]LogConfig: Setting CVar [[r.MaterialQualityLevel:1 ; High quality]]
[2023.08.15-15.54.53:517][  0]LogConfig: Setting CVar [[r.AnisotropicMaterials:1]]
[2023.08.15-15.54.53:517][  0]LogConfig: Setting CVar [[r.SSS.Scale:1]]
[2023.08.15-15.54.53:517][  0]LogConfig: Setting CVar [[r.SSS.SampleSet:2]]
[2023.08.15-15.54.53:517][  0]LogConfig: Setting CVar [[r.SSS.Quality:1]]
[2023.08.15-15.54.53:517][  0]LogConfig: Setting CVar [[r.SSS.HalfRes:0]]
[2023.08.15-15.54.53:517][  0]LogConfig: Setting CVar [[r.SSGI.Quality:3]]
[2023.08.15-15.54.53:517][  0]LogConfig: Setting CVar [[r.EmitterSpawnRateScale:1.0]]
[2023.08.15-15.54.53:517][  0]LogConfig: Setting CVar [[r.ParticleLightQuality:2]]
[2023.08.15-15.54.53:517][  0]LogConfig: Setting CVar [[r.SkyAtmosphere.AerialPerspectiveLUT.FastApplyOnOpaque:1 ; Always have FastSkyLUT 1 in this case to avoid wrong sky]]
[2023.08.15-15.54.53:517][  0]LogConfig: Setting CVar [[r.SkyAtmosphere.AerialPerspectiveLUT.SampleCountMaxPerSlice:4]]
[2023.08.15-15.54.53:517][  0]LogConfig: Setting CVar [[r.SkyAtmosphere.AerialPerspectiveLUT.DepthResolution:16.0]]
[2023.08.15-15.54.53:517][  0]LogConfig: Setting CVar [[r.SkyAtmosphere.FastSkyLUT:1]]
[2023.08.15-15.54.53:517][  0]LogConfig: Setting CVar [[r.SkyAtmosphere.FastSkyLUT.SampleCountMin:4.0]]
[2023.08.15-15.54.53:517][  0]LogConfig: Setting CVar [[r.SkyAtmosphere.FastSkyLUT.SampleCountMax:128.0]]
[2023.08.15-15.54.53:517][  0]LogConfig: Setting CVar [[r.SkyAtmosphere.SampleCountMin:4.0]]
[2023.08.15-15.54.53:517][  0]LogConfig: Setting CVar [[r.SkyAtmosphere.SampleCountMax:128.0]]
[2023.08.15-15.54.53:517][  0]LogConfig: Setting CVar [[r.SkyAtmosphere.TransmittanceLUT.UseSmallFormat:0]]
[2023.08.15-15.54.53:517][  0]LogConfig: Setting CVar [[r.SkyAtmosphere.TransmittanceLUT.SampleCount:10.0]]
[2023.08.15-15.54.53:517][  0]LogConfig: Setting CVar [[r.SkyAtmosphere.MultiScatteringLUT.SampleCount:15.0]]
[2023.08.15-15.54.53:517][  0]LogConfig: Setting CVar [[r.SkyLight.RealTimeReflectionCapture:1]]
[2023.08.15-15.54.53:517][  0]LogConfig: Applying CVar settings from Section [FoliageQuality@3] File [C:/Users/diogo/Documents/GitHub/Research-Project-Dungeon-generation-UE4/DungeonGeneration/Saved/Config/Windows/Scalability.ini]
[2023.08.15-15.54.53:517][  0]LogConfig: Setting CVar [[foliage.DensityScale:1.0]]
[2023.08.15-15.54.53:517][  0]LogConfig: Setting CVar [[grass.DensityScale:1.0]]
[2023.08.15-15.54.53:517][  0]LogConfig: Applying CVar settings from Section [ShadingQuality@3] File [C:/Users/diogo/Documents/GitHub/Research-Project-Dungeon-generation-UE4/DungeonGeneration/Saved/Config/Windows/Scalability.ini]
[2023.08.15-15.54.53:517][  0]LogConfig: Setting CVar [[r.HairStrands.SkyLighting.IntegrationType:2]]
[2023.08.15-15.54.53:517][  0]LogConfig: Setting CVar [[r.HairStrands.SkyAO.SampleCount:4]]
[2023.08.15-15.54.53:517][  0]LogConfig: Setting CVar [[r.HairStrands.Visibility.MSAA.SamplePerPixel:4]]
[2023.08.15-15.54.53:517][  0]LogConfig: Applying CVar settings from Section [Startup] File [../../../Engine/Config/ConsoleVariables.ini]
[2023.08.15-15.54.53:529][  0]LogConfig: Setting CVar [[net.UseAdaptiveNetUpdateFrequency:0]]
[2023.08.15-15.54.53:529][  0]LogConfig: Setting CVar [[p.chaos.AllowCreatePhysxBodies:1]]
[2023.08.15-15.54.53:529][  0]LogConfig: Setting CVar [[fx.SkipVectorVMBackendOptimizations:1]]
[2023.08.15-15.54.53:529][  0]LogConfig: Applying CVar settings from Section [ConsoleVariables] File [C:/Users/diogo/Documents/GitHub/Research-Project-Dungeon-generation-UE4/DungeonGeneration/Saved/Config/Windows/Engine.ini]
[2023.08.15-15.54.53:529][  0]LogConfig: Applying CVar settings from Section [ConsoleVariables] File [C:/Users/diogo/Documents/GitHub/Research-Project-Dungeon-generation-UE4/DungeonGeneration/Saved/Config/Windows/Editor.ini]
[2023.08.15-15.54.53:529][  0]LogInit: Computer: LAPTOP-7MFFUA7R
[2023.08.15-15.54.53:529][  0]LogInit: User: diogo
[2023.08.15-15.54.53:529][  0]LogInit: CPU Page size=4096, Cores=8
[2023.08.15-15.54.53:529][  0]LogInit: High frequency timer resolution =10.000000 MHz
[2023.08.15-15.54.53:529][  0]LogMemory: Memory total: Physical=15.3GB (16GB approx)
[2023.08.15-15.54.53:529][  0]LogMemory: Platform Memory Stats for Windows
[2023.08.15-15.54.53:529][  0]LogMemory: Process Physical Memory: 146.83 MB used, 146.83 MB peak
[2023.08.15-15.54.53:529][  0]LogMemory: Process Virtual Memory: 117.12 MB used, 117.12 MB peak
[2023.08.15-15.54.53:529][  0]LogMemory: Physical Memory: 12408.59 MB used,  3306.40 MB free, 15714.99 MB total
[2023.08.15-15.54.53:529][  0]LogMemory: Virtual Memory: 134204984.00 MB used,  12745.41 MB free, 134217728.00 MB total
[2023.08.15-15.54.53:534][  0]LogWindows: WindowsPlatformFeatures enabled
[2023.08.15-15.54.53:587][  0]LogInit: Physics initialised using underlying interface: PhysX
[2023.08.15-15.54.53:587][  0]LogInit: Using OS detected language (en-US).
[2023.08.15-15.54.53:587][  0]LogInit: Using OS detected locale (pt-PT).
[2023.08.15-15.54.53:595][  0]LogTextLocalizationManager: No specific localization for 'en-US' exists, so the 'en' localization will be used.
[2023.08.15-15.54.57:084][  0]LogTargetPlatformManager: Display: Loaded TargetPlatform 'AllDesktop'
[2023.08.15-15.54.57:107][  0]LogTargetPlatformManager: Display: Loaded TargetPlatform 'Android'
[2023.08.15-15.54.57:107][  0]LogTargetPlatformManager: Display: Loaded TargetPlatform 'Android_ASTC'
[2023.08.15-15.54.57:107][  0]LogTargetPlatformManager: Display: Loaded TargetPlatform 'Android_DXT'
[2023.08.15-15.54.57:107][  0]LogTargetPlatformManager: Display: Loaded TargetPlatform 'Android_ETC2'
[2023.08.15-15.54.57:107][  0]LogTargetPlatformManager: Display: Loaded TargetPlatform 'AndroidClient'
[2023.08.15-15.54.57:107][  0]LogTargetPlatformManager: Display: Loaded TargetPlatform 'Android_ASTCClient'
[2023.08.15-15.54.57:107][  0]LogTargetPlatformManager: Display: Loaded TargetPlatform 'Android_DXTClient'
[2023.08.15-15.54.57:107][  0]LogTargetPlatformManager: Display: Loaded TargetPlatform 'Android_ETC2Client'
[2023.08.15-15.54.57:107][  0]LogTargetPlatformManager: Display: Loaded TargetPlatform 'Android_Multi'
[2023.08.15-15.54.57:107][  0]LogTargetPlatformManager: Display: Loaded TargetPlatform 'Android_MultiClient'
[2023.08.15-15.54.57:128][  0]LogTargetPlatformManager: Display: Loaded TargetPlatform 'IOSClient'
[2023.08.15-15.54.57:128][  0]LogTargetPlatformManager: Display: Loaded TargetPlatform 'IOS'
[2023.08.15-15.54.57:147][  0]LogTargetPlatformManager: Display: Loaded TargetPlatform 'Linux'
[2023.08.15-15.54.57:153][  0]LogTargetPlatformManager: Display: Loaded TargetPlatform 'LinuxNoEditor'
[2023.08.15-15.54.57:158][  0]LogTargetPlatformManager: Display: Loaded TargetPlatform 'LinuxClient'
[2023.08.15-15.54.57:165][  0]LogTargetPlatformManager: Display: Loaded TargetPlatform 'LinuxServer'
[2023.08.15-15.54.57:179][  0]LogTargetPlatformManager: Display: Loaded TargetPlatform 'LinuxAArch64NoEditor'
[2023.08.15-15.54.57:184][  0]LogTargetPlatformManager: Display: Loaded TargetPlatform 'LinuxAArch64Client'
[2023.08.15-15.54.57:189][  0]LogTargetPlatformManager: Display: Loaded TargetPlatform 'LinuxAArch64Server'
[2023.08.15-15.54.57:216][  0]LogTargetPlatformManager: Display: Loaded TargetPlatform 'Lumin'
[2023.08.15-15.54.57:216][  0]LogTargetPlatformManager: Display: Loaded TargetPlatform 'LuminClient'
[2023.08.15-15.54.57:234][  0]LogTargetPlatformManager: Display: Loaded TargetPlatform 'MacNoEditor'
[2023.08.15-15.54.57:240][  0]LogTargetPlatformManager: Display: Loaded TargetPlatform 'Mac'
[2023.08.15-15.54.57:245][  0]LogTargetPlatformManager: Display: Loaded TargetPlatform 'MacClient'
[2023.08.15-15.54.57:249][  0]LogTargetPlatformManager: Display: Loaded TargetPlatform 'MacServer'
[2023.08.15-15.54.57:259][  0]LogTargetPlatformManager: Display: Loaded TargetPlatform 'TVOSClient'
[2023.08.15-15.54.57:259][  0]LogTargetPlatformManager: Display: Loaded TargetPlatform 'TVOS'
[2023.08.15-15.54.57:268][  0]LogTargetPlatformManager: Display: Loaded TargetPlatform 'WindowsNoEditor'
[2023.08.15-15.54.57:275][  0]LogTargetPlatformManager: Display: Loaded TargetPlatform 'Windows'
[2023.08.15-15.54.57:280][  0]LogTargetPlatformManager: Display: Loaded TargetPlatform 'WindowsClient'
[2023.08.15-15.54.57:285][  0]LogTargetPlatformManager: Display: Loaded TargetPlatform 'WindowsServer'
[2023.08.15-15.54.57:285][  0]LogTargetPlatformManager: Display: Building Assets For Windows
[2023.08.15-15.54.57:296][  0]LogAudioDebug: Display: Lib vorbis DLL was dynamically loaded.
[2023.08.15-15.54.57:337][  0]LogTextureFormatOodle: Display: Oodle Texture 2.9.0 init RDO Off
[2023.08.15-15.54.57:378][  0]LogRendererCore: Ray tracing is disabled. Reason: r.RayTracing=0.
[2023.08.15-15.54.57:380][  0]LogDerivedDataCache: Display: Max Cache Size: 512 MB
[2023.08.15-15.54.57:493][  0]LogDerivedDataCache: Loaded boot cache 0.11s 94MB C:/Users/diogo/AppData/Local/UnrealEngine/4.27/DerivedDataCache/Boot.ddc.
[2023.08.15-15.54.57:493][  0]LogDerivedDataCache: Display: Loaded Boot cache: C:/Users/diogo/AppData/Local/UnrealEngine/4.27/DerivedDataCache/Boot.ddc
[2023.08.15-15.54.57:493][  0]LogDerivedDataCache: FDerivedDataBackendGraph:  Pak pak cache file ../../../../../../Users/diogo/Documents/GitHub/Research-Project-Dungeon-generation-UE4/DungeonGeneration/DerivedDataCache/DDC.ddp not found, will not use a pak cache.
[2023.08.15-15.54.57:493][  0]LogDerivedDataCache: Unable to find inner node Pak for hierarchical cache Hierarchy.
[2023.08.15-15.54.57:493][  0]LogDerivedDataCache: FDerivedDataBackendGraph:  CompressedPak pak cache file ../../../../../../Users/diogo/Documents/GitHub/Research-Project-Dungeon-generation-UE4/DungeonGeneration/DerivedDataCache/Compressed.ddp not found, will not use a pak cache.
[2023.08.15-15.54.57:493][  0]LogDerivedDataCache: Unable to find inner node CompressedPak for hierarchical cache Hierarchy.
[2023.08.15-15.54.57:519][  0]LogDerivedDataCache: Display: Pak cache opened for reading ../../../Engine/DerivedDataCache/Compressed.ddp.
[2023.08.15-15.54.57:519][  0]LogDerivedDataCache: FDerivedDataBackendGraph:  EnterprisePak pak cache file ../../../Enterprise/DerivedDataCache/Compressed.ddp not found, will not use a pak cache.
[2023.08.15-15.54.57:519][  0]LogDerivedDataCache: Unable to find inner node EnterprisePak for hierarchical cache Hierarchy.
[2023.08.15-15.54.57:574][  0]LogDerivedDataCache: Speed tests for C:/Users/diogo/AppData/Local/UnrealEngine/Common/DerivedDataCache took 0.05 seconds
[2023.08.15-15.54.57:574][  0]LogDerivedDataCache: Display: Performance to C:/Users/diogo/AppData/Local/UnrealEngine/Common/DerivedDataCache: Latency=0.04ms. RandomReadSpeed=19.09MBs, RandomWriteSpeed=162.55MBs. Assigned SpeedClass 'Local'
[2023.08.15-15.54.57:576][  0]LogDerivedDataCache: Using Local data cache path C:/Users/diogo/AppData/Local/UnrealEngine/Common/DerivedDataCache: Writable
[2023.08.15-15.54.57:576][  0]LogDerivedDataCache: Shared data cache path not found in *engine.ini, will not use an Shared cache.
[2023.08.15-15.54.57:576][  0]LogDerivedDataCache: Unable to find inner node Shared for hierarchical cache Hierarchy.
[2023.08.15-15.54.57:588][  0]LogAssetRegistry: FAssetRegistry took 0.0018 seconds to start up
[2023.08.15-15.54.57:806][  0]LogInit: Selected Device Profile: [Windows]
[2023.08.15-15.54.57:806][  0]LogInit: Active device profile: [0000023E7EBE6B00][0000023E7EF65000 49] Windows
[2023.08.15-15.54.57:806][  0]LogInit: Profiles: [0000023E7EBE6B00][0000023E7EF65000 49] Windows, [0000023E7EB9E300][0000023E7EF732C0 49] WindowsNoEditor, [0000023E7EBE5D00][0000023E7EF69540 49] WindowsServer, [0000023E7EB9F000][0000023E7EF777C0 49] WindowsClient, [0000023E7EBE5100][0000023E7EF7FA80 49] IOS, [0000023E7EB9DF00][0000023E7EF821C0 49] iPadAir, [0000023E7EBE4200][0000023E7EF86480 49] iPadAir2, [0000023E7EB45C00][0000023E7EFA09C0 49] IPadPro, [0000023E7EB45D00][0000023E7EF8AA00 49] iPadAir3, [0000023E7EB9F800][0000023E7EF98CC0 49] iPadAir4, [0000023E7EB46C00][0000023E7EF94F80 49] iPadMini2, [0000023E7EB9CC00][0000023E7EF9D240 49] iPadMini3, [0000023E7EB47700][0000023E7EFAB500 49] iPadMini4, [0000023E7EB9E700][0000023E7EF7B780 49] iPadMini5, [0000023E7EB81300][0000023E7EFC2100 49] iPhone6, [0000023E7EB81400][0000023E7EFAE140 49] iPodTouch6, [0000023E7EBE4E00][0000023E7EFCA680 49] iPhone7, [0000023E7EBE5300][0000023E7EFBA6C0 49] iPodTouch7, [0000023E7EB47900][0000023E7EFBE980 49] iPhone5S, [0000023E7EBE6700][0000023E7EFB6C40 49] iPhone6Plus, [0000023E7EB45900][0000023E7EFC6F00 49] iPhone6S, [0000023E7EBE6000][0000023E7EFCF1C0 49] iPhone6SPlus, [0000023E7EB47000][0000023E7EFD3480 49] iPhone7Plus, [0000023E7EBE4100][0000023E7EFD7740 49] iPhoneSE, [0000023E7EBE4B00][0000023E7EFB39C0 49] iPhone8, [0000023E7EB80500][0000023E7EFDA0C0 49] iPhone8Plus, [0000023E7EBE5A00][0000023E7EFE2380 49] iPhoneX, [0000023E7EB80700][0000023E7EFE6640 49] iPhoneXS, [0000023E7EBE4600][0000023E7EFEA900 49] iPhoneXSMax, [0000023E7EB80D00][0000023E7EFEEBC0 49] iPhoneXR, [0000023E7EB45500][0000023E7EFF2E80 49] iPhone11, [0000023E7EB81000][0000023E7EFF7140 49] iPhone11Pro, [0000023E7EB45300][0000023E7EFFB400 49] iPhone11ProMax, [0000023E7EB80600][0000023E7EFFF6C0 49] iPhoneSE2, [0000023E7EB45400][0000023E7F003980 49] iPhone12Mini, [0000023E7EB83B00][0000023E7EFDFC00 49] iPhone12, [0000023E7EB45B00][0000023E7F00A340 49] iPhone12Pro, [0000023E7EB81E00][0000023E7F00E600 49] iPhone12ProMax, [0000023E7EB46000][0000023E7F0128C0 49] iPadPro105, [0000023E7EB82000][0000023E7F016B80 49] iPadPro129, [0000023E7EB47500][0000023E7F01AE40 49] iPadPro97, [0000023E7EB82100][0000023E7F01F100 49] iPadPro2_129, [0000023E7EB44A00][0000023E7F0233C0 49] iPad5, [0000023E7EB80900][0000023E7F027680 49] iPad6, [0000023E7EB47600][0000023E7F02B940 49] iPad7, [0000023E7EB82900][0000023E7F007BC0 49] iPad8, [0000023E7EB46D00][0000023E7F02E2C0 49] iPadPro11, [0000023E7EB80E00][0000023E7F036580 49] iPadPro2_11, [0000023E7EB46800][0000023E7F03A840 49] iPadPro3_129, [0000023E7EB80100][0000023E7F03EB00 49] iPadPro4_129, [0000023E7EB45A00][0000023E7F042DC0 49] AppleTV, [0000023E7EB83000][0000023E7F047080 49] AppleTV4K, [0000023E7EB47B00][0000023E7F04B340 49] TVOS, [0000023E7EB80A00][0000023E7F04F600 49] Mac, [0000023E7EB44300][0000023E7F0538C0 49] MacClient, [0000023E7EB83900][0000023E7F057B80 49] MacNoEditor, [0000023E7EB47F00][0000023E7F032280 49] MacServer, [0000023E7EB80B00][0000023E7F05A500 49] Linux, [0000023E7EB44F00][0000023E7F0627C0 49] LinuxAArch64, [0000023E7EB81700][0000023E7F066A80 49] LinuxNoEditor, [0000023E7EB44700][0000023E7F06AD40 49] LinuxAArch64NoEditor, [0000023E7EB83100][0000023E7F06F000 49] LinuxClient, [0000023E7EB46500][0000023E7F0732C0 49] LinuxAArch64Client, [0000023E7EB82600][0000023E7F077580 49] LinuxServer, [0000023E7EB44B00][0000023E7F07B840 49] LinuxAArch64Server, [0000023E7EB82E00][0000023E7F07FB00 49] Android, [0000023E7EB47100][0000023E7F082240 49] Android_Low, [0000023E7EB82D00][0000023E7F05E4C0 49] Android_Mid, [0000023E7EB46700][0000023E7F086740 49] Android_High, [0000023E7EB80400][0000023E7F08EA00 49] Android_Default, [0000023E7EB46200][0000023E7F092CC0 49] Android_Adreno4xx, [0000023E7EB81500][0000023E7F096F80 49] Android_Adreno5xx_Low, [0000023E7EB45600][0000023E7F09B240 49] Android_Adreno5xx, [0000023E7EB81900][0000023E7F09F500 49] Android_Adreno6xx, [0000023E7EB44E00][0000023E7F0A37C0 49] Android_Adreno6xx_Vulkan, [0000023E7EB82F00][0000023E7F0A7A80 49] Android_Mali_T6xx, [0000023E7EB47D00][0000023E7F0AA1C0 49] Android_Mali_T7xx, [0000023E7EB80800][0000023E7F0AE480 49] Android_Mali_T8xx, [0000023E7EB44600][0000023E7F08A700 49] Android_Mali_G71, [0000023E7EB82800][0000023E7F0B2980 49] Android_Mali_G72, [0000023E7EB44900][0000023E7F0BAC40 49] Android_Mali_G72_Vulkan, [0000023E7EB82300][0000023E7F0BEF00 49] Android_Mali_G76, [0000023E7EB44100][0000023E7F0C31C0 49] Android_Mali_G76_Vulkan, [0000023E7EBE5000][0000023E7F0C7480 49] Android_Mali_G77, [0000023E7EB9D800][0000023E7F0CB740 49] Android_Mali_G77_Vulkan, [0000023E7EBE7100][0000023E7F0CFA00 49] Android_Mali_G78, [0000023E7EB9DC00][0000023E7F0D2140 49] Android_Mali_G78_Vulkan, [0000023E7EBE4400][0000023E7F0D6400 49] Android_Mali_G710, [0000023E7EB9EC00][0000023E7F0DA6C0 49] Android_Mali_G710_Vulkan, [0000023E7EBE5800][0000023E7F0B6940 49] Android_Vulkan_SM5, [0000023E7EB9FC00][0000023E7F0DEBC0 49] Android_PowerVR_G6xxx, [0000023E7EBE4A00][0000023E7F0E6E80 49] Android_PowerVR_GT7xxx, [0000023E7EB9C900][0000023E7F0EB140 49] Android_PowerVR_GE8xxx, [0000023E7EBE6300][0000023E7F0EF400 49] Android_PowerVR_GM9xxx, [0000023E7EB9DD00][0000023E7F0F36C0 49] Android_PowerVR_GM9xxx_Vulkan, [0000023E7EBE7700][0000023E7F0F7980 49] Android_TegraK1, [0000023E7EB9E000][0000023E7F0FA0C0 49] Android_Unknown_Vulkan, [0000023E7EBE6E00][0000023E7F110380 49] Lumin, [0000023E7EB9C800][0000023E7F114640 49] Lumin_Desktop, [0000023E7EBE7400][0000023E7F118900 49] HoloLens, 
[2023.08.15-15.54.57:868][  0]LogMeshReduction: Using QuadricMeshReduction for automatic static mesh reduction
[2023.08.15-15.54.57:868][  0]LogMeshReduction: Using SimplygonMeshReduction for automatic skeletal mesh reduction
[2023.08.15-15.54.57:868][  0]LogMeshReduction: Using ProxyLODMeshReduction for automatic mesh merging
[2023.08.15-15.54.57:868][  0]LogMeshReduction: No distributed automatic mesh merging module available
[2023.08.15-15.54.57:868][  0]LogMeshMerging: No distributed automatic mesh merging module available
[2023.08.15-15.54.57:875][  0]LogNetVersion: DungeonGeneration 1.0.0, NetCL: 17155196, EngineNetVer: 17, GameNetVer: 0 (Checksum: 1150255120)
[2023.08.15-15.54.58:457][  0]LogHMD: PokeAHoleMaterial loaded successfully
[2023.08.15-15.54.58:639][  0]LogCollectionManager: Loaded 0 collections in 0.001701 seconds
[2023.08.15-15.54.58:640][  0]LogFileCache: Scanning file cache for directory 'C:/Users/diogo/Documents/GitHub/Research-Project-Dungeon-generation-UE4/DungeonGeneration/Saved/Collections/' took 0.00s
[2023.08.15-15.54.58:640][  0]LogFileCache: Scanning file cache for directory 'C:/Users/diogo/Documents/GitHub/Research-Project-Dungeon-generation-UE4/DungeonGeneration/Content/Developers/diogo/Collections/' took 0.00s
[2023.08.15-15.54.58:640][  0]LogFileCache: Scanning file cache for directory 'C:/Users/diogo/Documents/GitHub/Research-Project-Dungeon-generation-UE4/DungeonGeneration/Content/Collections/' took 0.00s
[2023.08.15-15.54.58:640][  0]LogCollectionManager: Fixed up redirectors for 0 collections in 0.000002 seconds (updated 0 objects)
[2023.08.15-15.54.58:813][  0]LogNiagaraDebuggerClient: Niagara Debugger Client Initialized | Session: 88A7E4AF498ECC33EF56349194260E6E | Instance: 6CDC2ED84AA7F0A8F32A93B3DC73E0FF (LAPTOP-7MFFUA7R-28396).
[2023.08.15-15.54.58:852][  0]LogPython: Using Python 3.7.7
[2023.08.15-15.54.59:860][  0]SourceControl: Source control is disabled
[2023.08.15-15.54.59:860][  0]SourceControl: Source control is disabled
[2023.08.15-15.54.59:865][  0]SourceControl: Source control is disabled
[2023.08.15-15.54.59:871][  0]SourceControl: Source control is disabled
[2023.08.15-15.54.59:876][  0]SourceControl: Source control is disabled
[2023.08.15-15.54.59:883][  0]LogUProjectInfo: Found projects:
[2023.08.15-15.55.00:239][  0]LogOpenImageDenoise: OIDN starting up
[2023.08.15-15.55.00:295][  0]LogAndroidPermission: UAndroidPermissionCallbackProxy::GetInstance
[2023.08.15-15.55.00:349][  0]LogAudioCaptureCore: Display: No Audio Capture implementations found. Audio input will be silent.
[2023.08.15-15.55.00:349][  0]LogAudioCaptureCore: Display: No Audio Capture implementations found. Audio input will be silent.
[2023.08.15-15.55.00:741][  0]LogOcInput: OculusInput pre-init called
[2023.08.15-15.55.00:839][  0]LogUObjectArray: 23293 objects as part of root set at end of initial load.
[2023.08.15-15.55.00:839][  0]LogUObjectAllocator: 6548896 out of 0 bytes used by permanent object pool.
[2023.08.15-15.55.00:839][  0]LogUObjectArray: CloseDisregardForGC: 0/0 objects in disregard for GC pool
[2023.08.15-15.55.00:842][  0]LogInit: Error: VisualStudioToolsCommandlet looked like a commandlet, but we could not find the class.
[2023.08.15-15.55.00:843][  0]LogCore: Engine exit requested (reason: Failed to find commandlet class VisualStudioToolsCommandlet)
[2023.08.15-15.55.00:843][  0]LogCore: Engine exit requested (reason: EngineExit() was called; note: exit was already requested)
[2023.08.15-15.55.00:844][  0]LogExit: Preparing to exit.
[2023.08.15-15.55.00:856][  0]LogUObjectHash: Compacting FUObjectHashTables data took   0.89ms
[2023.08.15-15.55.00:953][  0]LogDemo: Cleaned up 0 splitscreen connections with owner deletion
[2023.08.15-15.55.01:130][  0]LogExit: Object subsystem successfully closed.
[2023.08.15-15.55.01:218][  0]LogModuleManager: Shutting down and abandoning module AudioSynesthesiaEditor (594)
[2023.08.15-15.55.01:218][  0]LogModuleManager: Shutting down and abandoning module OculusEditor (592)
[2023.08.15-15.55.01:219][  0]LogModuleManager: Shutting down and abandoning module OculusInput (590)
[2023.08.15-15.55.01:219][  0]LogModuleManager: Shutting down and abandoning module ContentBrowserAssetDataSource (588)
[2023.08.15-15.55.01:219][  0]LogModuleManager: Shutting down and abandoning module ContentBrowserClassDataSource (586)
[2023.08.15-15.55.01:219][  0]LogModuleManager: Shutting down and abandoning module ToolMenus (585)
[2023.08.15-15.55.01:219][  0]LogModuleManager: Shutting down and abandoning module ContentBrowserFileDataSource (582)
[2023.08.15-15.55.01:219][  0]LogModuleManager: Shutting down and abandoning module TakeSequencer (580)
[2023.08.15-15.55.01:220][  0]LogModuleManager: Shutting down and abandoning module TakeMovieScene (578)
[2023.08.15-15.55.01:220][  0]LogModuleManager: Shutting down and abandoning module ScreenshotTools (576)
[2023.08.15-15.55.01:220][  0]LogModuleManager: Shutting down and abandoning module SynthesisEditor (574)
[2023.08.15-15.55.01:220][  0]LogModuleManager: Shutting down and abandoning module Synthesis (572)
[2023.08.15-15.55.01:221][  0]LogModuleManager: Shutting down and abandoning module ProceduralMeshComponentEditor (570)
[2023.08.15-15.55.01:221][  0]LogModuleManager: Shutting down and abandoning module ProceduralMeshComponent (568)
[2023.08.15-15.55.01:221][  0]LogModuleManager: Shutting down and abandoning module OpenXREditor (566)
[2023.08.15-15.55.01:221][  0]LogModuleManager: Shutting down and abandoning module MobilePatchingUtils (564)
[2023.08.15-15.55.01:221][  0]LogModuleManager: Shutting down and abandoning module GooglePAD (562)
[2023.08.15-15.55.01:221][  0]LogModuleManager: Shutting down and abandoning module AssetTags (560)
[2023.08.15-15.55.01:221][  0]LogModuleManager: Shutting down and abandoning module AudioCapture (558)
[2023.08.15-15.55.01:221][  0]LogModuleManager: Shutting down and abandoning module AudioCaptureRtAudio (557)
[2023.08.15-15.55.01:221][  0]LogModuleManager: Shutting down and abandoning module EditableMesh (554)
[2023.08.15-15.55.01:222][  0]LogModuleManager: Shutting down and abandoning module CableComponent (552)
[2023.08.15-15.55.01:222][  0]LogModuleManager: Shutting down and abandoning module CustomMeshComponent (550)
[2023.08.15-15.55.01:222][  0]LogModuleManager: Shutting down and abandoning module ArchVisCharacter (548)
[2023.08.15-15.55.01:222][  0]LogModuleManager: Shutting down and abandoning module AppleImageUtilsBlueprintSupport (546)
[2023.08.15-15.55.01:222][  0]LogModuleManager: Shutting down and abandoning module AppleImageUtils (544)
[2023.08.15-15.55.01:222][  0]LogModuleManager: Shutting down and abandoning module AndroidPermission (542)
[2023.08.15-15.55.01:222][  0]LogModuleManager: Shutting down and abandoning module ActorLayerUtilitiesEditor (540)
[2023.08.15-15.55.01:222][  0]LogModuleManager: Shutting down and abandoning module ActorLayerUtilities (538)
[2023.08.15-15.55.01:222][  0]LogModuleManager: Shutting down and abandoning module TemplateSequence (536)
[2023.08.15-15.55.01:222][  0]LogModuleManager: Shutting down and abandoning module MediaCompositing (534)
[2023.08.15-15.55.01:222][  0]LogModuleManager: Shutting down and abandoning module MagicLeapSharedWorld (532)
[2023.08.15-15.55.01:222][  0]LogModuleManager: Shutting down and abandoning module MagicLeapLightEstimation (530)
[2023.08.15-15.55.01:222][  0]LogModuleManager: Shutting down and abandoning module MagicLeapHelperVulkan (528)
[2023.08.15-15.55.01:223][  0]LogModuleManager: Shutting down and abandoning module MagicLeapHelperOpenGL (526)
[2023.08.15-15.55.01:223][  0]LogModuleManager: Shutting down and abandoning module MagicLeapAudio (524)
[2023.08.15-15.55.01:223][  0]LogModuleManager: Shutting down and abandoning module MotoSynthEditor (522)
[2023.08.15-15.55.01:223][  0]LogModuleManager: Shutting down and abandoning module MotoSynth (520)
[2023.08.15-15.55.01:223][  0]LogModuleManager: Shutting down and abandoning module OpenImageDenoise (518)
[2023.08.15-15.55.01:223][  0]LogOpenImageDenoise: OIDN shutting down
[2023.08.15-15.55.01:223][  0]LogModuleManager: Shutting down and abandoning module MeshConversion (516)
[2023.08.15-15.55.01:223][  0]LogModuleManager: Shutting down and abandoning module DynamicMesh (514)
[2023.08.15-15.55.01:224][  0]LogModuleManager: Shutting down and abandoning module GeometryAlgorithms (512)
[2023.08.15-15.55.01:225][  0]LogModuleManager: Shutting down and abandoning module GeometricObjects (510)
[2023.08.15-15.55.01:225][  0]LogModuleManager: Shutting down and abandoning module GeometryCollectionTracks (508)
[2023.08.15-15.55.01:225][  0]LogModuleManager: Shutting down and abandoning module GeometryCollectionSequencer (507)
[2023.08.15-15.55.01:225][  0]LogModuleManager: Shutting down and abandoning module GeometryCollectionEditor (504)
[2023.08.15-15.55.01:225][  0]LogModuleManager: Shutting down and abandoning module GeometryCacheTracks (502)
[2023.08.15-15.55.01:225][  0]LogModuleManager: Shutting down and abandoning module GeometryCacheStreamer (500)
[2023.08.15-15.55.01:225][  0]LogModuleManager: Shutting down and abandoning module GeometryCacheSequencer (498)
[2023.08.15-15.55.01:225][  0]LogModuleManager: Shutting down and abandoning module ChaosSolverEditor (496)
[2023.08.15-15.55.01:225][  0]LogModuleManager: Shutting down and abandoning module FractureEditor (494)
[2023.08.15-15.55.01:226][  0]LogModuleManager: Shutting down and abandoning module ChaosNiagara (492)
[2023.08.15-15.55.01:226][  0]LogModuleManager: Shutting down and abandoning module FieldSystemEngine (491)
[2023.08.15-15.55.01:226][  0]LogModuleManager: Shutting down and abandoning module ChaosClothEditor (488)
[2023.08.15-15.55.01:227][  0]LogModuleManager: Shutting down and abandoning module AutomationUtilsEditor (486)
[2023.08.15-15.55.01:227][  0]LogModuleManager: Shutting down and abandoning module AutomationUtils (484)
[2023.08.15-15.55.01:227][  0]LogModuleManager: Shutting down and abandoning module AlembicImporter (482)
[2023.08.15-15.55.01:227][  0]LogModuleManager: Shutting down and abandoning module AlembicLibrary (481)
[2023.08.15-15.55.01:227][  0]LogModuleManager: Shutting down and abandoning module GeometryCache (480)
[2023.08.15-15.55.01:227][  0]LogModuleManager: Shutting down and abandoning module GeometryCacheEd (479)
[2023.08.15-15.55.01:227][  0]LogModuleManager: Shutting down and abandoning module NiagaraEditorWidgets (474)
[2023.08.15-15.55.01:229][  0]LogModuleManager: Shutting down and abandoning module VariantManagerContentEditor (472)
[2023.08.15-15.55.01:230][  0]LogModuleManager: Shutting down and abandoning module DatasmithContentEditor (470)
[2023.08.15-15.55.01:230][  0]LogModuleManager: Shutting down and abandoning module SpeedTreeImporter (468)
[2023.08.15-15.55.01:230][  0]LogModuleManager: Shutting down and abandoning module MobileLauncherProfileWizard (466)
[2023.08.15-15.55.01:231][  0]LogModuleManager: Shutting down and abandoning module PluginBrowser (464)
[2023.08.15-15.55.01:232][  0]LogModuleManager: Shutting down and abandoning module MaterialAnalyzer (462)
[2023.08.15-15.55.01:232][  0]LogModuleManager: Shutting down and abandoning module CurveEditorTools (460)
[2023.08.15-15.55.01:234][  0]LogModuleManager: Shutting down and abandoning module CryptoKeysOpenSSL (458)
[2023.08.15-15.55.01:234][  0]LogModuleManager: Shutting down and abandoning module CryptoKeys (456)
[2023.08.15-15.55.01:234][  0]LogModuleManager: Shutting down and abandoning module VisualStudioSourceCodeAccess (454)
[2023.08.15-15.55.01:234][  0]LogModuleManager: Shutting down and abandoning module VisualStudioCodeSourceCodeAccess (452)
[2023.08.15-15.55.01:234][  0]LogModuleManager: Shutting down and abandoning module UObjectPlugin (450)
[2023.08.15-15.55.01:234][  0]LogModuleManager: Shutting down and abandoning module SubversionSourceControl (448)
[2023.08.15-15.55.01:234][  0]LogModuleManager: Shutting down and abandoning module PlasticSourceControl (446)
[2023.08.15-15.55.01:236][  0]LogModuleManager: Shutting down and abandoning module PluginUtils (444)
[2023.08.15-15.55.01:236][  0]LogModuleManager: Shutting down and abandoning module PerforceSourceControl (442)
[2023.08.15-15.55.01:238][  0]LogModuleManager: Shutting down and abandoning module GitSourceControl (440)
[2023.08.15-15.55.01:239][  0]LogModuleManager: Shutting down and abandoning module SourceControl (439)
[2023.08.15-15.55.01:239][  0]LogModuleManager: Shutting down and abandoning module AnimationSharingEd (436)
[2023.08.15-15.55.01:239][  0]LogModuleManager: Shutting down and abandoning module CLionSourceCodeAccess (434)
[2023.08.15-15.55.01:239][  0]LogModuleManager: Shutting down and abandoning module OodleNetworkHandlerComponent (432)
[2023.08.15-15.55.01:239][  0]LogModuleManager: Shutting down and abandoning module LightPropagationVolumeEditor (430)
[2023.08.15-15.55.01:239][  0]LogModuleManager: Shutting down and abandoning module LiveLinkSequencer (428)
[2023.08.15-15.55.01:240][  0]LogModuleManager: Shutting down and abandoning module LiveLinkMovieScene (426)
[2023.08.15-15.55.01:240][  0]LogModuleManager: Shutting down and abandoning module LiveLinkGraphNode (424)
[2023.08.15-15.55.01:240][  0]LogModuleManager: Shutting down and abandoning module LiveLinkEditor (422)
[2023.08.15-15.55.01:240][  0]LogModuleManager: Shutting down and abandoning module LiveLinkComponents (420)
[2023.08.15-15.55.01:240][  0]LogModuleManager: Shutting down and abandoning module LiveLink (418)
[2023.08.15-15.55.01:776][  0]LogModuleManager: Shutting down and abandoning module PaperTiledImporter (416)
[2023.08.15-15.55.01:776][  0]LogModuleManager: Shutting down and abandoning module PaperSpriteSheetImporter (414)
[2023.08.15-15.55.01:776][  0]LogModuleManager: Shutting down and abandoning module Paper2DEditor (412)
[2023.08.15-15.55.01:779][  0]LogModuleManager: Shutting down and abandoning module MeshPaintingToolset (410)
[2023.08.15-15.55.01:779][  0]LogModuleManager: Shutting down and abandoning module MeshPaintEditorMode (408)
[2023.08.15-15.55.01:779][  0]LogModuleManager: Shutting down and abandoning module DungeonGeneration (406)
[2023.08.15-15.55.01:779][  0]LogModuleManager: Shutting down and abandoning module SoundFields (404)
[2023.08.15-15.55.01:779][  0]LogModuleManager: Shutting down and abandoning module PropertyAccessEditor (402)
[2023.08.15-15.55.01:780][  0]LogModuleManager: Shutting down and abandoning module RuntimePhysXCooking (400)
[2023.08.15-15.55.01:781][  0]LogModuleManager: Shutting down and abandoning module SignificanceManager (398)
[2023.08.15-15.55.01:781][  0]LogModuleManager: Shutting down and abandoning module PhysXVehiclesEditor (396)
[2023.08.15-15.55.01:781][  0]LogModuleManager: Shutting down and abandoning module AudioSynesthesia (392)
[2023.08.15-15.55.01:781][  0]LogModuleManager: Shutting down and abandoning module AudioSynesthesiaCore (390)
[2023.08.15-15.55.01:781][  0]LogModuleManager: Shutting down and abandoning module LocationServicesBPLibrary (388)
[2023.08.15-15.55.01:782][  0]LogModuleManager: Shutting down and abandoning module ActorSequence (386)
[2023.08.15-15.55.01:782][  0]LogModuleManager: Shutting down and abandoning module UdpMessaging (384)
[2023.08.15-15.55.01:782][  0]LogModuleManager: Shutting down and abandoning module TcpMessaging (382)
[2023.08.15-15.55.01:782][  0]LogModuleManager: Shutting down and abandoning module MagicLeapARPin (380)
[2023.08.15-15.55.01:782][  0]LogModuleManager: Shutting down and abandoning module MagicLeapHandMeshing (378)
[2023.08.15-15.55.01:782][  0]LogModuleManager: Shutting down and abandoning module MagicLeapSecureStorage (376)
[2023.08.15-15.55.01:782][  0]LogModuleManager: Shutting down and abandoning module MagicLeapPrivileges (374)
[2023.08.15-15.55.01:782][  0]LogModuleManager: Shutting down and abandoning module MagicLeapPlanes (372)
[2023.08.15-15.55.01:783][  0]LogMagicLeapPlanes: Planes tracker already destroyed.
[2023.08.15-15.55.01:783][  0]LogModuleManager: Shutting down and abandoning module MagicLeapImageTracker (370)
[2023.08.15-15.55.01:783][  0]LogModuleManager: Shutting down and abandoning module MagicLeapIdentity (368)
[2023.08.15-15.55.01:783][  0]LogModuleManager: Shutting down and abandoning module MagicLeapHandTracking (366)
[2023.08.15-15.55.01:783][  0]LogModuleManager: Shutting down and abandoning module MagicLeapEyeTracker (364)
[2023.08.15-15.55.01:783][  0]LogModuleManager: Shutting down and abandoning module MagicLeapController (362)
[2023.08.15-15.55.01:783][  0]LogModuleManager: Shutting down and abandoning module MagicLeapARPinImpl (360)
[2023.08.15-15.55.01:783][  0]LogModuleManager: Shutting down and abandoning module MagicLeapAR (358)
[2023.08.15-15.55.01:783][  0]LogModuleManager: Shutting down and abandoning module PythonScriptPlugin (356)
[2023.08.15-15.55.01:783][  0]LogModuleManager: Shutting down and abandoning module NiagaraAnimNotifies (354)
[2023.08.15-15.55.01:783][  0]LogModuleManager: Shutting down and abandoning module Niagara (352)
[2023.08.15-15.55.01:785][  0]LogModuleManager: Shutting down and abandoning module SignalProcessing (351)
[2023.08.15-15.55.01:785][  0]LogModuleManager: Shutting down and abandoning module NiagaraEditor (349)
[2023.08.15-15.55.01:788][  0]LogModuleManager: Shutting down and abandoning module NiagaraCore (346)
[2023.08.15-15.55.01:788][  0]LogModuleManager: Shutting down and abandoning module GameplayTagsEditor (344)
[2023.08.15-15.55.01:789][  0]LogModuleManager: Shutting down and abandoning module FacialAnimationEditor (342)
[2023.08.15-15.55.01:789][  0]LogModuleManager: Shutting down and abandoning module FacialAnimation (340)
[2023.08.15-15.55.01:789][  0]LogModuleManager: Shutting down and abandoning module DataValidation (338)
[2023.08.15-15.55.01:789][  0]LogModuleManager: Shutting down and abandoning module AssetManagerEditor (336)
[2023.08.15-15.55.01:789][  0]LogModuleManager: Shutting down and abandoning module TreeMap (335)
[2023.08.15-15.55.01:790][  0]LogModuleManager: Shutting down and abandoning module PropertyAccessNode (332)
[2023.08.15-15.55.01:790][  0]LogModuleManager: Shutting down and abandoning module AnimationSharing (330)
[2023.08.15-15.55.01:790][  0]LogModuleManager: Shutting down and abandoning module GameplayCameras (328)
[2023.08.15-15.55.01:790][  0]LogModuleManager: Shutting down and abandoning module LightPropagationVolumeRuntime (326)
[2023.08.15-15.55.01:790][  0]LogModuleManager: Shutting down and abandoning module EnvironmentQueryEditor (324)
[2023.08.15-15.55.01:792][  0]LogModuleManager: Shutting down and abandoning module Paper2D (322)
[2023.08.15-15.55.01:792][  0]LogModuleManager: Shutting down and abandoning module NetworkReplayStreaming (320)
[2023.08.15-15.55.01:792][  0]LogModuleManager: Shutting down and abandoning module PacketHandler (318)
[2023.08.15-15.55.01:792][  0]LogModuleManager: Shutting down and abandoning module ClothingSystemEditor (316)
[2023.08.15-15.55.01:792][  0]LogModuleManager: Shutting down and abandoning module ClothingSystemRuntimeNv (314)
[2023.08.15-15.55.01:793][  0]LogModuleManager: Shutting down and abandoning module MediaAssets (312)
[2023.08.15-15.55.01:793][  0]LogModuleManager: Shutting down and abandoning module Overlay (310)
[2023.08.15-15.55.01:793][  0]LogModuleManager: Shutting down and abandoning module OverlayEditor (309)
[2023.08.15-15.55.01:793][  0]LogModuleManager: Shutting down and abandoning module Blutility (306)
[2023.08.15-15.55.01:794][  0]LogModuleManager: Shutting down and abandoning module LevelEditor (305)
[2023.08.15-15.55.01:796][  0]LogModuleManager: Shutting down and abandoning module PixelInspectorModule (304)
[2023.08.15-15.55.01:796][  0]LogModuleManager: Shutting down and abandoning module CommonMenuExtensions (302)
[2023.08.15-15.55.01:797][  0]LogModuleManager: Shutting down and abandoning module MainFrame (300)
[2023.08.15-15.55.01:798][  0]LogModuleManager: Shutting down and abandoning module HotReload (299)
[2023.08.15-15.55.01:799][  0]LogModuleManager: Shutting down and abandoning module ContentBrowser (295)
[2023.08.15-15.55.01:799][  0]LogModuleManager: Shutting down and abandoning module CollectionManager (294)
[2023.08.15-15.55.01:801][  0]LogModuleManager: Shutting down and abandoning module ContentBrowserData (292)
[2023.08.15-15.55.01:801][  0]LogModuleManager: Shutting down and abandoning module IntroTutorials (288)
[2023.08.15-15.55.01:801][  0]LogModuleManager: Shutting down and abandoning module VREditor (286)
[2023.08.15-15.55.01:802][  0]LogModuleManager: Shutting down and abandoning module StringTableEditor (284)
[2023.08.15-15.55.01:802][  0]LogModuleManager: Shutting down and abandoning module GameplayTasksEditor (282)
[2023.08.15-15.55.01:803][  0]LogModuleManager: Shutting down and abandoning module BehaviorTreeEditor (280)
[2023.08.15-15.55.01:805][  0]LogModuleManager: Shutting down and abandoning module FunctionalTesting (278)
[2023.08.15-15.55.01:806][  0]LogModuleManager: Shutting down and abandoning module CollisionAnalyzer (276)
[2023.08.15-15.55.01:807][  0]LogModuleManager: Shutting down and abandoning module WorkspaceMenuStructure (275)
[2023.08.15-15.55.01:807][  0]LogModuleManager: Shutting down and abandoning module UMG (272)
[2023.08.15-15.55.01:807][  0]LogModuleManager: Shutting down and abandoning module UMGEditor (271)
[2023.08.15-15.55.01:808][  0]LogModuleManager: Shutting down and abandoning module MessageLog (269)
[2023.08.15-15.55.01:808][  0]LogModuleManager: Shutting down and abandoning module SlateReflector (264)
[2023.08.15-15.55.01:813][  0]LogModuleManager: Shutting down and abandoning module Slate (262)
[2023.08.15-15.55.01:813][  0]LogModuleManager: Shutting down and abandoning module SlateCore (260)
[2023.08.15-15.55.01:814][  0]LogModuleManager: Shutting down and abandoning module LandscapeEditorUtilities (258)
[2023.08.15-15.55.01:814][  0]LogModuleManager: Shutting down and abandoning module UnrealEd (256)
[2023.08.15-15.55.01:814][  0]LogModuleManager: Shutting down and abandoning module MRMesh (254)
[2023.08.15-15.55.01:814][  0]LogModuleManager: Shutting down and abandoning module SourceCodeAccess (252)
[2023.08.15-15.55.01:814][  0]LogModuleManager: Shutting down and abandoning module HeadMountedDisplay (250)
[2023.08.15-15.55.01:814][  0]LogModuleManager: Shutting down and abandoning module XAudio2 (248)
[2023.08.15-15.55.01:814][  0]LogModuleManager: Shutting down and abandoning module Networking (246)
[2023.08.15-15.55.01:814][  0]LogModuleManager: Shutting down and abandoning module Core (244)
[2023.08.15-15.55.01:815][  0]LogModuleManager: Shutting down and abandoning module MaterialEditor (242)
[2023.08.15-15.55.01:815][  0]LogModuleManager: Shutting down and abandoning module Settings (241)
[2023.08.15-15.55.01:815][  0]LogModuleManager: Shutting down and abandoning module MovieSceneTools (238)
[2023.08.15-15.55.01:817][  0]LogModuleManager: Shutting down and abandoning module CurveEditor (237)
[2023.08.15-15.55.01:818][  0]LogModuleManager: Shutting down and abandoning module Sequencer (235)
[2023.08.15-15.55.01:820][  0]LogModuleManager: Shutting down and abandoning module EditorStyle (234)
[2023.08.15-15.55.01:821][  0]LogModuleManager: Shutting down and abandoning module KismetCompiler (230)
[2023.08.15-15.55.01:821][  0]LogModuleManager: Shutting down and abandoning module MeshBuilder (228)
[2023.08.15-15.55.01:821][  0]LogModuleManager: Shutting down and abandoning module MeshUtilities (226)
[2023.08.15-15.55.01:822][  0]LogModuleManager: Shutting down and abandoning module MeshMergeUtilities (225)
[2023.08.15-15.55.01:822][  0]LogModuleManager: Shutting down and abandoning module MeshReductionInterface (224)
[2023.08.15-15.55.01:822][  0]LogModuleManager: Shutting down and abandoning module MeshBoneReduction (223)
[2023.08.15-15.55.01:823][  0]LogModuleManager: Shutting down and abandoning module SkeletalMeshReduction (221)
[2023.08.15-15.55.01:823][  0]LogModuleManager: Shutting down and abandoning module ProxyLODMeshReduction (219)
[2023.08.15-15.55.01:824][  0]LogModuleManager: Shutting down and abandoning module QuadricMeshReduction (217)
[2023.08.15-15.55.01:824][  0]LogModuleManager: Shutting down and abandoning module MaterialBaking (213)
[2023.08.15-15.55.01:825][  0]LogModuleManager: Shutting down and abandoning module DirectoryWatcher (209)
[2023.08.15-15.55.01:825][  0]LogModuleManager: Shutting down and abandoning module NullInstallBundleManager (206)
[2023.08.15-15.55.01:825][  0]LogModuleManager: Shutting down and abandoning module DerivedDataCache (204)
[2023.08.15-15.55.01:825][  0]LogModuleManager: Shutting down and abandoning module TargetPlatform (202)
[2023.08.15-15.55.01:825][  0]LogModuleManager: Shutting down and abandoning module VulkanShaderFormat (201)
[2023.08.15-15.55.01:828][  0]LogModuleManager: Shutting down and abandoning module ShaderFormatVectorVM (199)
[2023.08.15-15.55.01:828][  0]LogModuleManager: Shutting down and abandoning module ShaderFormatOpenGL (197)
[2023.08.15-15.55.01:829][  0]LogModuleManager: Shutting down and abandoning module ShaderFormatD3D (195)
[2023.08.15-15.55.01:829][  0]LogModuleManager: Shutting down and abandoning module MetalShaderFormat (193)
[2023.08.15-15.55.01:830][  0]LogModuleManager: Shutting down and abandoning module TextureFormatOodle (191)
[2023.08.15-15.55.01:830][  0]LogModuleManager: Shutting down and abandoning module TextureFormatUncompressed (189)
[2023.08.15-15.55.01:830][  0]LogModuleManager: Shutting down and abandoning module TextureFormatPVR (187)
[2023.08.15-15.55.01:830][  0]LogModuleManager: Shutting down and abandoning module TextureFormatETC2 (185)
[2023.08.15-15.55.01:830][  0]LogModuleManager: Shutting down and abandoning module TextureFormatDXT (183)
[2023.08.15-15.55.01:830][  0]LogModuleManager: Shutting down and abandoning module TextureFormatIntelISPCTexComp (181)
[2023.08.15-15.55.01:831][  0]LogModuleManager: Shutting down and abandoning module TextureFormatASTC (179)
[2023.08.15-15.55.01:831][  0]LogModuleManager: Shutting down and abandoning module ImageWrapper (178)
[2023.08.15-15.55.01:831][  0]LogModuleManager: Shutting down and abandoning module AudioFormatOpus (175)
[2023.08.15-15.55.01:831][  0]LogModuleManager: Shutting down and abandoning module AudioFormatOgg (173)
[2023.08.15-15.55.01:831][  0]LogModuleManager: Shutting down and abandoning module AudioFormatADPCM (171)
[2023.08.15-15.55.01:831][  0]LogModuleManager: Shutting down and abandoning module WindowsServerTargetPlatform (169)
[2023.08.15-15.55.01:831][  0]LogModuleManager: Shutting down and abandoning module WindowsClientTargetPlatform (167)
[2023.08.15-15.55.01:831][  0]LogModuleManager: Shutting down and abandoning module WindowsTargetPlatform (165)
[2023.08.15-15.55.01:831][  0]LogModuleManager: Shutting down and abandoning module WindowsNoEditorTargetPlatform (163)
[2023.08.15-15.55.01:831][  0]LogModuleManager: Shutting down and abandoning module TVOSTargetPlatform (161)
[2023.08.15-15.55.01:832][  0]LogModuleManager: Shutting down and abandoning module MacServerTargetPlatform (159)
[2023.08.15-15.55.01:832][  0]LogModuleManager: Shutting down and abandoning module MacClientTargetPlatform (157)
[2023.08.15-15.55.01:832][  0]LogModuleManager: Shutting down and abandoning module MacTargetPlatform (155)
[2023.08.15-15.55.01:832][  0]LogModuleManager: Shutting down and abandoning module MacNoEditorTargetPlatform (153)
[2023.08.15-15.55.01:832][  0]LogModuleManager: Shutting down and abandoning module LuminTargetPlatform (151)
[2023.08.15-15.55.01:834][  0]LogModuleManager: Shutting down and abandoning module LinuxAArch64ServerTargetPlatform (149)
[2023.08.15-15.55.01:834][  0]LogModuleManager: Shutting down and abandoning module LinuxAArch64ClientTargetPlatform (147)
[2023.08.15-15.55.01:834][  0]LogModuleManager: Shutting down and abandoning module LinuxAArch64NoEditorTargetPlatform (145)
[2023.08.15-15.55.01:834][  0]LogModuleManager: Shutting down and abandoning module LinuxServerTargetPlatform (143)
[2023.08.15-15.55.01:834][  0]LogModuleManager: Shutting down and abandoning module LinuxClientTargetPlatform (141)
[2023.08.15-15.55.01:834][  0]LogModuleManager: Shutting down and abandoning module LinuxNoEditorTargetPlatform (139)
[2023.08.15-15.55.01:834][  0]LogModuleManager: Shutting down and abandoning module LinuxTargetPlatform (137)
[2023.08.15-15.55.01:834][  0]LogModuleManager: Shutting down and abandoning module Messaging (135)
[2023.08.15-15.55.01:834][  0]LogModuleManager: Shutting down and abandoning module IOSTargetPlatform (133)
[2023.08.15-15.55.01:835][  0]LogModuleManager: Shutting down and abandoning module AndroidTargetPlatform (131)
[2023.08.15-15.55.01:838][  0]LogModuleManager: Shutting down and abandoning module AllDesktopTargetPlatform (129)
[2023.08.15-15.55.01:838][  0]LogModuleManager: Shutting down and abandoning module NullDrv (126)
[2023.08.15-15.55.01:838][  0]LogModuleManager: Shutting down and abandoning module PhysXCooking (124)
[2023.08.15-15.55.01:838][  0]LogModuleManager: Shutting down and abandoning module Chaos (122)
[2023.08.15-15.55.01:839][  0]LogModuleManager: Shutting down and abandoning module WindowsPlatformFeatures (120)
[2023.08.15-15.55.01:839][  0]LogModuleManager: Shutting down and abandoning module GameplayMediaEncoder (119)
[2023.08.15-15.55.01:839][  0]LogModuleManager: Shutting down and abandoning module AVEncoder (118)
[2023.08.15-15.55.01:840][  0]LogModuleManager: Shutting down and abandoning module ExampleDeviceProfileSelector (114)
[2023.08.15-15.55.01:840][  0]LogModuleManager: Shutting down and abandoning module SteamVRInputDevice (112)
[2023.08.15-15.55.01:840][  0]LogModuleManager: Shutting down and abandoning module SteamVRInput (110)
[2023.08.15-15.55.01:840][  0]LogModuleManager: Shutting down and abandoning module SteamVR (108)
[2023.08.15-15.55.01:840][  0]LogHMD: Freeing OpenVRDLLHandle.
[2023.08.15-15.55.01:840][  0]LogModuleManager: Shutting down and abandoning module OculusHMD (106)
[2023.08.15-15.55.01:840][  0]LogModuleManager: Shutting down and abandoning module OpenXRHandTracking (104)
[2023.08.15-15.55.01:840][  0]LogModuleManager: Shutting down and abandoning module OpenXREyeTracker (102)
[2023.08.15-15.55.01:840][  0]LogModuleManager: Shutting down and abandoning module OpenXRAR (100)
[2023.08.15-15.55.01:840][  0]LogModuleManager: Shutting down and abandoning module AugmentedReality (99)
[2023.08.15-15.55.01:840][  0]LogModuleManager: Shutting down and abandoning module OpenXRHMD (96)
[2023.08.15-15.55.01:842][  0]LogModuleManager: Shutting down and abandoning module ChunkDownloader (94)
[2023.08.15-15.55.01:842][  0]LogModuleManager: Shutting down and abandoning module LauncherChunkInstaller (92)
[2023.08.15-15.55.01:842][  0]LogModuleManager: Shutting down and abandoning module OnlineBlueprintSupport (90)
[2023.08.15-15.55.01:842][  0]LogModuleManager: Shutting down and abandoning module OnlineSubsystem (86)
[2023.08.15-15.55.01:843][  0]LogModuleManager: Shutting down and abandoning module XMPP (81)
[2023.08.15-15.55.01:845][  0]LogModuleManager: Shutting down and abandoning module WebSockets (80)
[2023.08.15-15.55.01:856][  0]LogModuleManager: Shutting down and abandoning module HTTP (77)
[2023.08.15-15.55.01:856][  0]LogHttp: Display: cleaning up 0 outstanding Http requests.
[2023.08.15-15.55.01:875][  0]LogModuleManager: Shutting down and abandoning module SSL (76)
[2023.08.15-15.55.01:875][  0]LogModuleManager: Shutting down and abandoning module WmfMedia (72)
[2023.08.15-15.55.01:878][  0]LogModuleManager: Shutting down and abandoning module Media (71)
[2023.08.15-15.55.01:879][  0]LogModuleManager: Shutting down and abandoning module MediaInfo (70)
[2023.08.15-15.55.01:879][  0]LogModuleManager: Shutting down and abandoning module ExrReaderGpu (66)
[2023.08.15-15.55.01:879][  0]LogModuleManager: Shutting down and abandoning module MLSDK (64)
[2023.08.15-15.55.01:879][  0]LogModuleManager: Shutting down and abandoning module MagicLeap (62)
[2023.08.15-15.55.01:880][  0]LogModuleManager: Shutting down and abandoning module ChaosCloth (60)
[2023.08.15-15.55.01:880][  0]LogModuleManager: Shutting down and abandoning module NiagaraVertexFactories (58)
[2023.08.15-15.55.01:880][  0]LogModuleManager: Shutting down and abandoning module NiagaraShader (56)
[2023.08.15-15.55.01:880][  0]LogModuleManager: Shutting down and abandoning module VariantManagerContent (54)
[2023.08.15-15.55.01:880][  0]LogModuleManager: Shutting down and abandoning module DatasmithContent (52)
[2023.08.15-15.55.01:881][  0]LogModuleManager: Shutting down and abandoning module PixWinPlugin (50)
[2023.08.15-15.55.01:881][  0]LogModuleManager: Shutting down and abandoning module AISupportModule (48)
[2023.08.15-15.55.01:881][  0]LogModuleManager: Shutting down and abandoning module PythonScriptPluginPreload (46)
[2023.08.15-15.55.01:881][  0]LogModuleManager: Shutting down and abandoning module PlatformCryptoOpenSSL (44)
[2023.08.15-15.55.01:881][  0]LogModuleManager: Shutting down and abandoning module PlatformCryptoTypes (42)
[2023.08.15-15.55.01:881][  0]LogModuleManager: Shutting down and abandoning module PlatformCrypto (40)
[2023.08.15-15.55.01:881][  0]LogModuleManager: Shutting down and abandoning module OodleDataCompressionFormat (38)
[2023.08.15-15.55.01:882][  0]LogModuleManager: Shutting down and abandoning module XGEController (36)
[2023.08.15-15.55.01:882][  0]LogXGEController: Cannot use XGE Controller as Incredibuild is not installed on this machine.
[2023.08.15-15.55.01:882][  0]LogModuleManager: Shutting down and abandoning module AnimationModifiers (34)
[2023.08.15-15.55.01:883][  0]LogModuleManager: Shutting down and abandoning module AudioEditor (32)
[2023.08.15-15.55.01:884][  0]LogModuleManager: Shutting down and abandoning module PropertyEditor (31)
[2023.08.15-15.55.01:885][  0]LogModuleManager: Shutting down and abandoning module TextureCompressor (28)
[2023.08.15-15.55.01:885][  0]LogModuleManager: Shutting down and abandoning module RenderCore (26)
[2023.08.15-15.55.01:885][  0]LogModuleManager: Shutting down and abandoning module Landscape (24)
[2023.08.15-15.55.01:885][  0]LogModuleManager: Shutting down and abandoning module SlateRHIRenderer (22)
[2023.08.15-15.55.01:885][  0]LogModuleManager: Shutting down and abandoning module AnimGraphRuntime (20)
[2023.08.15-15.55.01:887][  0]LogModuleManager: Shutting down and abandoning module Renderer (18)
[2023.08.15-15.55.01:887][  0]LogModuleManager: Shutting down and abandoning module Engine (16)
[2023.08.15-15.55.01:887][  0]LogModuleManager: Shutting down and abandoning module CoreUObject (14)
[2023.08.15-15.55.01:887][  0]LogModuleManager: Shutting down and abandoning module NetworkFile (12)
[2023.08.15-15.55.01:888][  0]LogModuleManager: Shutting down and abandoning module CookedIterativeFile (10)
[2023.08.15-15.55.01:888][  0]LogModuleManager: Shutting down and abandoning module StreamingFile (8)
[2023.08.15-15.55.01:888][  0]LogModuleManager: Shutting down and abandoning module SandboxFile (6)
[2023.08.15-15.55.01:888][  0]LogModuleManager: Shutting down and abandoning module PakFile (4)
[2023.08.15-15.55.01:888][  0]LogModuleManager: Shutting down and abandoning module RSA (3)
[2023.08.15-15.55.02:385][  0]LogContentStreaming: Display: There are 1 unreleased StreamingManagers
[2023.08.15-15.55.02:403][  0]LogExit: Exiting.
[2023.08.15-15.55.02:427][  0]Log file closed, 08/15/23 17:55:02
